G4LEVELGAMMADATA=/cvmfs/alice.cern.ch/el6-x86_64/Packages/GEANT4/v10.4.2-11/share/Geant4-10.4.2/data/PhotonEvaporation5.2
_CONDOR_JOB_PIDS=
RTEPUBLISHER_PATH=/var/info
MANPATH=:/opt/puppetlabs/puppet/share/man
JALIEN_TOKEN_KEY=-----BEGIN RSA PRIVATE KEY-----
MIIEpQIBAAKCAQEAn4LGWhy7ihKIl3spJhwn66bzA4ygFmc3qcswnGARL2NXRUEq
NzcAOtPYt4t8u5b8doFS5iPiUg/ZcAs9QYfVdXCNpgcSHj0vt0dxyq6+q33jw8Qh
XyDprCNXuzmY2SwXFJByMcppGJebl0PChML8RRxF/MrSD1IyqkaVgOfjNT5OSa7+
lVtGFyInDRIUQm7vOV7QFoldI0WEdCRbFHvnciUMmwyi9bt+loSUj32R40h7v+v4
L+nwC6s+N68xVCJAFMgJEPEbO5Hkd+ZXtIaO2avOsowJwCM1xlaQ1Bk28WFHyqen
iFz0+lVa0AsxjZRyl7cHcP+PsQWmnHpLb5KjsQIDAQABAoIBAQCBBrOTqLI6mYtL
nSBH53aTM9RXBqVn+c4Y1ndXxo2gG2c4aeHQD/lrnHks3vPiedt1sF5yMoybfJ6R
90VxgIK2IHkz13xcYXn7cxskq/0nkwluDXRBEspxp5ULqSduZC+3PrBgfi5M6jW9
Qd5SrbaJ4LjsJtOL+R1qhvXf87LiGVymlHDq5EAIDcThaP/pv3p2jwI+VrbSI++H
hIxvDD8ZQL0CBhInbaDbzlGKAZ0QdtWf5Vdfs4Nz00tUNEEBsUtKlomNG39ni2Y9
OtsMAZ5EgZucFPda/LAm2H4q01+r7BVLjIx77te/GKu0us55klkwHjDS7aJ0ELie
J82a2QbBAoGBAO6DQUTdXabpTWSPG6010EgFS4LpVI+noQJmLeIsd8FyOVng58vv
gagYkwz4P1IRZiMjFTpk5lMw5G+xqDAdbThdv+dzSjrHVXmLKeDPwVZbR+BQZUph
WGXpanqPyYuSd9riSULR8tVDOD9gNGx/VHgxquyUEwWItqrPO74yUU0dAoGBAKs0
s1gY0W5ddONVd18iuHpmHfXSR4ixdswisFqjtc9lqS5RvknVahutIyqPwKOs7rLT
h0vv7t76TpXt0PiR44AnNmS0DcXNVDTzpWsskPCHqa6co3njtUJQlell7v+JHooi
mUUDFaK1qbeGmc+jo4pt0MKtpRnc9ZWG5F1cSLClAoGBAK/+7F+LVPq/9pq4Orzy
E5HBTnn4AKzMDbP+f+b/1xJIXedjXMeQIMVP9NpCKD8/lXViAt0G7Sn/zuBYYHm4
jQplqyB3YxPCWOEJ/knkI468ZmowCL383MS+mxJ7HUY/Ou+pwFNtJlmVc2DYdXaF
8meKhsxxayPPQLMDndr3uCRFAoGBAIFfzbbg6kIwNUglKZOmtSkpSbKdOJk/IbqY
7BNSau1SsUnjU5yPvSM07sIW50fIQoi3+CGWKjgthn0dvTBZbkVFXIE03sN+qgdp
prMadlyM59ifXZmaTTrTkrVQ5g4MHBvekVvpPMw74whgmpKh4c+VtI+okH6+zoYz
7RXvyq5RAoGAM5uMlECrtx4BNsKtLJ3rdY3hxulRK5Ud1sQJBbid+le0xqTRDQG0
D7kQqq83rlYciYCDy27l3sZQT3d2tJoZxf/i/2xc3ECYTC4gh34i6xq7cF8zACsX
x1l4A81mNDhbqYdwP/5aLz3XcKezovaN9kxQvggZBQFL83U9tsxX4eg=
-----END RSA PRIVATE KEY-----

ALIEN_XRDCP_SIGNED_ENVELOPE=turl=root://alice-disk-se.gridka.de:1094//12/36732/c9f780a0-99bf-11ea-8e0b-f3256940e392\&access=write\&lfn=/alice/sim/2020/LHC20e2b_inelastic_up/270861/056/QA_archive.zip\&size=14700695\&se=ALICE::FZK::SE\&guid=c9f780a0-99bf-11ea-8e0b-f3256940e392\&md5=a9c84114c03a275cf757307e616b792f\&user=aliprod\&issuer=Authen.1\&issued=1589885959\&expires=1589972359\&hashord=turl-access-lfn-size-se-guid-md5-user-issuer-issued-expires-hashord\&hashord=turl-access-lfn-size-se-guid-md5-user-issuer-issued-expires-hashord\&signature=XKqOXX94Jl+ODfvA+EfBKyET7inJt911ayiZRKzfKcAXRqB4v9wI87Vo4ZuaJC4wc+vRrdmEwS/pxcP/x93xxbDdEVUl47/mf2karq8F1YZT46QrWe4XPWvS37nFhbysGV+M8cHwPjY9BrW8XNtskwUY1c8+JqA92WdB5t0ztFA=
XDG_SESSION_ID=c5075252
G4VMCINSTALL=/cvmfs/alice.cern.ch/el6-x86_64/Packages/GEANT4_VMC/v3-6-p6-2
HOSTNAME=wn-infn-3-10-20-a.recas.ba.infn.it
IFS= 	

ALIEN_VERSION=v2-19-395
ALIEN_DOMAIN=recas.ba.infn.it
ALIEN_MASTERJOBID=1878886461
ALIEN_VOs=ALICE#vobox-alice.ba.infn.it:8084#1879116806#C^jdQjFCphkmGJO}c^VGjI!Z9pykzp5A  
SSL_CERT_FILE=/cvmfs/alice.cern.ch/el6-x86_64/Packages/Python-modules/1.0-52/share/python-modules/lib/python/site-packages/certifi/cacert.pem
CREAM_PID_FILE=/var/run/tomcat.pid
GAPI_LOCATION=/cvmfs/alice.cern.ch/x86_64-2.6-gnu-4.1.2/Packages/AliEn/v2-19-395/api
FREETYPE_ROOT=/cvmfs/alice.cern.ch/el6-x86_64/Packages/FreeType/v2.6-64
G4INSTALL_DATA=/cvmfs/alice.cern.ch/el6-x86_64/Packages/GEANT4/v10.4.2-11/share/
ROOT_INCLUDE_PATH=/cvmfs/alice.cern.ch/el6-x86_64/Packages/AliPhysics/vAN-20200311_JALIEN-1/include:/cvmfs/alice.cern.ch/el6-x86_64/Packages/KFParticle/alice-v1.1-1-29/include:/cvmfs/alice.cern.ch/el6-x86_64/Packages/treelite/a7a0839-5/runtime/native/include:/cvmfs/alice.cern.ch/el6-x86_64/Packages/treelite/a7a0839-5/include:/cvmfs/alice.cern.ch/el6-x86_64/Packages/RooUnfold/V02-00-01-alice4-39/include:/cvmfs/alice.cern.ch/el6-x86_64/Packages/AliRoot/v5-09-53_JALIEN-19/include/Pythia8:/cvmfs/alice.cern.ch/el6-x86_64/Packages/AliRoot/v5-09-53_JALIEN-19/include:/cvmfs/alice.cern.ch/el6-x86_64/Packages/JAliEn-ROOT/0.5.4-2/include:/cvmfs/alice.cern.ch/el6-x86_64/Packages/Vc/1.4.1-7/include:/cvmfs/alice.cern.ch/el6-x86_64/Packages/GEANT4_VMC/v3-6-p6-2/include/g4root:/cvmfs/alice.cern.ch/el6-x86_64/Packages/GEANT4_VMC/v3-6-p6-2/include/geant4vmc:/cvmfs/alice.cern.ch/el6-x86_64/Packages/GEANT4_VMC/v3-6-p6-2/include/mtroot:/cvmfs/alice.cern.ch/el6-x86_64/Packages/GEANT4/v10.4.2-11/include:/cvmfs/alice.cern.ch/el6-x86_64/Packages/GEANT4/v10.4.2-11/include/Geant4:/cvmfs/alice.cern.ch/el6-x86_64/Packages/GEANT3/v2-7-61/include/TGeant3:/cvmfs/alice.cern.ch/el6-x86_64/Packages/fastjet/v3.2.1_1.024-alice3-52/include:/cvmfs/alice.cern.ch/el6-x86_64/Packages/boost/v1.70.0-22/include
ALIEN_ORGANISATION=ALICE
TERM=vanilla
SHELL=/bin/bash
G4INSTALL=/cvmfs/alice.cern.ch/el6-x86_64/Packages/GEANT4/v10.4.2-11
WISECONFIGDIR=/usr/share/wise2/
HISTSIZE=1000
CATALINA_HOME=/usr/share/tomcat
HTTPS_CA_FILE=/home/condor/dir_115202/ALICE__Bari__CREAM_1589773803_12212718792457
GEANT3DIR=/cvmfs/alice.cern.ch/el6-x86_64/Packages/GEANT3/v2-7-61
BLAHPD_CONFIG_LOCATION=/etc/blah.config
TMPDIR=/home/condor/dir_115202
ALICE_TARGET=linuxx8664gcc
ALIEN_ROOT=/cvmfs/alice.cern.ch/x86_64-2.6-gnu-4.1.2/Packages/AliEn/v2-19-395
GLOBUS_LOCATION=/cvmfs/alice.cern.ch/x86_64-2.6-gnu-4.1.2/Packages/AliEn/v2-19-395/globus
ROOT_PLUGIN_PATH=/cvmfs/alice.cern.ch/el6-x86_64/Packages/JAliEn-ROOT/0.5.4-2/etc/plugins
CONDA_SHLVL=0
GEANT4_VMC_ROOT=/cvmfs/alice.cern.ch/el6-x86_64/Packages/GEANT4_VMC/v3-6-p6-2
__delegationProxyCertSandboxPath=gsiftp://ce-02.recas.ba.infn.it/var/cream_sandbox/sgmalice/CN_Antonio_Franco_CN_540076_CN_fap_OU_Users_OU_Organic_Units_DC_cern_DC_ch_alice_Role_lcgadmin_Capability_NULL_sgmalice015/proxy/ALICE__Bari__CREAM_1589773803_12212718792457
ROOT_RELEASE=v6-18-04-alice1-8
LCAS_LOG_LEVEL=1
_CONDOR_SCRATCH_DIR=/home/condor/dir_115202
HTTPS_KEY_FILE=/home/condor/dir_115202/ALICE__Bari__CREAM_1589773803_12212718792457
GLITE_WMS_LOCATION=/usr
X509_CERT_DIR=/cvmfs/alice.cern.ch/el6-x86_64/Packages/AliEn-Runtime/v2-19-le-71/globus/share/certificates
MODULES_USE_COMPAT_VERSION=1
ALIEN_HOME=/home/condor/dir_115202/CREAM065981130/.alien
G4NEUTRONXSDATA=/cvmfs/alice.cern.ch/el6-x86_64/Packages/GEANT4/v10.4.2-11/share/Geant4-10.4.2/data/G4NEUTRONXS1.4
HTTPS_CA_DIR=/cvmfs/alice.cern.ch/x86_64-2.6-gnu-4.1.2/Packages/AliEn/v2-19-395/globus/share/certificates
GRIDMAPDIR=/etc/grid-security/gridmapdir
QT_GRAPHICSSYSTEM_CHECKED=1
G4LEDATA=/cvmfs/alice.cern.ch/el6-x86_64/Packages/GEANT4/v10.4.2-11/share/Geant4-10.4.2/data/G4EMLOW7.3
_CHIRP_DELAYED_UPDATE_PREFIX=Chirp
USER=sgmalice015
LIBXML2_ROOT=/cvmfs/alice.cern.ch/el6-x86_64/Packages/libxml2/v2.9.3_JALIEN-6
ROOUNFOLD_VERSION=V02-00-01-alice4
TEMP=/home/condor/dir_115202
LD_LIBRARY_PATH=/home/condor/dir_115202/CREAM065981130/alien-job-1879116806/lib:/cvmfs/alice.cern.ch/el6-x86_64/Packages/AliPhysics/vAN-20200311_JALIEN-1/lib:/cvmfs/alice.cern.ch/el6-x86_64/Packages/KFParticle/alice-v1.1-1-29/lib:/cvmfs/alice.cern.ch/el6-x86_64/Packages/treelite/a7a0839-5/lib:/cvmfs/alice.cern.ch/el6-x86_64/Packages/RooUnfold/V02-00-01-alice4-39/lib:/cvmfs/alice.cern.ch/el6-x86_64/Packages/AliRoot/v5-09-53_JALIEN-19/lib:/cvmfs/alice.cern.ch/el6-x86_64/Packages/JAliEn-ROOT/0.5.4-2/lib:/cvmfs/alice.cern.ch/el6-x86_64/Packages/Vc/1.4.1-7/lib:/cvmfs/alice.cern.ch/el6-x86_64/Packages/GEANT4_VMC/v3-6-p6-2/lib:/cvmfs/alice.cern.ch/el6-x86_64/Packages/vgm/v4-4-71/lib:/cvmfs/alice.cern.ch/el6-x86_64/Packages/GEANT4/v10.4.2-11/lib:/cvmfs/alice.cern.ch/el6-x86_64/Packages/GEANT3/v2-7-61/lib64:/cvmfs/alice.cern.ch/el6-x86_64/Packages/fastjet/v3.2.1_1.024-alice3-52/lib:/cvmfs/alice.cern.ch/el6-x86_64/Packages/cgal/4.6.3-19/lib:/cvmfs/alice.cern.ch/el6-x86_64/Packages/boost/v1.70.0-22/lib:/cvmfs/alice.cern.ch/el6-x86_64/Packages/DPMJET/v3.0.5-alice4-13/lib:/cvmfs/alice.cern.ch/el6-x86_64/Packages/ROOT/v6-18-04-alice1-8/lib:/cvmfs/alice.cern.ch/el6-x86_64/Packages/lzma/v5.2.3-12/lib:/cvmfs/alice.cern.ch/el6-x86_64/Packages/GSL/v1.16-36/lib:/cvmfs/alice.cern.ch/el6-x86_64/Packages/Python-modules/1.0-52/share/python-modules/lib:/cvmfs/alice.cern.ch/el6-x86_64/Packages/Python/v3.6.10-12/lib:/cvmfs/alice.cern.ch/el6-x86_64/Packages/FreeType/v2.6-64/lib:/cvmfs/alice.cern.ch/el6-x86_64/Packages/libffi/v3.2.1-5/lib64:/cvmfs/alice.cern.ch/el6-x86_64/Packages/libpng/v1.6.34-34/lib:/cvmfs/alice.cern.ch/el6-x86_64/Packages/XRootD/v4.11.1-11/lib:/cvmfs/alice.cern.ch/el6-x86_64/Packages/libxml2/v2.9.3_JALIEN-6/lib:/cvmfs/alice.cern.ch/el6-x86_64/Packages/OpenSSL/v1.0.2o_JALIEN-5/lib:/cvmfs/alice.cern.ch/el6-x86_64/Packages/zlib/v1.2.8-32/lib:/cvmfs/alice.cern.ch/el6-x86_64/Packages/AliEn-Runtime/v2-19-le-71/lib:/cvmfs/alice.cern.ch/el7-x86_64/Packages/GCC-Toolchain/v7.3.0-alice1-9/lib64:/cvmfs/alice.cern.ch/el7-x86_64/Packages/GCC-Toolchain/v7.3.0-alice1-9/lib:/cvmfs/alice.cern.ch/x86_64-2.6-gnu-4.1.2/Packages/AliEn/v2-19-395/lib:/cvmfs/alice.cern.ch/x86_64-2.6-gnu-4.1.2/Packages/AliEn/v2-19-395/lib:/cvmfs/alice.cern.ch/x86_64-2.6-gnu-4.1.2/Packages/AliEn/v2-19-395/api/lib:/cvmfs/alice.cern.ch/x86_64-2.6-gnu-4.1.2/Packages/AliEn/v2-19-395/globus/lib:/cvmfs/alice.cern.ch/x86_64-2.6-gnu-4.1.2/Packages/AliEn/v2-19-395/httpd/lib:/cvmfs/alice.cern.ch/x86_64-2.6-gnu-4.1.2/Packages/AliEn/v2-19-395/x86_64-unknown-linux-gnu/4.1.2/lib:/cvmfs/alice.cern.ch/x86_64-2.6-gnu-4.1.2/Packages/AliEn/v2-19-395/api/lib:/cvmfs/alice.cern.ch/x86_64-2.6-gnu-4.1.2/Packages/AliEn/v2-19-395/x86_64-unknown-linux-gnu/4.1.2
ALIEN_PROMPT=alien
GRID_JOBID=N/A
SUDO_USER=tomcat
GCLIENT_NOGSI=1
ALIEN_CM_AS_LDAP_PROXY=wn-infn-3-10-20-a.recas.ba.infn.it:8107/JobAgent
SUDO_UID=53
BATCH_SYSTEM=HTCondor
GCC_TOOLCHAIN_ROOT=/cvmfs/alice.cern.ch/el7-x86_64/Packages/GCC-Toolchain/v7.3.0-alice1-9
GCLIENT_COMMAND_MAXWAIT=1800
ROOT_BASEDIR=/cvmfs/alice.cern.ch/el6-x86_64/Packages/ROOT
ALIEN_LOG=AliEn.JobAgent.26773.77035
LCMAPS_LOG_LEVEL=1
_CONDOR_CHIRP_CONFIG=/home/condor/dir_115202/.chirp.config
G4NEUTRONHPDATA=/cvmfs/alice.cern.ch/el6-x86_64/Packages/GEANT4/v10.4.2-11/share/Geant4-10.4.2/data/G4NDL4.5
ALICE_ROOT=/cvmfs/alice.cern.ch/el6-x86_64/Packages/AliRoot/v5-09-53_JALIEN-19
USERNAME=sgmalice015
ALIEN_CA=/var/log/AliEn/CA
ALICE=/cvmfs/alice.cern.ch/el6-x86_64/Packages/AliRoot
G4ENSDFSTATEDATA=/cvmfs/alice.cern.ch/el6-x86_64/Packages/GEANT4/v10.4.2-11/share/Geant4-10.4.2/data/G4ENSDFSTATE2.2
G4RADIOACTIVEDATA=/cvmfs/alice.cern.ch/el6-x86_64/Packages/GEANT4/v10.4.2-11/share/Geant4-10.4.2/data/RadioactiveDecay5.2
DPMJET_ROOT=/cvmfs/alice.cern.ch/el6-x86_64/Packages/DPMJET/v3.0.5-alice4-13
GLITE_WMS_JOBID=N/A
_CONDOR_ANCESTOR_115202=115208:1589800899:551099347
ALIEN_JOB_TOKEN=C^jdQjFCphkmGJO}c^VGjI!Z9pykzp5A
GCLIENT_COMMAND_RETRY=50
LZMA_ROOT=/cvmfs/alice.cern.ch/el6-x86_64/Packages/lzma/v5.2.3-12
ALICE_TARGET_EXT=linuxx8664gcc
VC_ROOT=/cvmfs/alice.cern.ch/el6-x86_64/Packages/Vc/1.4.1-7
ALIEN_DEBUG=-d:Trace
MAIL=/var/spool/mail/sgmalice015
PATH=/cvmfs/alice.cern.ch/el6-x86_64/Packages/AliPhysics/vAN-20200311_JALIEN-1/bin:/cvmfs/alice.cern.ch/el6-x86_64/Packages/treelite/a7a0839-5/bin:/cvmfs/alice.cern.ch/el6-x86_64/Packages/RooUnfold/V02-00-01-alice4-39/bin:/cvmfs/alice.cern.ch/el6-x86_64/Packages/AliRoot/v5-09-53_JALIEN-19/bin:/cvmfs/alice.cern.ch/el6-x86_64/Packages/JAliEn-ROOT/0.5.4-2/bin:/cvmfs/alice.cern.ch/el6-x86_64/Packages/xjalienfs/1.0.6-1/bin:/cvmfs/alice.cern.ch/el6-x86_64/Packages/Vc/1.4.1-7/bin:/cvmfs/alice.cern.ch/el6-x86_64/Packages/GEANT4_VMC/v3-6-p6-2/bin:/cvmfs/alice.cern.ch/el6-x86_64/Packages/GEANT4/v10.4.2-11/bin:/cvmfs/alice.cern.ch/el6-x86_64/Packages/GEANT3/v2-7-61/bin:/cvmfs/alice.cern.ch/el6-x86_64/Packages/fastjet/v3.2.1_1.024-alice3-52/bin:/cvmfs/alice.cern.ch/el6-x86_64/Packages/cgal/4.6.3-19/bin:/cvmfs/alice.cern.ch/el6-x86_64/Packages/DPMJET/v3.0.5-alice4-13/bin:/cvmfs/alice.cern.ch/el6-x86_64/Packages/ROOT/v6-18-04-alice1-8/bin:/cvmfs/alice.cern.ch/el6-x86_64/Packages/lzma/v5.2.3-12/bin:/cvmfs/alice.cern.ch/el6-x86_64/Packages/GSL/v1.16-36/bin:/cvmfs/alice.cern.ch/el6-x86_64/Packages/Python-modules/1.0-52/share/python-modules/bin:/cvmfs/alice.cern.ch/el6-x86_64/Packages/Python/v3.6.10-12/bin:/cvmfs/alice.cern.ch/el6-x86_64/Packages/FreeType/v2.6-64/bin:/cvmfs/alice.cern.ch/el6-x86_64/Packages/libpng/v1.6.34-34/bin:/cvmfs/alice.cern.ch/el6-x86_64/Packages/XRootD/v4.11.1-11/bin:/cvmfs/alice.cern.ch/el6-x86_64/Packages/libxml2/v2.9.3_JALIEN-6/bin:/cvmfs/alice.cern.ch/el6-x86_64/Packages/OpenSSL/v1.0.2o_JALIEN-5/bin:/cvmfs/alice.cern.ch/el6-x86_64/Packages/AliEn-Runtime/v2-19-le-71/bin:/cvmfs/alice.cern.ch/el7-x86_64/Packages/GCC-Toolchain/v7.3.0-alice1-9/bin:/cvmfs/alice.cern.ch/x86_64-2.6-gnu-4.1.2/Packages/AliEn/v2-19-395/bin:/cvmfs/alice.cern.ch/x86_64-2.6-gnu-4.1.2/Packages/AliEn/v2-19-395/x86_64-unknown-linux-gnu/4.1.2/bin:/cvmfs/alice.cern.ch/x86_64-2.6-gnu-4.1.2/Packages/AliEn/v2-19-395/bin:/cvmfs/alice.cern.ch/x86_64-2.6-gnu-4.1.2/Packages/AliEn/v2-19-395/api/bin:/cvmfs/alice.cern.ch/x86_64-2.6-gnu-4.1.2/Packages/AliEn/v2-19-395/globus/bin:/cvmfs/alice.cern.ch/x86_64-2.6-gnu-4.1.2/Packages/AliEn/v2-19-395/httpd/bin:/cvmfs/alice.cern.ch/x86_64-2.6-gnu-4.1.2/Packages/AliEn/v2-19-395/api/bin:/cvmfs/alice.cern.ch/x86_64-2.6-gnu-4.1.2/Packages/AliEn/v2-19-395/bin:/usr/condabin:/usr/local/bin:/sbin:/bin:/usr/sbin:/usr/bin:/opt/puppetlabs/bin:/usr/local/sbin:/home/sgmalice015/.local/bin:/home/sgmalice015/bin:/cvmfs/alice.cern.ch/bin:/cvmfs/alice.cern.ch/bin
LCMAPS_DEBUG_LEVEL=0
VGM_ROOT=/cvmfs/alice.cern.ch/el6-x86_64/Packages/vgm/v4-4-71
ROOUNFOLD_RELEASE=V02-00-01-alice4-39
GLITE_HOST_KEY=/var/lib/glite/.certs/hostkey.pem
ALIEN_PROC_ID=1879116806
GCLIENT_SERVER_RESELECT=4
GEANT4_ROOT=/cvmfs/alice.cern.ch/el6-x86_64/Packages/GEANT4/v10.4.2-11
PWD=/home/condor/dir_115202/CREAM065981130/alien-job-1879116806
GSL_ROOT=/cvmfs/alice.cern.ch/el6-x86_64/Packages/GSL/v1.16-36
JAVA_HOME=/usr/lib/jvm/java-1.8.0-openjdk-1.8.0.181-3.b13.el7_5.x86_64/jre/
_LMFILES_=/cvmfs/alice.cern.ch/x86_64-2.6-gnu-4.1.2/Modules/modulefiles/BASE/1.0:/cvmfs/alice.cern.ch/x86_64-2.6-gnu-4.1.2/Modules/modulefiles/AliEn/v2-19-395:/cvmfs/alice.cern.ch/el6-x86_64/Modules/modulefiles/BASE/1.0:/cvmfs/alice.cern.ch/etc/toolchain/modulefiles/el7-x86_64/Toolchain/GCC-v7.3.0:/cvmfs/alice.cern.ch/el6-x86_64/Modules/modulefiles/GCC-Toolchain/v7.3.0-alice1-7:/cvmfs/alice.cern.ch/el6-x86_64/Modules/modulefiles/AliEn-Runtime/v2-19-le-71:/cvmfs/alice.cern.ch/el6-x86_64/Modules/modulefiles/zlib/v1.2.8-32:/cvmfs/alice.cern.ch/el6-x86_64/Modules/modulefiles/OpenSSL/v1.0.2o_JALIEN-5:/cvmfs/alice.cern.ch/el6-x86_64/Modules/modulefiles/libxml2/v2.9.3_JALIEN-6:/cvmfs/alice.cern.ch/el6-x86_64/Modules/modulefiles/libpng/v1.6.34-34:/cvmfs/alice.cern.ch/el6-x86_64/Modules/modulefiles/libffi/v3.2.1-5:/cvmfs/alice.cern.ch/el6-x86_64/Modules/modulefiles/FreeType/v2.6-64:/cvmfs/alice.cern.ch/el6-x86_64/Modules/modulefiles/Python/v3.6.10-12:/cvmfs/alice.cern.ch/el6-x86_64/Modules/modulefiles/Python-modules/1.0-52:/cvmfs/alice.cern.ch/el6-x86_64/Modules/modulefiles/XRootD/v4.11.1-11:/cvmfs/alice.cern.ch/el6-x86_64/Modules/modulefiles/GSL/v1.16-36:/cvmfs/alice.cern.ch/el6-x86_64/Modules/modulefiles/lzma/v5.2.3-12:/cvmfs/alice.cern.ch/el6-x86_64/Modules/modulefiles/ROOT/v6-18-04-alice1-8:/cvmfs/alice.cern.ch/el6-x86_64/Modules/modulefiles/DPMJET/v3.0.5-alice4-13:/cvmfs/alice.cern.ch/el6-x86_64/Modules/modulefiles/boost/v1.70.0-22:/cvmfs/alice.cern.ch/el6-x86_64/Modules/modulefiles/cgal/4.6.3-19:/cvmfs/alice.cern.ch/el6-x86_64/Modules/modulefiles/fastjet/v3.2.1_1.024-alice3-52:/cvmfs/alice.cern.ch/el6-x86_64/Modules/modulefiles/GEANT3/v2-7-61:/cvmfs/alice.cern.ch/el6-x86_64/Modules/modulefiles/GEANT4/v10.4.2-11:/cvmfs/alice.cern.ch/el6-x86_64/Modules/modulefiles/vgm/v4-4-71:/cvmfs/alice.cern.ch/el6-x86_64/Modules/modulefiles/GEANT4_VMC/v3-6-p6-2:/cvmfs/alice.cern.ch/el6-x86_64/Modules/modulefiles/Vc/1.4.1-7:/cvmfs/alice.cern.ch/el6-x86_64/Modules/modulefiles/xjalienfs/1.0.6-1:/cvmfs/alice.cern.ch/el6-x86_64/Modules/modulefiles/JAliEn-ROOT/0.5.4-2:/cvmfs/alice.cern.ch/el6-x86_64/Modules/modulefiles/AliRoot/v5-09-53_JALIEN-19:/cvmfs/alice.cern.ch/el6-x86_64/Modules/modulefiles/RooUnfold/V02-00-01-alice4-39:/cvmfs/alice.cern.ch/el6-x86_64/Modules/modulefiles/treelite/a7a0839-5:/cvmfs/alice.cern.ch/el6-x86_64/Modules/modulefiles/KFParticle/alice-v1.1-1-29:/cvmfs/alice.cern.ch/el6-x86_64/Modules/modulefiles/AliPhysics/vAN-20200311_JALIEN-1:/cvmfs/alice.cern.ch/el6-x86_64/Modules/modulefiles/APISCONFIG/V1.1x
ALIEN_XRDCP_ENVELOPE=-----BEGIN SEALED CIPHER-----
cyWmKhEk20kG-NJrp8l0dXBNm8UextvDcuFXGLIkIyw2668kPp0B9dPW7UIZAVODhdVzUXWTJMkq
KHvz9sp2uFDDKmZvb5GQj++mD0g+Dfwp5MZbZlH4D0ncBDfHU6MCaZiP0kW0PcxvTUpfmVZI37AS
tMOsy4sh+Q+duVt51-8=
-----END SEALED CIPHER-----
-----BEGIN SEALED ENVELOPE-----
AAAAgFTxSnYwZWpQdoGrdWrKmjQB0DCiINv4DI-dsCIP871lvokWaRbKFq1NB0E58nPv7W9MYcj9
K3I8QddANAPkwxnkLdFpDMFcdx3mDPcLppXr6V+CrgiUzdV0QHHTrMRaLgm4lUgsohqmFT3Nwxan
Glmdr9nqJiQfAGWnCpQ5QRkNYW-MUzgPKFhF1ttTEkMffoTz1pGLEd60knQLkMpO+Dm+Z5hhLhV+
T8HyVonIIpTip33wsve9rXYgcB4TdNQ4e4NHdw1XhBJC1j9219dQKDXx2xC1YZb1ZLIUPpgfVvG5
0q99pHXBb+4aytkXnvs9B-f2rJF76yQDbZies3p7Pw03FnnF52L4ylA5uiamJU5jceb+tuNmV+Cs
fgTH6a6I5JQhfa-Oe2kklhnZtCcQ26O0AH9oEbiYTfG4gd3pvfWh9b0NWQ9JjSGC3cda8o5KLgqw
okiEC5GSU183exZnulWJCRuQhJOtiDaYrfBteECEDioF8LYo5RmYXTXMl0mNuxBVUPtMtFtH9xw8
IYpxlIO0xeRVFXjlear7w+97oQBKQaSrbKm-t7iK67FiAWUZ1Cbikhxnib0erQvNwTab+zUv2Biw
-Bjs8Q4pKFNi8qG+8q2JP-E+3qQj-VF4vLLZovsiX2Tg4e1Cw-t5UYBQ0+QZ28NvBgK0SHO6nVTB
TpMkvq2Jh5o1g7CZgY62fkvAbBMnsk5glylvOwNpjooj-nedAe4yORXUoN8o41-+2epSWljgW+FS
J0wLPU3VR-L2VSClormg2drwomqsgEskgMW94+kJCH0eE-49Cz89wv4HFXLF5jZOoekuQ+n7RLYP
nxfy6JV9EV2Vxy8-YbOXsj5+6qo4RUpoEIURNHebFjg-90dM5TvlfSyX0acrsdH97viNwFbhvZny
l5z9ZfTGFnuzQ2Tulj1AY2f9gYhO9StH11qeQGHJzksC-ayJLzDpXEOYiGQeV-CxwNjfYHRPM1yx
ZBmbMV7qJHGRQfWhD97OnUVqSHvTaqeUt2gAJ8jHdvNWiKvO7upValu7SfnFWdey5AN7qM9ePAvb
eoK-u-QMMtcnsXdVtUMU18tHsuX-bzE7HSLRrFaN7y7aOmf7vw5fWfHH5F+SPCNhjgHYxAo5
-----END SEALED ENVELOPE-----

ALIEN_HOSTNAME=wn-infn-3-10-20-a.recas.ba.infn.it
ALIEN_PACKAGES=VO_ALICE@AliPhysics::vAN-20200311_JALIEN-1
GCLIENT_SERVER_LIST=137.138.99.189:10000\|137.138.99.167:10000\|137.138.99.188:10000\|137.138.99.168:10000\|137.138.99.170:10000\|137.138.99.179:10000\|137.138.99.187:10000\|137.138.99.169:10000\|137.138.99.175:10000\|137.138.99.138:10000\|
LANG=en_US.UTF-8
_CONDOR_ANCESTOR_61145=115202:1589800899:433274859
MODULEPATH=/cvmfs/alice.cern.ch/etc/toolchain/modulefiles/el7-x86_64:/cvmfs/alice.cern.ch/x86_64-2.6-gnu-4.1.2/Modules/modulefiles:/cvmfs/alice.cern.ch/x86_64-2.6-gnu-4.7.2/Modules/modulefiles:/cvmfs/alice.cern.ch/x86_64-2.6-gnu-4.8.3/Modules/modulefiles:/cvmfs/alice.cern.ch/el6-x86_64/Modules/modulefiles:/cvmfs/alice.cern.ch/el7-x86_64/Modules/modulefiles
GEANT3_ROOT=/cvmfs/alice.cern.ch/el6-x86_64/Packages/GEANT3/v2-7-61
OPENSSL_ROOT=/cvmfs/alice.cern.ch/el6-x86_64/Packages/OpenSSL/v1.0.2o_JALIEN-5
X509_VOMS_DIR=/etc/grid-security/vomsdir
LOADEDMODULES=BASE/1.0:AliEn/v2-19-395:Toolchain/GCC-v7.3.0:GCC-Toolchain/v7.3.0-alice1-7:AliEn-Runtime/v2-19-le-71:zlib/v1.2.8-32:OpenSSL/v1.0.2o_JALIEN-5:libxml2/v2.9.3_JALIEN-6:libpng/v1.6.34-34:libffi/v3.2.1-5:FreeType/v2.6-64:Python/v3.6.10-12:Python-modules/1.0-52:XRootD/v4.11.1-11:GSL/v1.16-36:lzma/v5.2.3-12:ROOT/v6-18-04-alice1-8:DPMJET/v3.0.5-alice4-13:boost/v1.70.0-22:cgal/4.6.3-19:fastjet/v3.2.1_1.024-alice3-52:GEANT3/v2-7-61:GEANT4/v10.4.2-11:vgm/v4-4-71:GEANT4_VMC/v3-6-p6-2:Vc/1.4.1-7:xjalienfs/1.0.6-1:JAliEn-ROOT/0.5.4-2:AliRoot/v5-09-53_JALIEN-19:RooUnfold/V02-00-01-alice4-39:treelite/a7a0839-5:KFParticle/alice-v1.1-1-29:AliPhysics/vAN-20200311_JALIEN-1:APISCONFIG/V1.1x
SYSTEM_LIBPATH=lib64
ALICE_PHYSICS=/cvmfs/alice.cern.ch/el6-x86_64/Packages/AliPhysics/vAN-20200311_JALIEN-1
ALIPHYSICS_VERSION=vAN-20200311_JALIEN-1
BDII_LIST=egee-bdii.cnaf.infn.it:2170
_CONDOR_SLOT=slot1_18
GLITE_USER=glite
PYTHONHOME=/cvmfs/alice.cern.ch/el6-x86_64/Packages/Python/v3.6.10-12
ALIEN_JOBAGENT_ID=26773_77035_115394
MYPROXY_SERVER=myproxy.cnaf.infn.it
APMON_CONFIG=vobox-alice.ba.infn.it
GLITE_WMS_SEQUENCE_CODE=
BLAHPD_LOCATION=/usr
G4SAIDXSDATA=/cvmfs/alice.cern.ch/el6-x86_64/Packages/GEANT4/v10.4.2-11/share/Geant4-10.4.2/data/G4SAIDDATA1.1
ALIEN_PROCESSNAME=JOBAGENT
ALIEN_SITE_HOST=vobox-alice.ba.infn.it
GCLIENT_SERVER_RECONNECT=2
HISTCONTROL=ignoredups
ALIEN_PERL=/cvmfs/alice.cern.ch/x86_64-2.6-gnu-4.1.2/Packages/AliEn/v2-19-395/bin/alien-perl
ROOTSYS=/cvmfs/alice.cern.ch/el6-x86_64/Packages/ROOT/v6-18-04-alice1-8
CE_ID=ce-02.recas.ba.infn.it:8443/cream-condor-alice
CREAM_JOBID=https://ce-02.recas.ba.infn.it:8443/CREAM065981130
SUDO_COMMAND=/usr/libexec/condor_submit.sh -x /var/cream_sandbox/sgmalice/CN_Antonio_Franco_CN_540076_CN_fap_OU_Users_OU_Organic_Units_DC_cern_DC_ch_alice_Role_lcgadmin_Capability_NULL_sgmalice015/proxy/ALICE__Bari__CREAM_1589773803_12212718792457 -u /DC=ch/DC=cern/OU=Organic Units/OU=Users/CN=fap/CN=540076/CN=Antonio Franco -r no -c /var/cream_sandbox/sgmalice/CN_Antonio_Franco_CN_540076_CN_fap_OU_Users_OU_Organic_Units_DC_cern_DC_ch_alice_Role_lcgadmin_Capability_NULL_sgmalice015/06/CREAM065981130/CREAM065981130_jobWrapper.sh -T /tmp -C /tmp/ce-req-file-158977555915172 -o /var/cream_sandbox/sgmalice/CN_Antonio_Franco_CN_540076_CN_fap_OU_Users_OU_Organic_Units_DC_cern_DC_ch_alice_Role_lcgadmin_Capability_NULL_sgmalice015/06/CREAM065981130/StandardOutput -e /var/cream_sandbox/sgmalice/CN_Antonio_Franco_CN_540076_CN_fap_OU_Users_OU_Organic_Units_DC_cern_DC_ch_alice_Role_lcgadmin_Capability_NULL_sgmalice015/06/CREAM065981130/StandardError -q alice -n 1 -j cream_065981130
HOME=/home/condor/dir_115202/CREAM065981130
GLITE_LOCATION_VAR=/var
SHLVL=7
ALIPHYSICS_RELEASE=vAN-20200311_JALIEN-1
__copy_proxy_min_retry_wait=60
_CONDOR_MACHINE_AD=/home/condor/dir_115202/.machine.ad
GLOBUS_TCP_PORT_RANGE=20000,25000
G4SYSTEM=Linux-g++
GCLIENT_RETRY_DAMPING=4.0
__delegationTimeSlot=3600
X509_USER_PROXY=/home/condor/dir_115202/ALICE__Bari__CREAM_1589773803_12212718792457
GSHELL_GCC=/usr/bin/gcc
ALIEN_USER=fap
DYLD_LIBRARY_PATH=/cvmfs/alice.cern.ch/x86_64-2.6-gnu-4.1.2/Packages/AliEn/v2-19-395/lib:/cvmfs/alice.cern.ch/x86_64-2.6-gnu-4.1.2/Packages/AliEn/v2-19-395/lib:/cvmfs/alice.cern.ch/x86_64-2.6-gnu-4.1.2/Packages/AliEn/v2-19-395/api/lib:/cvmfs/alice.cern.ch/x86_64-2.6-gnu-4.1.2/Packages/AliEn/v2-19-395/globus/lib:/cvmfs/alice.cern.ch/x86_64-2.6-gnu-4.1.2/Packages/AliEn/v2-19-395/httpd/lib:
ALIROOT_VERSION=v5-09-53_JALIEN-19
PYTHON_ROOT=/cvmfs/alice.cern.ch/el6-x86_64/Packages/Python/v3.6.10-12
ALIEN_LD_LIBRARY_PATH=/cvmfs/alice.cern.ch/x86_64-2.6-gnu-4.1.2/Packages/AliEn/v2-19-395/lib:/cvmfs/alice.cern.ch/x86_64-2.6-gnu-4.1.2/Packages/AliEn/v2-19-395/api/lib:/cvmfs/alice.cern.ch/x86_64-2.6-gnu-4.1.2/Packages/AliEn/v2-19-395/globus/lib:/cvmfs/alice.cern.ch/x86_64-2.6-gnu-4.1.2/Packages/AliEn/v2-19-395/httpd/lib
JALIEN_TOKEN_CERT=-----BEGIN CERTIFICATE-----
MIIDZDCCAs2gAwIBAgIQd3izXk1A/qPmtbkmjsGIYzANBgkqhkiG9w0BAQsFADAw
MQswCQYDVQQGEwJjaDEOMAwGA1UEChMFQWxpRW4xETAPBgNVBAMTCEFsaUVuIENB
MB4XDTIwMDUxOTA5MDExNVoXDTIwMDUyMDExMDExNVowfjELMAkGA1UEBhMCY2gx
DjAMBgNVBAoMBUFsaUVuMQ0wCwYDVQQDDARKb2JzMREwDwYDVQQDDAhrd2lqZXRo
dTERMA8GA1UECwwIa3dpamV0aHUxKjAoBgNVBAsMIXF1ZXVlaWQ9MTg3OTExNjgw
Ni9yZXN1Ym1pc3Npb249MDCCASIwDQYJKoZIhvcNAQEBBQADggEPADCCAQoCggEB
AJ+Cxlocu4oSiJd7KSYcJ+um8wOMoBZnN6nLMJxgES9jV0VBKjc3ADrT2LeLfLuW
/HaBUuYj4lIP2XALPUGH1XVwjaYHEh49L7dHccquvqt948PEIV8g6awjV7s5mNks
FxSQcjHKaRiXm5dDwoTC/EUcRfzK0g9SMqpGlYDn4zU+Tkmu/pVbRhciJw0SFEJu
7zle0BaJXSNFhHQkWxR753IlDJsMovW7fpaElI99keNIe7/r+C/p8AurPjevMVQi
QBTICRDxGzuR5HfmV7SGjtmrzrKMCcAjNcZWkNQZNvFhR8qnp4hc9PpVWtALMY2U
cpe3B3D/j7EFppx6S2+So7ECAwEAAaOBrDCBqTAfBgNVHSMEGDAWgBTGYpBYomXK
lZ+T9M7pzYfqX1bU5TAdBgNVHQ4EFgQUzPM5JwLvLrsw5YETNtoQC0z094IwHQYD
VR0lBBYwFAYIKwYBBQUHAwIGCCsGAQUFBwMBMAsGA1UdDwQEAwIF4DA7BgNVHREE
NDAygglsb2NhbGhvc3SCFWxvY2FsaG9zdC5sb2NhbGRvbWFpboIJMTI3LjAuMC4x
ggM6OjEwDQYJKoZIhvcNAQELBQADgYEAtZNcIkggZuqPF2UvcvBhXU2wTP35A0jv
DxT7sOQCBh/2mPY5NLnMSpelIIxFyTdN+3G/WkL9wYGNSLk1SMGZGdfTTH5nnLeN
yD/Zx+VfwwxqfqxTMNE/SBs++3gM943lZ+iTpbyuspYrLw3PjI/KgSLy4zB87Xv+
agX3MX8A4L4=
-----END CERTIFICATE-----

LCG_GFAL_INFOSYS=egee-bdii.cnaf.infn.it:2170
TMP=/home/condor/dir_115202
LOGNAME=sgmalice015
PYTHONPATH=/cvmfs/alice.cern.ch/el6-x86_64/Packages/xjalienfs/1.0.6-1/lib/python3.6/site-packages:/cvmfs/alice.cern.ch/el6-x86_64/Packages/ROOT/v6-18-04-alice1-8/lib:/cvmfs/alice.cern.ch/el6-x86_64/Packages/Python-modules/1.0-52/share/python-modules/lib/python/site-packages:/cvmfs/alice.cern.ch/el6-x86_64/Packages/Python/v3.6.10-12/lib/python/site-packages:/cvmfs/alice.cern.ch/el6-x86_64/Packages/XRootD/v4.11.1-11/./lib/python3.6/site-packages
_CONDOR_ANCESTOR_2225=61145:1585238707:2439285045
ALIEN_WORKDIR=/home/condor/dir_115202/CREAM065981130/alien-job-1879116806
HTTPS_CERT_FILE=/home/condor/dir_115202/ALICE__Bari__CREAM_1589773803_12212718792457
ALIEN_XRDCP_URL=root://alice-disk-se.gridka.de:1094//12/36732/c9f780a0-99bf-11ea-8e0b-f3256940e392
LESSOPEN=||/usr/bin/lesspipe.sh %s
OMP_NUM_THREADS=1
_CONDOR_JOB_AD=/home/condor/dir_115202/.job.ad
LCAS_DEBUG_LEVEL=0
KFPARTICLE_ROOT=/cvmfs/alice.cern.ch/el6-x86_64/Packages/KFParticle/alice-v1.1-1-29
__delegationProxyCertSandboxPathTmp=/tmp/ALICE__Bari__CREAM_1589773803_12212718792457065981130
ALIEN_SITE=Bari
OLDHOME=/home/sgmalice015
SUDO_GID=53
XDG_RUNTIME_DIR=/run/user/3375
PERL5DB=use Devel::Trace
GCLIENT_NOPROMPT=1
GCLIENT_RETRY_SLEEPTIME=2
GLITE_LOCATION=/usr
LIBXML2_VERSION=v2.9.3_JALIEN-6
ROOUNFOLD_ROOT=/cvmfs/alice.cern.ch/el6-x86_64/Packages/RooUnfold/V02-00-01-alice4-39
BASEDIR=/cvmfs/alice.cern.ch/el6-x86_64/Packages
_CONDOR_JOB_IWD=/home/condor/dir_115202
GLITE_HOST_CERT=/var/lib/glite/.certs/hostcert.pem
ALIEN_PATH=/cvmfs/alice.cern.ch/x86_64-2.6-gnu-4.1.2/Packages/AliEn/v2-19-395/bin:/cvmfs/alice.cern.ch/x86_64-2.6-gnu-4.1.2/Packages/AliEn/v2-19-395/api/bin:/cvmfs/alice.cern.ch/x86_64-2.6-gnu-4.1.2/Packages/AliEn/v2-19-395/globus/bin:/cvmfs/alice.cern.ch/x86_64-2.6-gnu-4.1.2/Packages/AliEn/v2-19-395/httpd/bin
G3SYS=/cvmfs/alice.cern.ch/el6-x86_64/Packages/GEANT3/v2-7-61
ALIROOT_RELEASE=v5-09-53_JALIEN-19
GLITE_WMS_LOG_DESTINATION=ce-02.recas.ba.infn.it
EDG_WL_NOSETPGRP=1
FASTJET=/cvmfs/alice.cern.ch/el6-x86_64/Packages/fastjet/v3.2.1_1.024-alice3-52
_=/bin/env
