VO_DGRID_DIR=/opt/d-grid/
VO_DGTEST_SW_DIR=/opt/d-grid/dgtest
G4LEVELGAMMADATA=/cvmfs/alice.cern.ch/el6-x86_64/Packages/GEANT4/v10.4.2-11/share/Geant4-10.4.2/data/PhotonEvaporation5.2
_condor_CONDOR_Q_ONLY_MY_JOBS=false
_CONDOR_JOB_PIDS=
MANPATH=/opt/edg/share/man:/opt/glite/share/man:/opt/glite/yaim/man:/opt/globus/man:/opt/lcg/man:/opt/lcg/share/man::::::
JALIEN_TOKEN_KEY=-----BEGIN RSA PRIVATE KEY-----
MIIEoAIBAAKCAQEAgzzkHy+O3Y0qm+FAhTWTeV7V9YFiKhkn1VWVAKHNUFiMKIHt
S90qyaSrPv0vVnrSVDYmzKsydyd2/aWjtVSu/xsXqhnDTZ5a9PeVgWYNhG2LspRa
WaNEBEsc/6tag5q0RW68pz5s8RvpxiImArvpIxSqLpI13JucxQx46GliAzcmgL/J
5rqNfE0CAcMd2WpgbmcA6xwGBjKV1j4Xl4J5+XOavzIqgYNI2x94+j5xZ2TeMLq6
H3n3oMqT21QPw9+YokvZ77RjiA3mkYglFxLd8+JyZH1+D2fY9ursppd9H8H/5VA5
XoV3SRrn5FfIwAQBmnEXR1MYhQziHPWlZ73K/wIDAQABAoIBAFUGslVyHoFz4FM1
0PN9Dprn0n9I4CyeN6yD0hGiwr53X/culms8U2hpA3m/11eUI4jjvKeFkyCXtQQI
uNPWlbo5908BegNjwVJMxdQcJk3SG1wLua2xlXOippsOjYoORRVm9Vr1mudrSj5Q
CYhj7lwIG2oo2DShrSQNPJh3DkU+Gn2Empvd8IOtvt8Dq8f1gA+zv7p9aOztc2Kj
AyrVFr8I4HmNkGuueKdvVEXljTdiS064r5Yg4IoHPNu6a/ruU1d6sjFI122+BYqU
H52dVxHEhJcWU/oiakmYIhT8/Seh2eUBXOeOt7FwLDHFxD+1Wt8tTt1z63bs0bgQ
fqVl8CECgYEA0HgE5sR4jjtIG7SM/5rco7eDX3EP54yjQoSI2W/W51BB7vBRvO0N
MtYVw9RmnT435oVajiKvUYRpTen7CjUN4NS8VfaK6ILS8gLsWVkr8PC6bDV/Z7zb
1YZUgNqqDklMXIhVH7BN/RL1QaczV4hPpZoiHKXAE9wMNroO7HziZXsCgYEAoSkH
JNM/cDtEBaYdYa1c2i2LiRTGIrSPM/d/I01ES5BU9PztcHE7uKbo+5wZ14HnhNfY
3NGxKlmW/PKIp3hUFGy+UPE1lThG35Jih4E+FHLeMDi31y6M2uAQpaVk95OKliFF
qHJQFMBJ+8sniogHKTU+bC47G1xuFWYF6cREP00CfxrfXcJhkSjEe4cWvxYz4D06
arTi3in69xCcBQgCYrFupxEl6WNxK0JiVmvn9VJPsuUES6gG0JKxfuGMR9AJBsD0
q1JpdX6DXq3TsqPR2tg0L9PDEalNrwjXSA1UIpe02yMSb+al02fMCdFsvDGMYLf4
Jm2K8DefJfPoCAR0FLsCgYAyjltWWwqom37wQrcu4CKjsuv1+dVaJ8hQphB1M5T8
G2/7VqjpwCva9klaPRMCPxcw3kGCrClmvqoV+cOSvbWqnp5pZ/HGONxK4HIWTh36
bjpzaCeL0mePdgDi5eqxm9A63n8qo4mpqNTMr2NdGuUcMT6+0xXptGo4PkQWnGJI
dQKBgBoWkpLrBwmtNBAxcxVDRuvZ4C/bxftCf4hmBTs08dok30lk5giWEmWBoSVj
ESMypcpgQa+GGRtjCYMpgcjKnLU8Mc1A8qeEPqsMVOeWgf7MhFiOhMMbX5l0Y5k1
z3T29EzpA11AMD7JcWnrZM98hdwZmCkRyFTM6AEYQJxOZxS9
-----END RSA PRIVATE KEY-----

ALIEN_XRDCP_SIGNED_ENVELOPE=turl=root://alice-test-xrootdgpfs.cr.cnaf.infn.it:1094//08/41322/5075c188-98e8-11ea-88a7-2307358e0851\&access=write\&lfn=/alice/data/2018/LHC18q/000296191/pass1/PWGLF/LF_PbPb/1340_20200518-0820/1053/root_archive.zip\&size=16748589\&se=ALICE::CNAF::SE\&guid=5075c188-98e8-11ea-88a7-2307358e0851\&md5=3297025361fe79955b1963dedc4f6010\&user=alitrain\&issuer=Authen.1\&issued=1589793413\&expires=1589879813\&hashord=turl-access-lfn-size-se-guid-md5-user-issuer-issued-expires-hashord\&hashord=turl-access-lfn-size-se-guid-md5-user-issuer-issued-expires-hashord\&signature=n5Bg3IIR7F9JCrAf3Lj3Z1OoYg84X5FLr++OXyk2XGHCeLCOFkzdaKXEiMgOwhmkM6o1L+n4jpD1y6A71nASPOQ5HyhTESYxNX4wagZq8q/pTrstfz/w8pk9Y4XqtUNRE9YAyTjHgbGZhJDZFyab5Vxt518xFXDVPNdkzXQXdMg=
GRIDMAP=/etc/grid-security/grid-mapfile
G4VMCINSTALL=/cvmfs/alice.cern.ch/el6-x86_64/Packages/GEANT4_VMC/v3-6-p6-2
HOSTNAME=c01-000-124
IFS= 	

VO_DGTEST_DEFAULT_SE=dgiref-dcache.fzk.de
ALIEN_VERSION=v2-19-395
ALIEN_DOMAIN=gridka.de
ALIEN_MASTERJOBID=1878026951
ALIEN_VOs=ALICE#alice-2-kit.gridka.de:8084#1878297158#vW3p3j]SC2tQShPHN!OnI2mj[WAFhuuF  
SSL_CERT_FILE=/cvmfs/alice.cern.ch/el6-x86_64/Packages/Python-modules/1.0-52/share/python-modules/lib/python/site-packages/certifi/cacert.pem
VO_ALICE_SW_DIR=/grid/fzk.de/mounts/nfs/software/alice/lcg2
GAPI_LOCATION=/cvmfs/alice.cern.ch/x86_64-2.6-gnu-4.1.2/Packages/AliEn/v2-19-395/api
FREETYPE_ROOT=/cvmfs/alice.cern.ch/el6-x86_64/Packages/FreeType/v2.6-64
G4INSTALL_DATA=/cvmfs/alice.cern.ch/el6-x86_64/Packages/GEANT4/v10.4.2-11/share/
ROOT_INCLUDE_PATH=/cvmfs/alice.cern.ch/el6-x86_64/Packages/AliPhysics/vAN-20200311_JALIEN-1/include:/cvmfs/alice.cern.ch/el6-x86_64/Packages/KFParticle/alice-v1.1-1-29/include:/cvmfs/alice.cern.ch/el6-x86_64/Packages/treelite/a7a0839-5/runtime/native/include:/cvmfs/alice.cern.ch/el6-x86_64/Packages/treelite/a7a0839-5/include:/cvmfs/alice.cern.ch/el6-x86_64/Packages/RooUnfold/V02-00-01-alice4-39/include:/cvmfs/alice.cern.ch/el6-x86_64/Packages/AliRoot/v5-09-53_JALIEN-19/include/Pythia8:/cvmfs/alice.cern.ch/el6-x86_64/Packages/AliRoot/v5-09-53_JALIEN-19/include:/cvmfs/alice.cern.ch/el6-x86_64/Packages/JAliEn-ROOT/0.5.4-2/include:/cvmfs/alice.cern.ch/el6-x86_64/Packages/Vc/1.4.1-7/include:/cvmfs/alice.cern.ch/el6-x86_64/Packages/GEANT4_VMC/v3-6-p6-2/include/g4root:/cvmfs/alice.cern.ch/el6-x86_64/Packages/GEANT4_VMC/v3-6-p6-2/include/geant4vmc:/cvmfs/alice.cern.ch/el6-x86_64/Packages/GEANT4_VMC/v3-6-p6-2/include/mtroot:/cvmfs/alice.cern.ch/el6-x86_64/Packages/GEANT4/v10.4.2-11/include:/cvmfs/alice.cern.ch/el6-x86_64/Packages/GEANT4/v10.4.2-11/include/Geant4:/cvmfs/alice.cern.ch/el6-x86_64/Packages/GEANT3/v2-7-61/include/TGeant3:/cvmfs/alice.cern.ch/el6-x86_64/Packages/fastjet/v3.2.1_1.024-alice3-52/include:/cvmfs/alice.cern.ch/el6-x86_64/Packages/boost/v1.70.0-22/include
GRID_ENV_LOCATION=/opt/glite/etc/profile.d
ALIEN_ORGANISATION=ALICE
G4INSTALL=/cvmfs/alice.cern.ch/el6-x86_64/Packages/GEANT4/v10.4.2-11
HISTSIZE=1000
HTTPS_CA_FILE=/tmp/condor_execute/dir_12559/d0rNDmq3kuwn97UVzn6VJfgoABFKDmABFKDm51zNDmABFKDm3aqomm/proxy
GEANT3DIR=/cvmfs/alice.cern.ch/el6-x86_64/Packages/GEANT3/v2-7-61
TMPDIR=/tmp/condor_execute/dir_12559
GLOBUS_LOCATION=/cvmfs/alice.cern.ch/x86_64-2.6-gnu-4.1.2/Packages/AliEn/v2-19-395/globus
ALICE_TARGET=linuxx8664gcc
ALIEN_ROOT=/cvmfs/alice.cern.ch/x86_64-2.6-gnu-4.1.2/Packages/AliEn/v2-19-395
ROOT_PLUGIN_PATH=/cvmfs/alice.cern.ch/el6-x86_64/Packages/JAliEn-ROOT/0.5.4-2/etc/plugins
VO_OPS_DEFAULT_SE=atlassrm-fzk.gridka.de
PERL5LIB=/opt/lcg/lib64/perl:/opt/gpt/lib/perl
GEANT4_VMC_ROOT=/cvmfs/alice.cern.ch/el6-x86_64/Packages/GEANT4_VMC/v3-6-p6-2
GT_PROXY_MODE=old
ROOT_RELEASE=v6-18-04-alice1-8
_CONDOR_SCRATCH_DIR=/tmp/condor_execute/dir_12559
VO_BABAR_SW_DIR=/grid/fzk.de/mounts/nfs/software/babar
HTTPS_KEY_FILE=/tmp/condor_execute/dir_12559/d0rNDmq3kuwn97UVzn6VJfgoABFKDmABFKDm51zNDmABFKDm3aqomm/proxy
X509_CERT_DIR=/cvmfs/alice.cern.ch/el6-x86_64/Packages/AliEn-Runtime/v2-19-le-71/globus/share/certificates
MODULES_USE_COMPAT_VERSION=1
ALIEN_HOME=/tmp/condor_execute/dir_12559/d0rNDmq3kuwn97UVzn6VJfgoABFKDmABFKDm51zNDmABFKDm3aqomm/.alien
G4NEUTRONXSDATA=/cvmfs/alice.cern.ch/el6-x86_64/Packages/GEANT4/v10.4.2-11/share/Geant4-10.4.2/data/G4NEUTRONXS1.4
VO_CDF_DEFAULT_SE=gridka-dcache.fzk.de
HTTPS_CA_DIR=/cvmfs/alice.cern.ch/x86_64-2.6-gnu-4.1.2/Packages/AliEn/v2-19-395/globus/share/certificates
VO_BABAR_DEFAULT_SE=lcg-gridka-se.fzk.de
G4LEDATA=/cvmfs/alice.cern.ch/el6-x86_64/Packages/GEANT4/v10.4.2-11/share/Geant4-10.4.2/data/G4EMLOW7.3
_CHIRP_DELAYED_UPDATE_PREFIX=Chirp
CONDOR_BIN_PATH=/bin
USER=alicesgm
VO_BELLE_DEFAULT_SE=gridka-dcache.fzk.de
LIBXML2_ROOT=/cvmfs/alice.cern.ch/el6-x86_64/Packages/libxml2/v2.9.3_JALIEN-6
ROOUNFOLD_VERSION=V02-00-01-alice4
LD_LIBRARY_PATH=/tmp/condor_execute/dir_12559/d0rNDmq3kuwn97UVzn6VJfgoABFKDmABFKDm51zNDmABFKDm3aqomm/alien-job-1878297158/lib:/cvmfs/alice.cern.ch/el6-x86_64/Packages/AliPhysics/vAN-20200311_JALIEN-1/lib:/cvmfs/alice.cern.ch/el6-x86_64/Packages/KFParticle/alice-v1.1-1-29/lib:/cvmfs/alice.cern.ch/el6-x86_64/Packages/treelite/a7a0839-5/lib:/cvmfs/alice.cern.ch/el6-x86_64/Packages/RooUnfold/V02-00-01-alice4-39/lib:/cvmfs/alice.cern.ch/el6-x86_64/Packages/AliRoot/v5-09-53_JALIEN-19/lib:/cvmfs/alice.cern.ch/el6-x86_64/Packages/JAliEn-ROOT/0.5.4-2/lib:/cvmfs/alice.cern.ch/el6-x86_64/Packages/Vc/1.4.1-7/lib:/cvmfs/alice.cern.ch/el6-x86_64/Packages/GEANT4_VMC/v3-6-p6-2/lib:/cvmfs/alice.cern.ch/el6-x86_64/Packages/vgm/v4-4-71/lib:/cvmfs/alice.cern.ch/el6-x86_64/Packages/GEANT4/v10.4.2-11/lib:/cvmfs/alice.cern.ch/el6-x86_64/Packages/GEANT3/v2-7-61/lib64:/cvmfs/alice.cern.ch/el6-x86_64/Packages/fastjet/v3.2.1_1.024-alice3-52/lib:/cvmfs/alice.cern.ch/el6-x86_64/Packages/cgal/4.6.3-19/lib:/cvmfs/alice.cern.ch/el6-x86_64/Packages/boost/v1.70.0-22/lib:/cvmfs/alice.cern.ch/el6-x86_64/Packages/DPMJET/v3.0.5-alice4-13/lib:/cvmfs/alice.cern.ch/el6-x86_64/Packages/ROOT/v6-18-04-alice1-8/lib:/cvmfs/alice.cern.ch/el6-x86_64/Packages/lzma/v5.2.3-12/lib:/cvmfs/alice.cern.ch/el6-x86_64/Packages/GSL/v1.16-36/lib:/cvmfs/alice.cern.ch/el6-x86_64/Packages/Python-modules/1.0-52/share/python-modules/lib:/cvmfs/alice.cern.ch/el6-x86_64/Packages/Python/v3.6.10-12/lib:/cvmfs/alice.cern.ch/el6-x86_64/Packages/FreeType/v2.6-64/lib:/cvmfs/alice.cern.ch/el6-x86_64/Packages/libffi/v3.2.1-5/lib64:/cvmfs/alice.cern.ch/el6-x86_64/Packages/libpng/v1.6.34-34/lib:/cvmfs/alice.cern.ch/el6-x86_64/Packages/XRootD/v4.11.1-11/lib:/cvmfs/alice.cern.ch/el6-x86_64/Packages/libxml2/v2.9.3_JALIEN-6/lib:/cvmfs/alice.cern.ch/el6-x86_64/Packages/OpenSSL/v1.0.2o_JALIEN-5/lib:/cvmfs/alice.cern.ch/el6-x86_64/Packages/zlib/v1.2.8-32/lib:/cvmfs/alice.cern.ch/el6-x86_64/Packages/AliEn-Runtime/v2-19-le-71/lib:/cvmfs/alice.cern.ch/el7-x86_64/Packages/GCC-Toolchain/v7.3.0-alice1-9/lib64:/cvmfs/alice.cern.ch/el7-x86_64/Packages/GCC-Toolchain/v7.3.0-alice1-9/lib:/cvmfs/alice.cern.ch/x86_64-2.6-gnu-4.1.2/Packages/AliEn/v2-19-395/lib:/cvmfs/alice.cern.ch/x86_64-2.6-gnu-4.1.2/Packages/AliEn/v2-19-395/lib:/cvmfs/alice.cern.ch/x86_64-2.6-gnu-4.1.2/Packages/AliEn/v2-19-395/api/lib:/cvmfs/alice.cern.ch/x86_64-2.6-gnu-4.1.2/Packages/AliEn/v2-19-395/globus/lib:/cvmfs/alice.cern.ch/x86_64-2.6-gnu-4.1.2/Packages/AliEn/v2-19-395/httpd/lib:/cvmfs/alice.cern.ch/x86_64-2.6-gnu-4.1.2/Packages/AliEn/v2-19-395/x86_64-unknown-linux-gnu/4.1.2/lib:/cvmfs/alice.cern.ch/x86_64-2.6-gnu-4.1.2/Packages/AliEn/v2-19-395/api/lib:/cvmfs/alice.cern.ch/x86_64-2.6-gnu-4.1.2/Packages/AliEn/v2-19-395/x86_64-unknown-linux-gnu/4.1.2:/opt/d-cache/dcap/lib:/opt/glite/lib:/opt/glite/lib64:/opt/globus/lib:/opt/lcg/lib:/opt/lcg/lib64:/opt/d-cache/dcap/lib64:/usr/lib64:/opt/classads/lib64/:/opt/c-ares/lib/
TEMP=/tmp/condor_execute/dir_12559
VO_ENMR_EU_DEFAULT_SE=gridka-dcache.fzk.de
MYPROXY_TCP_PORT_RANGE=20000,25000
ALIEN_PROMPT=alien
GCLIENT_NOGSI=1
BATCH_SYSTEM=HTCondor
VO_DTEAM_SW_DIR=/grid/fzk.de/mounts/nfs/software/dteam/lcg2
VO_CMS_SW_DIR=/cvmfs/cms.cern.ch/
LCG_LOCATION=/opt/lcg
ALIEN_CM_AS_LDAP_PROXY=c01-000-124.gridka.de:8093/JobAgent
GCC_TOOLCHAIN_ROOT=/cvmfs/alice.cern.ch/el7-x86_64/Packages/GCC-Toolchain/v7.3.0-alice1-9
GCLIENT_COMMAND_MAXWAIT=1800
ROOT_BASEDIR=/cvmfs/alice.cern.ch/el6-x86_64/Packages/ROOT
_CONDOR_CHIRP_CONFIG=/tmp/condor_execute/dir_12559/.chirp.config
GLOBUS_GSSAPI_MAX_TLS_PROTOCOL=0
VO_CDF_SW_DIR=/grid/fzk.de/mounts/nfs/software/cdf
G4NEUTRONHPDATA=/cvmfs/alice.cern.ch/el6-x86_64/Packages/GEANT4/v10.4.2-11/share/Geant4-10.4.2/data/G4NDL4.5
ATLAS_LOCAL_AREA=/sw/atlas/sl5/local
ALICE_ROOT=/cvmfs/alice.cern.ch/el6-x86_64/Packages/AliRoot/v5-09-53_JALIEN-19
VO_LHCB_DEFAULT_SE=gridka-dcache.fzk.de
ALIEN_CA=/var/log/AliEn/CA
ALICE=/cvmfs/alice.cern.ch/el6-x86_64/Packages/AliRoot
G4ENSDFSTATEDATA=/cvmfs/alice.cern.ch/el6-x86_64/Packages/GEANT4/v10.4.2-11/share/Geant4-10.4.2/data/G4ENSDFSTATE2.2
G4RADIOACTIVEDATA=/cvmfs/alice.cern.ch/el6-x86_64/Packages/GEANT4/v10.4.2-11/share/Geant4-10.4.2/data/RadioactiveDecay5.2
RUNTIME_CONFIG_DIR=/etc/arc/runtime
OPENSSL_ALLOW_PROXY_CERTS=1
VO_OPS_SW_DIR=/grid/fzk.de/mounts/nfs/software/ops/lcg2
DPMJET_ROOT=/cvmfs/alice.cern.ch/el6-x86_64/Packages/DPMJET/v3.0.5-alice4-13
ARC_LOCATION=/usr
VO_ATLAS_DEFAULT_SE=atlassrm-fzk.gridka.de
VO_GECLIPSE_DEFAULT_SE=gridka-dcache.fzk.de
ALIEN_JOB_TOKEN=vW3p3j]SC2tQShPHN!OnI2mj[WAFhuuF
GCLIENT_COMMAND_RETRY=50
LZMA_ROOT=/cvmfs/alice.cern.ch/el6-x86_64/Packages/lzma/v5.2.3-12
ALICE_TARGET_EXT=linuxx8664gcc
VC_ROOT=/cvmfs/alice.cern.ch/el6-x86_64/Packages/Vc/1.4.1-7
ALIEN_DEBUG=-d:Trace
PATH=/cvmfs/alice.cern.ch/el6-x86_64/Packages/AliPhysics/vAN-20200311_JALIEN-1/bin:/cvmfs/alice.cern.ch/el6-x86_64/Packages/treelite/a7a0839-5/bin:/cvmfs/alice.cern.ch/el6-x86_64/Packages/RooUnfold/V02-00-01-alice4-39/bin:/cvmfs/alice.cern.ch/el6-x86_64/Packages/AliRoot/v5-09-53_JALIEN-19/bin:/cvmfs/alice.cern.ch/el6-x86_64/Packages/JAliEn-ROOT/0.5.4-2/bin:/cvmfs/alice.cern.ch/el6-x86_64/Packages/xjalienfs/1.0.6-1/bin:/cvmfs/alice.cern.ch/el6-x86_64/Packages/Vc/1.4.1-7/bin:/cvmfs/alice.cern.ch/el6-x86_64/Packages/GEANT4_VMC/v3-6-p6-2/bin:/cvmfs/alice.cern.ch/el6-x86_64/Packages/GEANT4/v10.4.2-11/bin:/cvmfs/alice.cern.ch/el6-x86_64/Packages/GEANT3/v2-7-61/bin:/cvmfs/alice.cern.ch/el6-x86_64/Packages/fastjet/v3.2.1_1.024-alice3-52/bin:/cvmfs/alice.cern.ch/el6-x86_64/Packages/cgal/4.6.3-19/bin:/cvmfs/alice.cern.ch/el6-x86_64/Packages/DPMJET/v3.0.5-alice4-13/bin:/cvmfs/alice.cern.ch/el6-x86_64/Packages/ROOT/v6-18-04-alice1-8/bin:/cvmfs/alice.cern.ch/el6-x86_64/Packages/lzma/v5.2.3-12/bin:/cvmfs/alice.cern.ch/el6-x86_64/Packages/GSL/v1.16-36/bin:/cvmfs/alice.cern.ch/el6-x86_64/Packages/Python-modules/1.0-52/share/python-modules/bin:/cvmfs/alice.cern.ch/el6-x86_64/Packages/Python/v3.6.10-12/bin:/cvmfs/alice.cern.ch/el6-x86_64/Packages/FreeType/v2.6-64/bin:/cvmfs/alice.cern.ch/el6-x86_64/Packages/libpng/v1.6.34-34/bin:/cvmfs/alice.cern.ch/el6-x86_64/Packages/XRootD/v4.11.1-11/bin:/cvmfs/alice.cern.ch/el6-x86_64/Packages/libxml2/v2.9.3_JALIEN-6/bin:/cvmfs/alice.cern.ch/el6-x86_64/Packages/OpenSSL/v1.0.2o_JALIEN-5/bin:/cvmfs/alice.cern.ch/el6-x86_64/Packages/AliEn-Runtime/v2-19-le-71/bin:/cvmfs/alice.cern.ch/el7-x86_64/Packages/GCC-Toolchain/v7.3.0-alice1-9/bin:/cvmfs/alice.cern.ch/x86_64-2.6-gnu-4.1.2/Packages/AliEn/v2-19-395/bin:/cvmfs/alice.cern.ch/x86_64-2.6-gnu-4.1.2/Packages/AliEn/v2-19-395/x86_64-unknown-linux-gnu/4.1.2/bin:/cvmfs/alice.cern.ch/x86_64-2.6-gnu-4.1.2/Packages/AliEn/v2-19-395/bin:/cvmfs/alice.cern.ch/x86_64-2.6-gnu-4.1.2/Packages/AliEn/v2-19-395/api/bin:/cvmfs/alice.cern.ch/x86_64-2.6-gnu-4.1.2/Packages/AliEn/v2-19-395/globus/bin:/cvmfs/alice.cern.ch/x86_64-2.6-gnu-4.1.2/Packages/AliEn/v2-19-395/httpd/bin:/cvmfs/alice.cern.ch/x86_64-2.6-gnu-4.1.2/Packages/AliEn/v2-19-395/api/bin:/cvmfs/alice.cern.ch/x86_64-2.6-gnu-4.1.2/Packages/AliEn/v2-19-395/bin:/opt/d-cache/srm/bin:/opt/d-cache/dcap/bin:/opt/edg/bin:/opt/glite/bin:/opt/globus/bin:/opt/lcg/bin:/sbin:/usr/sbin:/bin:/usr/bin:/usr/local/sbin:/.local/bin:/bin:/cvmfs/alice.cern.ch/bin:/cvmfs/alice.cern.ch/bin
MAIL=/var/spool/mail/alicesgm
VGM_ROOT=/cvmfs/alice.cern.ch/el6-x86_64/Packages/vgm/v4-4-71
_CONDOR_ANCESTOR_3383=12559:1589773511:1053425931
ROOUNFOLD_RELEASE=V02-00-01-alice4-39
_condor_CONDOR_Q_DASH_BATCH_IS_DEFAULT=false
CONDOR_CONFIG=/etc/condor/condor_config
VO_LHCB_PROXY_URL=http://lhcbsq1-fzk.gridka.de:3128
VO_DTEAM_DEFAULT_SE=gridka-dcache.fzk.de
VO_CMS_DEFAULT_SE=cmssrm-kit.gridka.de
EDG_LOCATION=/opt/edg
ALIEN_PROC_ID=1878297158
GCLIENT_SERVER_RESELECT=4
GEANT4_ROOT=/cvmfs/alice.cern.ch/el6-x86_64/Packages/GEANT4/v10.4.2-11
PWD=/tmp/condor_execute/dir_12559/d0rNDmq3kuwn97UVzn6VJfgoABFKDmABFKDm51zNDmABFKDm3aqomm/alien-job-1878297158
VO_BELLE_SW_DIR=/cvmfs/belle.cern.ch/sl6
VO_AUGER_DEFAULT_SE=gridka-dcache.fzk.de
GSL_ROOT=/cvmfs/alice.cern.ch/el6-x86_64/Packages/GSL/v1.16-36
SITE_GIIS_URL=giis-fzk.gridka.de
JAVA_HOME=/usr/java/latest
_LMFILES_=/cvmfs/alice.cern.ch/x86_64-2.6-gnu-4.1.2/Modules/modulefiles/BASE/1.0:/cvmfs/alice.cern.ch/x86_64-2.6-gnu-4.1.2/Modules/modulefiles/AliEn/v2-19-395:/cvmfs/alice.cern.ch/el6-x86_64/Modules/modulefiles/BASE/1.0:/cvmfs/alice.cern.ch/etc/toolchain/modulefiles/el7-x86_64/Toolchain/GCC-v7.3.0:/cvmfs/alice.cern.ch/el6-x86_64/Modules/modulefiles/GCC-Toolchain/v7.3.0-alice1-7:/cvmfs/alice.cern.ch/el6-x86_64/Modules/modulefiles/AliEn-Runtime/v2-19-le-71:/cvmfs/alice.cern.ch/el6-x86_64/Modules/modulefiles/zlib/v1.2.8-32:/cvmfs/alice.cern.ch/el6-x86_64/Modules/modulefiles/OpenSSL/v1.0.2o_JALIEN-5:/cvmfs/alice.cern.ch/el6-x86_64/Modules/modulefiles/libxml2/v2.9.3_JALIEN-6:/cvmfs/alice.cern.ch/el6-x86_64/Modules/modulefiles/libpng/v1.6.34-34:/cvmfs/alice.cern.ch/el6-x86_64/Modules/modulefiles/libffi/v3.2.1-5:/cvmfs/alice.cern.ch/el6-x86_64/Modules/modulefiles/FreeType/v2.6-64:/cvmfs/alice.cern.ch/el6-x86_64/Modules/modulefiles/Python/v3.6.10-12:/cvmfs/alice.cern.ch/el6-x86_64/Modules/modulefiles/Python-modules/1.0-52:/cvmfs/alice.cern.ch/el6-x86_64/Modules/modulefiles/XRootD/v4.11.1-11:/cvmfs/alice.cern.ch/el6-x86_64/Modules/modulefiles/GSL/v1.16-36:/cvmfs/alice.cern.ch/el6-x86_64/Modules/modulefiles/lzma/v5.2.3-12:/cvmfs/alice.cern.ch/el6-x86_64/Modules/modulefiles/ROOT/v6-18-04-alice1-8:/cvmfs/alice.cern.ch/el6-x86_64/Modules/modulefiles/DPMJET/v3.0.5-alice4-13:/cvmfs/alice.cern.ch/el6-x86_64/Modules/modulefiles/boost/v1.70.0-22:/cvmfs/alice.cern.ch/el6-x86_64/Modules/modulefiles/cgal/4.6.3-19:/cvmfs/alice.cern.ch/el6-x86_64/Modules/modulefiles/fastjet/v3.2.1_1.024-alice3-52:/cvmfs/alice.cern.ch/el6-x86_64/Modules/modulefiles/GEANT3/v2-7-61:/cvmfs/alice.cern.ch/el6-x86_64/Modules/modulefiles/GEANT4/v10.4.2-11:/cvmfs/alice.cern.ch/el6-x86_64/Modules/modulefiles/vgm/v4-4-71:/cvmfs/alice.cern.ch/el6-x86_64/Modules/modulefiles/GEANT4_VMC/v3-6-p6-2:/cvmfs/alice.cern.ch/el6-x86_64/Modules/modulefiles/Vc/1.4.1-7:/cvmfs/alice.cern.ch/el6-x86_64/Modules/modulefiles/xjalienfs/1.0.6-1:/cvmfs/alice.cern.ch/el6-x86_64/Modules/modulefiles/JAliEn-ROOT/0.5.4-2:/cvmfs/alice.cern.ch/el6-x86_64/Modules/modulefiles/AliRoot/v5-09-53_JALIEN-19:/cvmfs/alice.cern.ch/el6-x86_64/Modules/modulefiles/RooUnfold/V02-00-01-alice4-39:/cvmfs/alice.cern.ch/el6-x86_64/Modules/modulefiles/treelite/a7a0839-5:/cvmfs/alice.cern.ch/el6-x86_64/Modules/modulefiles/KFParticle/alice-v1.1-1-29:/cvmfs/alice.cern.ch/el6-x86_64/Modules/modulefiles/AliPhysics/vAN-20200311_JALIEN-1:/cvmfs/alice.cern.ch/el6-x86_64/Modules/modulefiles/APISCONFIG/V1.1x
ALIEN_XRDCP_ENVELOPE=-----BEGIN SEALED CIPHER-----
YtYzzjwbP6hPyIyBMzoQyc+tcI7uqKFDuMdPq5u9nPp0uILjKQrtTUD9OP8PfHpsVgmvmfADNTzQ
+tigwfMVKLbe19LNU+Zv44tButSKKq3OKSGPBtilCzv-hmP4QJ67pm9nkJXne-84q68tCn-mZda0
3rEc44au40XQNRl7v9M=
-----END SEALED CIPHER-----
-----BEGIN SEALED ENVELOPE-----
AAAAgB0B1DNfj9Gqc00TexjScqRQvXWdTTJ-OgAZO+qK+fMEV0dMxcqxmamfkTlvvcsmKsnHIv0I
nHlEZzVJ1Nq8beLBQtMIZJC66GczKyBPh1c5U-ozNaVFRyhosG0FJX3RAWAi9GOz9wyoIxOML9rr
F801u0yozopiWizpqhMXw7qXR9RG2vqzINVCYGEWayfZHREwM1jPcpf7ZrWbCFRgDHOfvWGVBy1j
2oWCnqTivwKrOKj+X8cNc1yf6u446WslEyr4zQvtvNOVwHGKyx-csUXSwbHScg7xXBpVHMJ2LxER
rlekV6UiUln+ArvYrISj-dKy-GqPgVhfENU-uOBa15B2bJ1tsr1v4ByUEuwAWat16WPtqu1bQFW+
6suDBESdajs0spLKOfOuL03kXpxRWYL9++OLc0u7H+TfaKbc7iCQ3dCOwUly1xmO0v936+aTmlba
djcdQP0TTIYwXL-srpVaUVB10l8jkNc71Kt683vPXcQfxb3k6CM2-sZaZvP2GXnZrrxQAI8HdRUt
p4LNX2lWGo-EVXzSIu5D66KFVbAl9IR15KRIs30WM-UrryJWMDHMJrcmPamD4sig9BRZpJmLsamu
osoWR5VCEMzUh-jj4NtwpnwHZf3lwkrReL2UaCdemfqiWL2Eb8Q35soiynL52JoIsv0yDB4yHYhM
whnWmpXLM6KB4V8gyHv4RNpAs7TRSO8yA6R1KAqUHVO3l0uzHW6KA9j040oCIbWyE71p7wY-+UBT
rAJN19GNnLbjd1w3yZdz3ekOjqKWRw9xzcK+MLuvqUIZImF8rEKYtXJAQ0jUT7z9kBxDSwWohbzD
3+pNEzVCPcg-W0aRRdNuftuslb5uwyg14LbGae2rWjG5YCNjKmVrQHkgnEJ8rUVvtyyTEDEI9F1j
RZxTAs79rCTf5-v7c7HZSmnGWKY2bLIooPJIOtNolSntMaFjexgBAHmW8yhnoZgo2JUydgoiol9M
RJqfQ8JUi2KC7Qn90pwXEK4ZCLx-HDY1qzmFbtxdMQvw4F+npGtlgTSh2bbghokaFKewwSfodmJA
+ckE9hmzP3edCqtqnqWTZ44-idPDiNdTKUWVG98WZn5M1SUwmpFGkLysypyqCDcgJjHy6tyJVVK2
0vM7k6767mzvMo4pFKJ75fopnIjAN11TVQVaKSaEXbkQb+lqEVL5-W8qkQ-8
-----END SEALED ENVELOPE-----

X509_USER_CERT=fake
ALIEN_HOSTNAME=c01-000-124.gridka.de
ALIEN_PACKAGES=VO_ALICE@AliPhysics::vAN-20200311_JALIEN-1
GCLIENT_SERVER_LIST=137.138.99.167:10000\|137.138.99.168:10000\|137.138.99.169:10000\|137.138.99.170:10000\|137.138.99.175:10000\|137.138.99.179:10000\|137.138.99.187:10000\|137.138.99.188:10000\|137.138.99.189:10000\|137.138.99.138:10000\|
LANG=en_US.UTF-8
JOBFEATURES=/tmp/condor_execute/dir_12559/jobfeatures
_CONDOR_ANCESTOR_12559=12565:1589773515:2623385399
VO_DECH_DEFAULT_SE=gridka-dcache.fzk.de
VO_COMPASS_DEFAULT_SE=gridka-dcache.fzk.de
MODULEPATH=/cvmfs/alice.cern.ch/etc/toolchain/modulefiles/el7-x86_64:/cvmfs/alice.cern.ch/x86_64-2.6-gnu-4.1.2/Modules/modulefiles:/cvmfs/alice.cern.ch/x86_64-2.6-gnu-4.7.2/Modules/modulefiles:/cvmfs/alice.cern.ch/x86_64-2.6-gnu-4.8.3/Modules/modulefiles:/cvmfs/alice.cern.ch/el6-x86_64/Modules/modulefiles:/cvmfs/alice.cern.ch/el7-x86_64/Modules/modulefiles
GEANT3_ROOT=/cvmfs/alice.cern.ch/el6-x86_64/Packages/GEANT3/v2-7-61
OPENSSL_ROOT=/cvmfs/alice.cern.ch/el6-x86_64/Packages/OpenSSL/v1.0.2o_JALIEN-5
X509_VOMS_DIR=/etc/grid-security/vomsdir
LOADEDMODULES=BASE/1.0:AliEn/v2-19-395:Toolchain/GCC-v7.3.0:GCC-Toolchain/v7.3.0-alice1-7:AliEn-Runtime/v2-19-le-71:zlib/v1.2.8-32:OpenSSL/v1.0.2o_JALIEN-5:libxml2/v2.9.3_JALIEN-6:libpng/v1.6.34-34:libffi/v3.2.1-5:FreeType/v2.6-64:Python/v3.6.10-12:Python-modules/1.0-52:XRootD/v4.11.1-11:GSL/v1.16-36:lzma/v5.2.3-12:ROOT/v6-18-04-alice1-8:DPMJET/v3.0.5-alice4-13:boost/v1.70.0-22:cgal/4.6.3-19:fastjet/v3.2.1_1.024-alice3-52:GEANT3/v2-7-61:GEANT4/v10.4.2-11:vgm/v4-4-71:GEANT4_VMC/v3-6-p6-2:Vc/1.4.1-7:xjalienfs/1.0.6-1:JAliEn-ROOT/0.5.4-2:AliRoot/v5-09-53_JALIEN-19:RooUnfold/V02-00-01-alice4-39:treelite/a7a0839-5:KFParticle/alice-v1.1-1-29:AliPhysics/vAN-20200311_JALIEN-1:APISCONFIG/V1.1x
SYSTEM_LIBPATH=lib64
ALICE_PHYSICS=/cvmfs/alice.cern.ch/el6-x86_64/Packages/AliPhysics/vAN-20200311_JALIEN-1
ALIPHYSICS_VERSION=vAN-20200311_JALIEN-1
_CONDOR_SLOT=slot1_26
PYTHONHOME=/cvmfs/alice.cern.ch/el6-x86_64/Packages/Python/v3.6.10-12
MYPROXY_SERVER=px-fzk.gridka.de
ALIEN_JOBAGENT_ID=15558_428756_12674
APMON_CONFIG=alice-2-kit.gridka.de
G4SAIDXSDATA=/cvmfs/alice.cern.ch/el6-x86_64/Packages/GEANT4/v10.4.2-11/share/Geant4-10.4.2/data/G4SAIDDATA1.1
GLOBUS_GSSAPI_VHOST_CRED_OWNER=root
ALIEN_PROCESSNAME=JOBAGENT
ALIEN_SITE_HOST=alice-2-kit.gridka.de
GCLIENT_SERVER_RECONNECT=2
HISTCONTROL=ignoredups
ALIEN_PERL=/cvmfs/alice.cern.ch/x86_64-2.6-gnu-4.1.2/Packages/AliEn/v2-19-395/bin/alien-perl
ROOTSYS=/cvmfs/alice.cern.ch/el6-x86_64/Packages/ROOT/v6-18-04-alice1-8
VO_LHCB_SW_DIR=/cvmfs/lhcb.cern.ch
GLEXEC_LOCATION=/usr
SHLVL=7
GLOBUS_GSSAPI_NAME_COMPATIBILITY=STRICT_RFC2818
VO_ALICE_DEFAULT_SE=alice-tape-srm.gridka.de
GLITE_LOCATION_VAR=/opt/glite/var
HOME=/tmp/condor_execute/dir_12559/d0rNDmq3kuwn97UVzn6VJfgoABFKDmABFKDm51zNDmABFKDm3aqomm
ALIPHYSICS_RELEASE=vAN-20200311_JALIEN-1
GLOBUS_TCP_PORT_RANGE=20000,25000
_CONDOR_MACHINE_AD=/tmp/condor_execute/dir_12559/.machine.ad
MACHINEFEATURES=/etc/machinefeatures
G4SYSTEM=Linux-g++
GCLIENT_RETRY_DAMPING=4.0
X509_USER_PROXY=/tmp/condor_execute/dir_12559/d0rNDmq3kuwn97UVzn6VJfgoABFKDmABFKDm51zNDmABFKDm3aqomm/proxy
GSHELL_GCC=/usr/bin/gcc
GLOBUS_GSSAPI_MIN_TLS_PROTOCOL=TLS1_VERSION
VO_AUGER_SW_DIR=/cvmfs/auger.egi.eu
DYLD_LIBRARY_PATH=/cvmfs/alice.cern.ch/x86_64-2.6-gnu-4.1.2/Packages/AliEn/v2-19-395/lib:/cvmfs/alice.cern.ch/x86_64-2.6-gnu-4.1.2/Packages/AliEn/v2-19-395/lib:/cvmfs/alice.cern.ch/x86_64-2.6-gnu-4.1.2/Packages/AliEn/v2-19-395/api/lib:/cvmfs/alice.cern.ch/x86_64-2.6-gnu-4.1.2/Packages/AliEn/v2-19-395/globus/lib:/cvmfs/alice.cern.ch/x86_64-2.6-gnu-4.1.2/Packages/AliEn/v2-19-395/httpd/lib:
ALIEN_USER=alicesgm
ALIROOT_VERSION=v5-09-53_JALIEN-19
PYTHON_ROOT=/cvmfs/alice.cern.ch/el6-x86_64/Packages/Python/v3.6.10-12
VO_SW_DIR=/grid/fzk.de/mounts/nfs/software/
VO_ENMR_EU_SW_DIR=/cvmfs/wenmr.egi.eu
GLITE_ENV_SET=TRUE
ALIEN_LD_LIBRARY_PATH=/cvmfs/alice.cern.ch/x86_64-2.6-gnu-4.1.2/Packages/AliEn/v2-19-395/lib:/cvmfs/alice.cern.ch/x86_64-2.6-gnu-4.1.2/Packages/AliEn/v2-19-395/api/lib:/cvmfs/alice.cern.ch/x86_64-2.6-gnu-4.1.2/Packages/AliEn/v2-19-395/globus/lib:/cvmfs/alice.cern.ch/x86_64-2.6-gnu-4.1.2/Packages/AliEn/v2-19-395/httpd/lib
JALIEN_TOKEN_CERT=-----BEGIN CERTIFICATE-----
MIIDZTCCAs6gAwIBAgIRAKrv59nNMMsOcEMI+saDVdAwDQYJKoZIhvcNAQELBQAw
MDELMAkGA1UEBhMCY2gxDjAMBgNVBAoTBUFsaUVuMREwDwYDVQQDEwhBbGlFbiBD
QTAeFw0yMDA1MTgwNzE3NDJaFw0yMDA1MTkwOTE3NDJaMH4xCzAJBgNVBAYTAmNo
MQ4wDAYDVQQKDAVBbGlFbjENMAsGA1UEAwwESm9iczERMA8GA1UEAwwIa3dpamV0
aHUxETAPBgNVBAsMCGt3aWpldGh1MSowKAYDVQQLDCFxdWV1ZWlkPTE4NzgyOTcx
NTgvcmVzdWJtaXNzaW9uPTAwggEiMA0GCSqGSIb3DQEBAQUAA4IBDwAwggEKAoIB
AQCDPOQfL47djSqb4UCFNZN5XtX1gWIqGSfVVZUAoc1QWIwoge1L3SrJpKs+/S9W
etJUNibMqzJ3J3b9paO1VK7/GxeqGcNNnlr095WBZg2EbYuylFpZo0QESxz/q1qD
mrRFbrynPmzxG+nGIiYCu+kjFKoukjXcm5zFDHjoaWIDNyaAv8nmuo18TQIBwx3Z
amBuZwDrHAYGMpXWPheXgnn5c5q/MiqBg0jbH3j6PnFnZN4wurofefegypPbVA/D
35iiS9nvtGOIDeaRiCUXEt3z4nJkfX4PZ9j26uyml30fwf/lUDlehXdJGufkV8jA
BAGacRdHUxiFDOIc9aVnvcr/AgMBAAGjgawwgakwHwYDVR0jBBgwFoAUxmKQWKJl
ypWfk/TO6c2H6l9W1OUwHQYDVR0OBBYEFNVoRVDll+KRczmpHxxeK+DLvKTPMB0G
A1UdJQQWMBQGCCsGAQUFBwMCBggrBgEFBQcDATALBgNVHQ8EBAMCBeAwOwYDVR0R
BDQwMoIJbG9jYWxob3N0ghVsb2NhbGhvc3QubG9jYWxkb21haW6CCTEyNy4wLjAu
MYIDOjoxMA0GCSqGSIb3DQEBCwUAA4GBAH3LPxe+NfCSwCdqICgOsMDdfl6bmCg1
k5CINS6o6FIBE4AmI8byf1x5mmnoiqHBSTcFlviRDAXFU60NXqLhetpeU6qbVo7C
WEztnY4Sz/SzVT+krrR3fD75nQNAxosgJcT0rYZVkwBV8cueNCdyjwivOF9gLkn6
QKfR4S9eVnBR
-----END CERTIFICATE-----

TMP=/tmp/condor_execute/dir_12559
LOGNAME=alicesgm
LCG_GFAL_INFOSYS=bdii-site-kit.gridka.de:2170
PYTHONPATH=/cvmfs/alice.cern.ch/el6-x86_64/Packages/xjalienfs/1.0.6-1/lib/python3.6/site-packages:/cvmfs/alice.cern.ch/el6-x86_64/Packages/ROOT/v6-18-04-alice1-8/lib:/cvmfs/alice.cern.ch/el6-x86_64/Packages/Python-modules/1.0-52/share/python-modules/lib/python/site-packages:/cvmfs/alice.cern.ch/el6-x86_64/Packages/Python/v3.6.10-12/lib/python/site-packages:/cvmfs/alice.cern.ch/el6-x86_64/Packages/XRootD/v4.11.1-11/./lib/python3.6/site-packages:/opt/lcg/lib64/python2.4/site-packages:/opt/lcg/lib64/python:/opt/glite/lib/python:/opt/glite/lib/python2.3/site-packages/amga
JOB_ID=arc-3-kit.gridka.de_8031429.0_1589770316
ALIEN_WORKDIR=/tmp/condor_execute/dir_12559/d0rNDmq3kuwn97UVzn6VJfgoABFKDmABFKDm51zNDmABFKDm3aqomm/alien-job-1878297158
GRID_GLOBAL_JOBID=gsiftp://arc-3-kit.gridka.de:2811/jobs/d0rNDmq3kuwn97UVzn6VJfgoABFKDmABFKDm51zNDmABFKDm3aqomm
HTTPS_CERT_FILE=/tmp/condor_execute/dir_12559/d0rNDmq3kuwn97UVzn6VJfgoABFKDmABFKDm51zNDmABFKDm3aqomm/proxy
ALIEN_XRDCP_URL=root://alice-test-xrootdgpfs.cr.cnaf.infn.it:1094//08/41322/5075c188-98e8-11ea-88a7-2307358e0851
_CONDOR_ANCESTOR_2285=3383:1585210359:2206461825
OMP_NUM_THREADS=1
GLOBUS_GSSAPI_CIPHERS=HIGH
GLOBUS_GSSAPI_BACKWARD_COMPATIBLE_MIC=true
LESSOPEN=||/usr/bin/lesspipe.sh %s
_CONDOR_JOB_AD=/tmp/condor_execute/dir_12559/.job.ad
KFPARTICLE_ROOT=/cvmfs/alice.cern.ch/el6-x86_64/Packages/KFParticle/alice-v1.1-1-29
ALIEN_SITE=FZK
VO_ATLAS_SW_DIR=/cvmfs/atlas.cern.ch/repo/sw
PERL5DB=use Devel::Trace
GCLIENT_NOPROMPT=1
GCLIENT_RETRY_SLEEPTIME=2
GLITE_LOCATION=/usr
LIBXML2_VERSION=v2.9.3_JALIEN-6
ROOUNFOLD_ROOT=/cvmfs/alice.cern.ch/el6-x86_64/Packages/RooUnfold/V02-00-01-alice4-39
BASEDIR=/cvmfs/alice.cern.ch/el6-x86_64/Packages
_CONDOR_JOB_IWD=/tmp/condor_execute/dir_12559
SITE_NAME=FZK-LCG2
VO_DECH_SW_DIR=/grid/fzk.de/mounts/nfs/software/dech
VO_COMPASS_SW_DIR=/grid/fzk.de/mounts/nfs/software/compass/lcg2
NSLOTS=1
ALIEN_PATH=/cvmfs/alice.cern.ch/x86_64-2.6-gnu-4.1.2/Packages/AliEn/v2-19-395/bin:/cvmfs/alice.cern.ch/x86_64-2.6-gnu-4.1.2/Packages/AliEn/v2-19-395/api/bin:/cvmfs/alice.cern.ch/x86_64-2.6-gnu-4.1.2/Packages/AliEn/v2-19-395/globus/bin:/cvmfs/alice.cern.ch/x86_64-2.6-gnu-4.1.2/Packages/AliEn/v2-19-395/httpd/bin
G3SYS=/cvmfs/alice.cern.ch/el6-x86_64/Packages/GEANT3/v2-7-61
X509_USER_KEY=fake
ALIROOT_RELEASE=v5-09-53_JALIEN-19
GLOBUS_GSSAPI_SERVER_CIPHER_ORDER=true
FASTJET=/cvmfs/alice.cern.ch/el6-x86_64/Packages/fastjet/v3.2.1_1.024-alice3-52
_=/bin/env
