G4LEVELGAMMADATA=/cvmfs/alice.cern.ch/el6-x86_64/Packages/GEANT4/v10.4.2-11/share/Geant4-10.4.2/data/PhotonEvaporation5.2
MANPATH=/opt/glite/share/man::
JALIEN_TOKEN_KEY=-----BEGIN RSA PRIVATE KEY-----
MIIEpAIBAAKCAQEAzaYKn3fhdALlGo4jJYfaAB8Jov3kEJqaAEeMUDwtq283kMGf
ontaWPA9kPjnSWKS3MaE/NyOvwbnNkVnwZHYPPR/LT8G8pGT4yQnz+b1ZS7/4jQc
/AjubT+U1hgcwOrt/QggJ4Vs9AZKBqxzXGZ/Op0ebWNA+OPq/bds9NHODfd1TQ4T
k9mkVIumtdaBpPsdbt7V/F4h/xgYUvA2vQta4LPSiBIQZcB4/EAAAStDBPgN6pZU
mx3rQSwz5zixVbsl4E5/FcnIUng/MqTTkv2dFo2RU51GVwlyV0K5fyFGMHUCy8Vi
799h+pieToxGsUjrmuM5JXvn+6l9LPsanJURHQIDAQABAoIBAQCdjDdXNGBkoFMk
pQAIIKvCrASV+ixfDBIvZKD6VyAl1m6bV7sUn6v3txVzmzyV3A7nVK9NiStS7db0
nPeANFuVVzqXT1HjQ+Qof+qAPFCD1B31DjemXrFKwQslehONOG5bC36WyIFP8gGE
W1mF0IBoRzaoVwHPq8y702qFpLZXu31qaYPr5Fzld6sd0ij1XLTDAjYjGmxUnV63
b2UrAUp4ww8nSFwxAez2R9GTKoxXn6lrp3QeYcLiow/nztjdVcfYzQ7XYdBg83kA
621xIK/2jtqUZ0dBtLuf6Q0CcELaHo59JE7tLBI9ILOCZtygRfJCG11OdiFqSr8O
ktuuF0wBAoGBAOhXbx4Hq2GQj554wU4W8swHBY7vHmEGYVH/mSfuXtX4Q6kRd/4v
281UeRzqzOcY1XK6cWS9bwU35KXYw7gcdXqB7UzeP+NIxgczqLImg2tX65YDGl4I
pIApRwxbf+4ojSqrx6edujizvilReGjjOYtmPsKTpu1EcBN7g8JOVLdlAoGBAOKW
yfXti7UXaw94posiUTMPIpJnuBaN9QD1H8N0k3Isu9QTxPb/FKZ5VUlqQNRTB1pa
+DthPiXPU7KMlkFHZHr/o7objZuZ6TwiXkfIwSn1IncjJJ9TzJEoFeEhCJkUTHiI
ztfI87n0Mnqu87qGlRLTffXJC2TueVMMQXMPLKNZAoGAbMb6rAmVMGF5DA2nGwNd
ey5SaOAEzhIpoDVVpD9SwUSxkMcv8Z7Afrps1aAMfKnAzS0DB9I01zGa6Ba7U0hn
rAqGajWnnaalqBuEgJvNbYVFM/+R6bKMKcCpldyE4aC0ruSr3grXc9KbVkbhY+H2
QBCHk5uDTJR9EHIEdwUrXo0CgYB6XlbJgrUdYn1GCLFgmHLjsTvJd0wamiWDk93I
j6+FTJVPbjHD9nPvh71AfapvQDvLVy+R2e1XPAWGepg2vtiL+H0yZ+js7IziFel2
uPtgrmsjjg4cIYRrrAtM3qsnCKhXvAKA1JyTg0azrMIhrMbbOO5gi2ek5YkOCaNb
AQnpWQKBgQC4B8hB+8m0UU60Q1KOweZycspat5JeKiem6mefDixz6rkVHiOex5+U
n0iCyvMWTipQv3iZ7QiDgBsUenYxVQswQQ2FdWeKj5Iqm0ysk/i2tRzj5ux4tdXo
lc+4cG48eBVpz98JNhWIXAMkgmEUdqSLOTPPpBGFx9Ga5RIkFYZGzg==
-----END RSA PRIVATE KEY-----

ALIEN_XRDCP_SIGNED_ENVELOPE=turl=root://mgm.spacescience.ro:1094//15/04867/eb36ce60-99bf-11ea-8d6c-47787417251b\&access=write\&lfn=/alice/cern.ch/user/a/alice_covid19/fah_output/920/089/log_archive.zip\&size=18420\&se=ALICE::ISS::EOS\&guid=eb36ce60-99bf-11ea-8d6c-47787417251b\&md5=467c205c1cf93c534a38d873e11ed838\&user=alice_covid19\&issuer=Authen.1\&issued=1589886015\&expires=1589972415\&hashord=turl-access-lfn-size-se-guid-md5-user-issuer-issued-expires-hashord\&hashord=turl-access-lfn-size-se-guid-md5-user-issuer-issued-expires-hashord\&signature=JHqx/nEUnS2vbbQ3CXFoZiwE0nGFN5TI1R7VKpUd0O/fBz4S/9DxHGay66PLP4UhfzYaqx3fdtS1jc7dVfvacMhBUe5w1VG0NIOnZrBcWujNYj2H/EFpc9btkIPgTxfIC39VU12WlibwSpNkoL2g4DrD7GqlfbPyJTy4r7uwQiA=
G4VMCINSTALL=/cvmfs/alice.cern.ch/el6-x86_64/Packages/GEANT4_VMC/v3-6-p6-2
HOSTNAME=lcg425.dnp.fmph.uniba.sk
IFS= 	

PBS_VERSION=TORQUE-4.2.10
ALIEN_VERSION=v2-19-395
ALIEN_DOMAIN=dnp.fmph.uniba.sk
ALIEN_MASTERJOBID=1879086802
ALIEN_VOs=ALICE#lcgvoboxtwo.dnp.fmph.uniba.sk:8084#1879116807#fZV!ypjxJObldmQ!xccovQ^XXSgXWI3k  
SSL_CERT_FILE=/cvmfs/alice.cern.ch/el6-x86_64/Packages/Python-modules/1.0-52/share/python-modules/lib/python/site-packages/certifi/cacert.pem
VO_ALICE_SW_DIR=/storage/exp_soft/alice
GAPI_LOCATION=/cvmfs/alice.cern.ch/x86_64-2.6-gnu-4.1.2/Packages/AliEn/v2-19-395/api
FREETYPE_ROOT=/cvmfs/alice.cern.ch/el6-x86_64/Packages/FreeType/v2.6-64
G4INSTALL_DATA=/cvmfs/alice.cern.ch/el6-x86_64/Packages/GEANT4/v10.4.2-11/share/
ROOT_INCLUDE_PATH=/cvmfs/alice.cern.ch/el6-x86_64/Packages/AliPhysics/vAN-20200311_JALIEN-1/include:/cvmfs/alice.cern.ch/el6-x86_64/Packages/KFParticle/alice-v1.1-1-29/include:/cvmfs/alice.cern.ch/el6-x86_64/Packages/treelite/a7a0839-5/runtime/native/include:/cvmfs/alice.cern.ch/el6-x86_64/Packages/treelite/a7a0839-5/include:/cvmfs/alice.cern.ch/el6-x86_64/Packages/RooUnfold/V02-00-01-alice4-39/include:/cvmfs/alice.cern.ch/el6-x86_64/Packages/AliRoot/v5-09-53_JALIEN-19/include/Pythia8:/cvmfs/alice.cern.ch/el6-x86_64/Packages/AliRoot/v5-09-53_JALIEN-19/include:/cvmfs/alice.cern.ch/el6-x86_64/Packages/JAliEn-ROOT/0.5.4-2/include:/cvmfs/alice.cern.ch/el6-x86_64/Packages/Vc/1.4.1-7/include:/cvmfs/alice.cern.ch/el6-x86_64/Packages/GEANT4_VMC/v3-6-p6-2/include/g4root:/cvmfs/alice.cern.ch/el6-x86_64/Packages/GEANT4_VMC/v3-6-p6-2/include/geant4vmc:/cvmfs/alice.cern.ch/el6-x86_64/Packages/GEANT4_VMC/v3-6-p6-2/include/mtroot:/cvmfs/alice.cern.ch/el6-x86_64/Packages/GEANT4/v10.4.2-11/include:/cvmfs/alice.cern.ch/el6-x86_64/Packages/GEANT4/v10.4.2-11/include/Geant4:/cvmfs/alice.cern.ch/el6-x86_64/Packages/GEANT3/v2-7-61/include/TGeant3:/cvmfs/alice.cern.ch/el6-x86_64/Packages/fastjet/v3.2.1_1.024-alice3-52/include:/cvmfs/alice.cern.ch/el6-x86_64/Packages/boost/v1.70.0-22/include
ALIEN_ORGANISATION=ALICE
GRID_ENV_LOCATION=/usr/libexec
SHELL=/bin/bash
G4INSTALL=/cvmfs/alice.cern.ch/el6-x86_64/Packages/GEANT4/v10.4.2-11
HISTSIZE=1000
HTTPS_CA_FILE=/home/sgmali04/home_cream_294538871/cream_294538871.proxy
GEANT3DIR=/cvmfs/alice.cern.ch/el6-x86_64/Packages/GEANT3/v2-7-61
PBS_JOBNAME=cream_294538871
ALICE_TARGET=linuxx8664gcc
ALIEN_ROOT=/cvmfs/alice.cern.ch/x86_64-2.6-gnu-4.1.2/Packages/AliEn/v2-19-395
GLOBUS_LOCATION=/cvmfs/alice.cern.ch/x86_64-2.6-gnu-4.1.2/Packages/AliEn/v2-19-395/globus
ROOT_PLUGIN_PATH=/cvmfs/alice.cern.ch/el6-x86_64/Packages/JAliEn-ROOT/0.5.4-2/etc/plugins
VO_OPS_DEFAULT_SE=lcgdpmse.dnp.fmph.uniba.sk
GEANT4_VMC_ROOT=/cvmfs/alice.cern.ch/el6-x86_64/Packages/GEANT4_VMC/v3-6-p6-2
__delegationProxyCertSandboxPath=gsiftp://lcgcreamce.dnp.fmph.uniba.sk/var/cream_sandbox/alicesgm/CN_Michal_Meres_CN_711550_CN_mmeres_OU_Users_OU_Organic_Units_DC_cern_DC_ch_alice_Role_lcgadmin_Capability_NULL_sgmali04/proxy/ALICE__Bratislava__LCG_1589764864_12539778903629
DPM_HOST=lcgdpmse.dnp.fmph.uniba.sk
GT_PROXY_MODE=rfc
ROOT_RELEASE=v6-18-04-alice1-8
PBS_ENVIRONMENT=PBS_BATCH
QTDIR=/usr/lib64/qt-3.3
HTTPS_KEY_FILE=/home/sgmali04/home_cream_294538871/cream_294538871.proxy
GLITE_WMS_LOCATION=/usr
QTINC=/usr/lib64/qt-3.3/include
MODULES_USE_COMPAT_VERSION=1
X509_CERT_DIR=/cvmfs/alice.cern.ch/el6-x86_64/Packages/AliEn-Runtime/v2-19-le-71/globus/share/certificates
ALIEN_HOME=/home/sgmali04/home_cream_294538871/CREAM294538871/.alien
G4NEUTRONXSDATA=/cvmfs/alice.cern.ch/el6-x86_64/Packages/GEANT4/v10.4.2-11/share/Geant4-10.4.2/data/G4NEUTRONXS1.4
PBS_O_WORKDIR=/var/tmp
HTTPS_CA_DIR=/cvmfs/alice.cern.ch/x86_64-2.6-gnu-4.1.2/Packages/AliEn/v2-19-395/globus/share/certificates
GRIDMAPDIR=/etc/grid-security/gridmapdir
G4LEDATA=/cvmfs/alice.cern.ch/el6-x86_64/Packages/GEANT4/v10.4.2-11/share/Geant4-10.4.2/data/G4EMLOW7.3
PBS_TASKNUM=1
USER=sgmali04
LIBXML2_ROOT=/cvmfs/alice.cern.ch/el6-x86_64/Packages/libxml2/v2.9.3_JALIEN-6
ROOUNFOLD_VERSION=V02-00-01-alice4
LD_LIBRARY_PATH=/home/sgmali04/home_cream_294538871/CREAM294538871/alien-job-1879116807/lib:/cvmfs/alice.cern.ch/el6-x86_64/Packages/AliPhysics/vAN-20200311_JALIEN-1/lib:/cvmfs/alice.cern.ch/el6-x86_64/Packages/KFParticle/alice-v1.1-1-29/lib:/cvmfs/alice.cern.ch/el6-x86_64/Packages/treelite/a7a0839-5/lib:/cvmfs/alice.cern.ch/el6-x86_64/Packages/RooUnfold/V02-00-01-alice4-39/lib:/cvmfs/alice.cern.ch/el6-x86_64/Packages/AliRoot/v5-09-53_JALIEN-19/lib:/cvmfs/alice.cern.ch/el6-x86_64/Packages/JAliEn-ROOT/0.5.4-2/lib:/cvmfs/alice.cern.ch/el6-x86_64/Packages/Vc/1.4.1-7/lib:/cvmfs/alice.cern.ch/el6-x86_64/Packages/GEANT4_VMC/v3-6-p6-2/lib:/cvmfs/alice.cern.ch/el6-x86_64/Packages/vgm/v4-4-71/lib:/cvmfs/alice.cern.ch/el6-x86_64/Packages/GEANT4/v10.4.2-11/lib:/cvmfs/alice.cern.ch/el6-x86_64/Packages/GEANT3/v2-7-61/lib64:/cvmfs/alice.cern.ch/el6-x86_64/Packages/fastjet/v3.2.1_1.024-alice3-52/lib:/cvmfs/alice.cern.ch/el6-x86_64/Packages/cgal/4.6.3-19/lib:/cvmfs/alice.cern.ch/el6-x86_64/Packages/boost/v1.70.0-22/lib:/cvmfs/alice.cern.ch/el6-x86_64/Packages/DPMJET/v3.0.5-alice4-13/lib:/cvmfs/alice.cern.ch/el6-x86_64/Packages/ROOT/v6-18-04-alice1-8/lib:/cvmfs/alice.cern.ch/el6-x86_64/Packages/lzma/v5.2.3-12/lib:/cvmfs/alice.cern.ch/el6-x86_64/Packages/GSL/v1.16-36/lib:/cvmfs/alice.cern.ch/el6-x86_64/Packages/Python-modules/1.0-52/share/python-modules/lib:/cvmfs/alice.cern.ch/el6-x86_64/Packages/Python/v3.6.10-12/lib:/cvmfs/alice.cern.ch/el6-x86_64/Packages/FreeType/v2.6-64/lib:/cvmfs/alice.cern.ch/el6-x86_64/Packages/libffi/v3.2.1-5/lib64:/cvmfs/alice.cern.ch/el6-x86_64/Packages/libpng/v1.6.34-34/lib:/cvmfs/alice.cern.ch/el6-x86_64/Packages/XRootD/v4.11.1-11/lib:/cvmfs/alice.cern.ch/el6-x86_64/Packages/libxml2/v2.9.3_JALIEN-6/lib:/cvmfs/alice.cern.ch/el6-x86_64/Packages/OpenSSL/v1.0.2o_JALIEN-5/lib:/cvmfs/alice.cern.ch/el6-x86_64/Packages/zlib/v1.2.8-32/lib:/cvmfs/alice.cern.ch/el6-x86_64/Packages/AliEn-Runtime/v2-19-le-71/lib:/cvmfs/alice.cern.ch/el6-x86_64/Packages/GCC-Toolchain/v7.3.0-alice1-5/lib64:/cvmfs/alice.cern.ch/el6-x86_64/Packages/GCC-Toolchain/v7.3.0-alice1-5/lib:/cvmfs/alice.cern.ch/x86_64-2.6-gnu-4.1.2/Packages/AliEn/v2-19-395/lib:/cvmfs/alice.cern.ch/x86_64-2.6-gnu-4.1.2/Packages/AliEn/v2-19-395/lib:/cvmfs/alice.cern.ch/x86_64-2.6-gnu-4.1.2/Packages/AliEn/v2-19-395/api/lib:/cvmfs/alice.cern.ch/x86_64-2.6-gnu-4.1.2/Packages/AliEn/v2-19-395/globus/lib:/cvmfs/alice.cern.ch/x86_64-2.6-gnu-4.1.2/Packages/AliEn/v2-19-395/httpd/lib:/cvmfs/alice.cern.ch/x86_64-2.6-gnu-4.1.2/Packages/AliEn/v2-19-395/x86_64-unknown-linux-gnu/4.1.2/lib:/cvmfs/alice.cern.ch/x86_64-2.6-gnu-4.1.2/Packages/AliEn/v2-19-395/api/lib:/cvmfs/alice.cern.ch/x86_64-2.6-gnu-4.1.2/Packages/AliEn/v2-19-395/x86_64-unknown-linux-gnu/4.1.2
ALIEN_PROMPT=alien
GRID_JOBID=N/A
PBS_O_HOME=/home/sgmali04
GCLIENT_NOGSI=1
ALIEN_CM_AS_LDAP_PROXY=lcg425.dnp.fmph.uniba.sk:8089/JobAgent
LCG_LOCATION=/usr
VO_DTEAM_SW_DIR=/storage/exp_soft/dteam
GCC_TOOLCHAIN_ROOT=/cvmfs/alice.cern.ch/el6-x86_64/Packages/GCC-Toolchain/v7.3.0-alice1-5
GCLIENT_COMMAND_MAXWAIT=1800
ROOT_BASEDIR=/cvmfs/alice.cern.ch/el6-x86_64/Packages/ROOT
ALIEN_LOG=AliEn.JobAgent.11902.18830
G4NEUTRONHPDATA=/cvmfs/alice.cern.ch/el6-x86_64/Packages/GEANT4/v10.4.2-11/share/Geant4-10.4.2/data/G4NDL4.5
PBS_WALLTIME=259200
ALICE_ROOT=/cvmfs/alice.cern.ch/el6-x86_64/Packages/AliRoot/v5-09-53_JALIEN-19
PBS_GPUFILE=/var/lib/torque/aux//6607006.lcgcreamce.dnp.fmph.uniba.skgpu
PBS_MOMPORT=15003
ALIEN_CA=/var/log/AliEn/CA
ALICE=/cvmfs/alice.cern.ch/el6-x86_64/Packages/AliRoot
G4ENSDFSTATEDATA=/cvmfs/alice.cern.ch/el6-x86_64/Packages/GEANT4/v10.4.2-11/share/Geant4-10.4.2/data/G4ENSDFSTATE2.2
G4RADIOACTIVEDATA=/cvmfs/alice.cern.ch/el6-x86_64/Packages/GEANT4/v10.4.2-11/share/Geant4-10.4.2/data/RadioactiveDecay5.2
VO_OPS_SW_DIR=/storage/exp_soft/ops
DPMJET_ROOT=/cvmfs/alice.cern.ch/el6-x86_64/Packages/DPMJET/v3.0.5-alice4-13
GLITE_WMS_JOBID=N/A
PBS_O_QUEUE=alice
ALIEN_JOB_TOKEN=fZV!ypjxJObldmQ!xccovQ^XXSgXWI3k
GCLIENT_COMMAND_RETRY=50
LZMA_ROOT=/cvmfs/alice.cern.ch/el6-x86_64/Packages/lzma/v5.2.3-12
ALICE_TARGET_EXT=linuxx8664gcc
VC_ROOT=/cvmfs/alice.cern.ch/el6-x86_64/Packages/Vc/1.4.1-7
ALIEN_DEBUG=-d:Trace
MAIL=/var/spool/mail/sgmali04
PBS_O_LOGNAME=sgmali04
PATH=/cvmfs/alice.cern.ch/el6-x86_64/Packages/AliPhysics/vAN-20200311_JALIEN-1/bin:/cvmfs/alice.cern.ch/el6-x86_64/Packages/treelite/a7a0839-5/bin:/cvmfs/alice.cern.ch/el6-x86_64/Packages/RooUnfold/V02-00-01-alice4-39/bin:/cvmfs/alice.cern.ch/el6-x86_64/Packages/AliRoot/v5-09-53_JALIEN-19/bin:/cvmfs/alice.cern.ch/el6-x86_64/Packages/JAliEn-ROOT/0.5.4-2/bin:/cvmfs/alice.cern.ch/el6-x86_64/Packages/xjalienfs/1.0.6-1/bin:/cvmfs/alice.cern.ch/el6-x86_64/Packages/Vc/1.4.1-7/bin:/cvmfs/alice.cern.ch/el6-x86_64/Packages/GEANT4_VMC/v3-6-p6-2/bin:/cvmfs/alice.cern.ch/el6-x86_64/Packages/GEANT4/v10.4.2-11/bin:/cvmfs/alice.cern.ch/el6-x86_64/Packages/GEANT3/v2-7-61/bin:/cvmfs/alice.cern.ch/el6-x86_64/Packages/fastjet/v3.2.1_1.024-alice3-52/bin:/cvmfs/alice.cern.ch/el6-x86_64/Packages/cgal/4.6.3-19/bin:/cvmfs/alice.cern.ch/el6-x86_64/Packages/DPMJET/v3.0.5-alice4-13/bin:/cvmfs/alice.cern.ch/el6-x86_64/Packages/ROOT/v6-18-04-alice1-8/bin:/cvmfs/alice.cern.ch/el6-x86_64/Packages/lzma/v5.2.3-12/bin:/cvmfs/alice.cern.ch/el6-x86_64/Packages/GSL/v1.16-36/bin:/cvmfs/alice.cern.ch/el6-x86_64/Packages/Python-modules/1.0-52/share/python-modules/bin:/cvmfs/alice.cern.ch/el6-x86_64/Packages/Python/v3.6.10-12/bin:/cvmfs/alice.cern.ch/el6-x86_64/Packages/FreeType/v2.6-64/bin:/cvmfs/alice.cern.ch/el6-x86_64/Packages/libpng/v1.6.34-34/bin:/cvmfs/alice.cern.ch/el6-x86_64/Packages/XRootD/v4.11.1-11/bin:/cvmfs/alice.cern.ch/el6-x86_64/Packages/libxml2/v2.9.3_JALIEN-6/bin:/cvmfs/alice.cern.ch/el6-x86_64/Packages/OpenSSL/v1.0.2o_JALIEN-5/bin:/cvmfs/alice.cern.ch/el6-x86_64/Packages/AliEn-Runtime/v2-19-le-71/bin:/cvmfs/alice.cern.ch/el6-x86_64/Packages/GCC-Toolchain/v7.3.0-alice1-5/bin:/cvmfs/alice.cern.ch/x86_64-2.6-gnu-4.1.2/Packages/AliEn/v2-19-395/bin:/cvmfs/alice.cern.ch/x86_64-2.6-gnu-4.1.2/Packages/AliEn/v2-19-395/x86_64-unknown-linux-gnu/4.1.2/bin:/cvmfs/alice.cern.ch/x86_64-2.6-gnu-4.1.2/Packages/AliEn/v2-19-395/bin:/cvmfs/alice.cern.ch/x86_64-2.6-gnu-4.1.2/Packages/AliEn/v2-19-395/api/bin:/cvmfs/alice.cern.ch/x86_64-2.6-gnu-4.1.2/Packages/AliEn/v2-19-395/globus/bin:/cvmfs/alice.cern.ch/x86_64-2.6-gnu-4.1.2/Packages/AliEn/v2-19-395/httpd/bin:/cvmfs/alice.cern.ch/x86_64-2.6-gnu-4.1.2/Packages/AliEn/v2-19-395/api/bin:/cvmfs/alice.cern.ch/x86_64-2.6-gnu-4.1.2/Packages/AliEn/v2-19-395/bin:/usr/lib64/qt-3.3/bin:/bin:/usr/bin:/usr/local/sbin:/usr/sbin:/sbin:/home/sgmali04/bin:/cvmfs/alice.cern.ch/bin:/cvmfs/alice.cern.ch/bin
VGM_ROOT=/cvmfs/alice.cern.ch/el6-x86_64/Packages/vgm/v4-4-71
DPNS_HOST=lcgdpmse.dnp.fmph.uniba.sk
PBS_O_LANG=en_US.UTF-8
ROOUNFOLD_RELEASE=V02-00-01-alice4-39
PBS_JOBCOOKIE=D1E636EA1BBE349731C878DDDC41BE4E
VO_DTEAM_DEFAULT_SE=lcgdpmse.dnp.fmph.uniba.sk
ALIEN_PROC_ID=1879116807
GCLIENT_SERVER_RESELECT=4
GEANT4_ROOT=/cvmfs/alice.cern.ch/el6-x86_64/Packages/GEANT4/v10.4.2-11
PWD=/home/sgmali04/home_cream_294538871/CREAM294538871/alien-job-1879116807
GSL_ROOT=/cvmfs/alice.cern.ch/el6-x86_64/Packages/GSL/v1.16-36
SITE_GIIS_URL=lcgbdii.dnp.fmph.uniba.sk
_LMFILES_=/cvmfs/alice.cern.ch/x86_64-2.6-gnu-4.1.2/Modules/modulefiles/BASE/1.0:/cvmfs/alice.cern.ch/x86_64-2.6-gnu-4.1.2/Modules/modulefiles/AliEn/v2-19-395:/cvmfs/alice.cern.ch/el6-x86_64/Modules/modulefiles/BASE/1.0:/cvmfs/alice.cern.ch/etc/toolchain/modulefiles/el6-x86_64/Toolchain/GCC-v7.3.0:/cvmfs/alice.cern.ch/el6-x86_64/Modules/modulefiles/GCC-Toolchain/v7.3.0-alice1-7:/cvmfs/alice.cern.ch/el6-x86_64/Modules/modulefiles/AliEn-Runtime/v2-19-le-71:/cvmfs/alice.cern.ch/el6-x86_64/Modules/modulefiles/zlib/v1.2.8-32:/cvmfs/alice.cern.ch/el6-x86_64/Modules/modulefiles/OpenSSL/v1.0.2o_JALIEN-5:/cvmfs/alice.cern.ch/el6-x86_64/Modules/modulefiles/libxml2/v2.9.3_JALIEN-6:/cvmfs/alice.cern.ch/el6-x86_64/Modules/modulefiles/libpng/v1.6.34-34:/cvmfs/alice.cern.ch/el6-x86_64/Modules/modulefiles/libffi/v3.2.1-5:/cvmfs/alice.cern.ch/el6-x86_64/Modules/modulefiles/FreeType/v2.6-64:/cvmfs/alice.cern.ch/el6-x86_64/Modules/modulefiles/Python/v3.6.10-12:/cvmfs/alice.cern.ch/el6-x86_64/Modules/modulefiles/Python-modules/1.0-52:/cvmfs/alice.cern.ch/el6-x86_64/Modules/modulefiles/XRootD/v4.11.1-11:/cvmfs/alice.cern.ch/el6-x86_64/Modules/modulefiles/GSL/v1.16-36:/cvmfs/alice.cern.ch/el6-x86_64/Modules/modulefiles/lzma/v5.2.3-12:/cvmfs/alice.cern.ch/el6-x86_64/Modules/modulefiles/ROOT/v6-18-04-alice1-8:/cvmfs/alice.cern.ch/el6-x86_64/Modules/modulefiles/DPMJET/v3.0.5-alice4-13:/cvmfs/alice.cern.ch/el6-x86_64/Modules/modulefiles/boost/v1.70.0-22:/cvmfs/alice.cern.ch/el6-x86_64/Modules/modulefiles/cgal/4.6.3-19:/cvmfs/alice.cern.ch/el6-x86_64/Modules/modulefiles/fastjet/v3.2.1_1.024-alice3-52:/cvmfs/alice.cern.ch/el6-x86_64/Modules/modulefiles/GEANT3/v2-7-61:/cvmfs/alice.cern.ch/el6-x86_64/Modules/modulefiles/GEANT4/v10.4.2-11:/cvmfs/alice.cern.ch/el6-x86_64/Modules/modulefiles/vgm/v4-4-71:/cvmfs/alice.cern.ch/el6-x86_64/Modules/modulefiles/GEANT4_VMC/v3-6-p6-2:/cvmfs/alice.cern.ch/el6-x86_64/Modules/modulefiles/Vc/1.4.1-7:/cvmfs/alice.cern.ch/el6-x86_64/Modules/modulefiles/xjalienfs/1.0.6-1:/cvmfs/alice.cern.ch/el6-x86_64/Modules/modulefiles/JAliEn-ROOT/0.5.4-2:/cvmfs/alice.cern.ch/el6-x86_64/Modules/modulefiles/AliRoot/v5-09-53_JALIEN-19:/cvmfs/alice.cern.ch/el6-x86_64/Modules/modulefiles/RooUnfold/V02-00-01-alice4-39:/cvmfs/alice.cern.ch/el6-x86_64/Modules/modulefiles/treelite/a7a0839-5:/cvmfs/alice.cern.ch/el6-x86_64/Modules/modulefiles/KFParticle/alice-v1.1-1-29:/cvmfs/alice.cern.ch/el6-x86_64/Modules/modulefiles/AliPhysics/vAN-20200311_JALIEN-1:/cvmfs/alice.cern.ch/el6-x86_64/Modules/modulefiles/APISCONFIG/V1.1x
ALIEN_XRDCP_ENVELOPE=-----BEGIN SEALED CIPHER-----
U0-lg92H52wGtvNFl6mTdvOtnDcujHLL4PQoh4b71VovJ4bzJYUEZk+CNrFdB-J2Dnr21a5Ri4WC
IjJumALWRwaA+MnvWQFYPnRM0d4xDdeWcZUKMhpjg3CKpJORyuEiFJjeRfY5c3jQZQtV21W5105C
Z81Ndpi4T+HKKaJ3r30=
-----END SEALED CIPHER-----
-----BEGIN SEALED ENVELOPE-----
AAAAgJ7rBmujl1biv+kyhnGJmMt4oaoXh2Ix7jEUB8fSKwrHdBXcS0-TMsRFZSF1G1i20PA7ij40
GSG6WVqi50o35uhP5Zbhx96l1YRS3s0aFeyWrDlYRxLS4dhSOedrzxm4ks6SEE6cnzDFobu8qp8F
cyXi2kP9modRkjUVXZknFpReIKGvQP5e7oEfHhPvj1e+kFHW2E3F3svkP7YgcWwrJIkSp6hJLNi5
GBUabTxQF-0nvFz22nEDTJDvZ7f0bGNdbjn5sAyQHD1VhxC9bHCwa3sGvoFIcn03CRx+9m6qRX17
vIA7985iePLTj7dNAIrLG41C4LvsOruNjS1qmtOZJmYBmpKFQAITXRQ8NmWdp-S2rRHZw4otcEik
eUfNsID1QydQDrs4oSA3J1c3tgN-ZJdgjuQ2DINXHJkI1RCg22Dyqf0kx+4L3lO2lDJi4CsU8NKm
Uwr3OzmZRT0tqzMsiC5Av2Gxx+hCtm35Ig3vfBMiEtbvRObU+uX4gwS7Ux3QOpOBBx4VZZCocTb5
cBh4MRGoMbDbjKM-jgRtLjxw32HbIPvFtsKo8weebQrl446PJ9wvp7hclHNiSjKydBzWfLXgRAsj
boqA3wI6a6dcne9--m9fy2a6BvXQyvkVOii-8TQ5SpkB0bE7Miwy+5SUEnhszXAn5St81bOzRVMZ
Ut9RfCjEdDzwMJRNxcgu+z1ht4QvnmjM7H4tqe2ysiqNkG-6jxF9Bls0XqY4FK+GwReBP-h7Jbaz
ECFZgtGuHRi9U8MXv2fe5cAkzE1V-Gbgy6wFMKokqtGHXNaMZTKLyBtksvihHYXL6ZE5NmfSNowR
4zL6EaEVaRX-qQrMusx9rp6Zx2uWS-nRNGh7TqN4tJCi00MDTPThnToIn1Sfe32PNzPJzYa5XNHn
zFKTBK8HUGW-auSnubaSBcx2p1-jnSMqwfyAGEpCwJFc+HViBKXzL2aOOxLbac1iFRo6HBEVxxMh
lkJ-5ExOBLtO33chIOkZM0-2PV6man+1il9JbkKqf-xU04bFo4qT-bv0B9mJTAcWW6itTJry+MX3
r2f8e06NDkKTg4C2bFJUW9IRUFyF3Gee4kFiGIef5eVPKAH2sO0mj8mi2HJXMqSw+tYV4UkY
-----END SEALED ENVELOPE-----

ALIEN_HOSTNAME=lcg425.dnp.fmph.uniba.sk
ALIEN_PACKAGES=VO_ALICE@AliPhysics::vAN-20200311_JALIEN-1
GCLIENT_SERVER_LIST=137.138.99.188:10000\|137.138.99.179:10000\|137.138.99.168:10000\|137.138.99.170:10000\|137.138.99.167:10000\|137.138.99.175:10000\|137.138.99.187:10000\|137.138.99.138:10000\|137.138.99.189:10000\|137.138.99.169:10000\|
PBS_NODENUM=0
LANG=C
MODULEPATH=/cvmfs/alice.cern.ch/etc/toolchain/modulefiles/el6-x86_64:/cvmfs/alice.cern.ch/x86_64-2.6-gnu-4.1.2/Modules/modulefiles:/cvmfs/alice.cern.ch/x86_64-2.6-gnu-4.7.2/Modules/modulefiles:/cvmfs/alice.cern.ch/x86_64-2.6-gnu-4.8.3/Modules/modulefiles:/cvmfs/alice.cern.ch/el6-x86_64/Modules/modulefiles:/cvmfs/alice.cern.ch/el7-x86_64/Modules/modulefiles
GEANT3_ROOT=/cvmfs/alice.cern.ch/el6-x86_64/Packages/GEANT3/v2-7-61
OPENSSL_ROOT=/cvmfs/alice.cern.ch/el6-x86_64/Packages/OpenSSL/v1.0.2o_JALIEN-5
PBS_NUM_NODES=1
LOADEDMODULES=BASE/1.0:AliEn/v2-19-395:Toolchain/GCC-v7.3.0:GCC-Toolchain/v7.3.0-alice1-7:AliEn-Runtime/v2-19-le-71:zlib/v1.2.8-32:OpenSSL/v1.0.2o_JALIEN-5:libxml2/v2.9.3_JALIEN-6:libpng/v1.6.34-34:libffi/v3.2.1-5:FreeType/v2.6-64:Python/v3.6.10-12:Python-modules/1.0-52:XRootD/v4.11.1-11:GSL/v1.16-36:lzma/v5.2.3-12:ROOT/v6-18-04-alice1-8:DPMJET/v3.0.5-alice4-13:boost/v1.70.0-22:cgal/4.6.3-19:fastjet/v3.2.1_1.024-alice3-52:GEANT3/v2-7-61:GEANT4/v10.4.2-11:vgm/v4-4-71:GEANT4_VMC/v3-6-p6-2:Vc/1.4.1-7:xjalienfs/1.0.6-1:JAliEn-ROOT/0.5.4-2:AliRoot/v5-09-53_JALIEN-19:RooUnfold/V02-00-01-alice4-39:treelite/a7a0839-5:KFParticle/alice-v1.1-1-29:AliPhysics/vAN-20200311_JALIEN-1:APISCONFIG/V1.1x
SYSTEM_LIBPATH=lib64
ALICE_PHYSICS=/cvmfs/alice.cern.ch/el6-x86_64/Packages/AliPhysics/vAN-20200311_JALIEN-1
ALIPHYSICS_VERSION=vAN-20200311_JALIEN-1
PYTHONHOME=/cvmfs/alice.cern.ch/el6-x86_64/Packages/Python/v3.6.10-12
ALIEN_JOBAGENT_ID=11902_18830_29896
PBS_O_SHELL=/sbin/nologin
APMON_CONFIG=lcgvoboxtwo.dnp.fmph.uniba.sk
GLITE_WMS_SEQUENCE_CODE=
G4SAIDXSDATA=/cvmfs/alice.cern.ch/el6-x86_64/Packages/GEANT4/v10.4.2-11/share/Geant4-10.4.2/data/G4SAIDDATA1.1
PBS_JOBID=6607006.lcgcreamce.dnp.fmph.uniba.sk
ALIEN_PROCESSNAME=JOBAGENT
ALIEN_SITE_HOST=lcgvoboxtwo.dnp.fmph.uniba.sk
GCLIENT_SERVER_RECONNECT=2
HISTCONTROL=ignoredups
ENVIRONMENT=BATCH
ALIEN_PERL=/cvmfs/alice.cern.ch/x86_64-2.6-gnu-4.1.2/Packages/AliEn/v2-19-395/bin/alien-perl
ROOTSYS=/cvmfs/alice.cern.ch/el6-x86_64/Packages/ROOT/v6-18-04-alice1-8
CE_ID=lcgcreamce.dnp.fmph.uniba.sk:8443/cream-pbs-alice
GLEXEC_LOCATION=/usr
CREAM_JOBID=https://lcgcreamce.dnp.fmph.uniba.sk:8443/CREAM294538871
GLITE_LOCATION_VAR=/var
VO_ALICE_DEFAULT_SE=lcgdpmse.dnp.fmph.uniba.sk
SHLVL=8
HOME=/home/sgmali04/home_cream_294538871/CREAM294538871
ALIPHYSICS_RELEASE=vAN-20200311_JALIEN-1
__copy_proxy_min_retry_wait=60
G4SYSTEM=Linux-g++
GCLIENT_RETRY_DAMPING=4.0
__delegationTimeSlot=3600
X509_USER_PROXY=/home/sgmali04/home_cream_294538871/cream_294538871.proxy
GSHELL_GCC=/usr/bin/gcc
PBS_O_HOST=lcgcreamce.dnp.fmph.uniba.sk
ALIEN_USER=mmeres
DYLD_LIBRARY_PATH=/cvmfs/alice.cern.ch/x86_64-2.6-gnu-4.1.2/Packages/AliEn/v2-19-395/lib:/cvmfs/alice.cern.ch/x86_64-2.6-gnu-4.1.2/Packages/AliEn/v2-19-395/lib:/cvmfs/alice.cern.ch/x86_64-2.6-gnu-4.1.2/Packages/AliEn/v2-19-395/api/lib:/cvmfs/alice.cern.ch/x86_64-2.6-gnu-4.1.2/Packages/AliEn/v2-19-395/globus/lib:/cvmfs/alice.cern.ch/x86_64-2.6-gnu-4.1.2/Packages/AliEn/v2-19-395/httpd/lib:
ALIROOT_VERSION=v5-09-53_JALIEN-19
PYTHON_ROOT=/cvmfs/alice.cern.ch/el6-x86_64/Packages/Python/v3.6.10-12
GLITE_ENV_SET=TRUE
PBS_VNODENUM=0
ALIEN_LD_LIBRARY_PATH=/cvmfs/alice.cern.ch/x86_64-2.6-gnu-4.1.2/Packages/AliEn/v2-19-395/lib:/cvmfs/alice.cern.ch/x86_64-2.6-gnu-4.1.2/Packages/AliEn/v2-19-395/api/lib:/cvmfs/alice.cern.ch/x86_64-2.6-gnu-4.1.2/Packages/AliEn/v2-19-395/globus/lib:/cvmfs/alice.cern.ch/x86_64-2.6-gnu-4.1.2/Packages/AliEn/v2-19-395/httpd/lib
JALIEN_TOKEN_CERT=-----BEGIN CERTIFICATE-----
MIIDZTCCAs6gAwIBAgIRALFYaTmYY74nnTQ42CErEIwwDQYJKoZIhvcNAQELBQAw
MDELMAkGA1UEBhMCY2gxDjAMBgNVBAoTBUFsaUVuMREwDwYDVQQDEwhBbGlFbiBD
QTAeFw0yMDA1MTkwOTAzNDNaFw0yMDA1MjAxMTAzNDNaMH4xCzAJBgNVBAYTAmNo
MQ4wDAYDVQQKDAVBbGlFbjENMAsGA1UEAwwESm9iczERMA8GA1UEAwwIa3dpamV0
aHUxETAPBgNVBAsMCGt3aWpldGh1MSowKAYDVQQLDCFxdWV1ZWlkPTE4NzkxMTY4
MDcvcmVzdWJtaXNzaW9uPTAwggEiMA0GCSqGSIb3DQEBAQUAA4IBDwAwggEKAoIB
AQDNpgqfd+F0AuUajiMlh9oAHwmi/eQQmpoAR4xQPC2rbzeQwZ+ie1pY8D2Q+OdJ
YpLcxoT83I6/Buc2RWfBkdg89H8tPwbykZPjJCfP5vVlLv/iNBz8CO5tP5TWGBzA
6u39CCAnhWz0BkoGrHNcZn86nR5tY0D44+r9t2z00c4N93VNDhOT2aRUi6a11oGk
+x1u3tX8XiH/GBhS8Da9C1rgs9KIEhBlwHj8QAABK0ME+A3qllSbHetBLDPnOLFV
uyXgTn8VychSeD8ypNOS/Z0WjZFTnUZXCXJXQrl/IUYwdQLLxWLv32H6mJ5OjEax
SOua4zkle+f7qX0s+xqclREdAgMBAAGjgawwgakwHwYDVR0jBBgwFoAUxmKQWKJl
ypWfk/TO6c2H6l9W1OUwHQYDVR0OBBYEFDWtENDrEY1oZTgMQl4WnuM1Ab8GMB0G
A1UdJQQWMBQGCCsGAQUFBwMCBggrBgEFBQcDATALBgNVHQ8EBAMCBeAwOwYDVR0R
BDQwMoIJbG9jYWxob3N0ghVsb2NhbGhvc3QubG9jYWxkb21haW6CCTEyNy4wLjAu
MYIDOjoxMA0GCSqGSIb3DQEBCwUAA4GBACTGJLNHdtglPuh+prDufpFDS5P9HAE9
lSkYHG4CQoyksIJIA5XhmNljIjbiHGVFfTIjFFHLHRrr+HoEb0oad0hg3swCr5TE
wxn0BRXnKBF3MEoO9hezYpO0IyVX5X7ECNMCabIgacQi+rF9xdWrW8S9diNWHNH5
BveVh+GB08on
-----END CERTIFICATE-----

LCG_GFAL_INFOSYS=bdii.ui.savba.sk:2170,ii.grid.tuke.sk:2170
LOGNAME=sgmali04
PYTHONPATH=/cvmfs/alice.cern.ch/el6-x86_64/Packages/xjalienfs/1.0.6-1/lib/python3.6/site-packages:/cvmfs/alice.cern.ch/el6-x86_64/Packages/ROOT/v6-18-04-alice1-8/lib:/cvmfs/alice.cern.ch/el6-x86_64/Packages/Python-modules/1.0-52/share/python-modules/lib/python/site-packages:/cvmfs/alice.cern.ch/el6-x86_64/Packages/Python/v3.6.10-12/lib/python/site-packages:/cvmfs/alice.cern.ch/el6-x86_64/Packages/XRootD/v4.11.1-11/./lib/python3.6/site-packages
QTLIB=/usr/lib64/qt-3.3/lib
CVS_RSH=ssh
ALIEN_WORKDIR=/home/sgmali04/home_cream_294538871/CREAM294538871/alien-job-1879116807
PBS_QUEUE=alice
HTTPS_CERT_FILE=/home/sgmali04/home_cream_294538871/cream_294538871.proxy
ALIEN_XRDCP_URL=root://mgm.spacescience.ro:1094//15/04867/eb36ce60-99bf-11ea-8d6c-47787417251b
LESSOPEN=||/usr/bin/lesspipe.sh %s
PBS_MICFILE=/var/lib/torque/aux//6607006.lcgcreamce.dnp.fmph.uniba.skmic
PBS_O_MAIL=/var/spool/mail/sgmali04
KFPARTICLE_ROOT=/cvmfs/alice.cern.ch/el6-x86_64/Packages/KFParticle/alice-v1.1-1-29
__delegationProxyCertSandboxPathTmp=/tmp/ALICE__Bratislava__LCG_1589764864_12539778903629294538871
ALIEN_SITE=Bratislava
OLDHOME=/home/sgmali04/home_cream_294538871
PBS_NP=1
PERL5DB=use Devel::Trace
GCLIENT_NOPROMPT=1
GCLIENT_RETRY_SLEEPTIME=2
GLITE_LOCATION=/usr
PBS_NUM_PPN=1
PBS_O_SERVER=lcgcreamce.dnp.fmph.uniba.sk
LIBXML2_VERSION=v2.9.3_JALIEN-6
ROOUNFOLD_ROOT=/cvmfs/alice.cern.ch/el6-x86_64/Packages/RooUnfold/V02-00-01-alice4-39
BASEDIR=/cvmfs/alice.cern.ch/el6-x86_64/Packages
SITE_NAME=FMPhI-UNIBA
ALIEN_PATH=/cvmfs/alice.cern.ch/x86_64-2.6-gnu-4.1.2/Packages/AliEn/v2-19-395/bin:/cvmfs/alice.cern.ch/x86_64-2.6-gnu-4.1.2/Packages/AliEn/v2-19-395/api/bin:/cvmfs/alice.cern.ch/x86_64-2.6-gnu-4.1.2/Packages/AliEn/v2-19-395/globus/bin:/cvmfs/alice.cern.ch/x86_64-2.6-gnu-4.1.2/Packages/AliEn/v2-19-395/httpd/bin
G3SYS=/cvmfs/alice.cern.ch/el6-x86_64/Packages/GEANT3/v2-7-61
G_BROKEN_FILENAMES=1
PBS_NODEFILE=/var/lib/torque/aux//6607006.lcgcreamce.dnp.fmph.uniba.sk
ALIROOT_RELEASE=v5-09-53_JALIEN-19
GLITE_WMS_LOG_DESTINATION=lcgcreamce.dnp.fmph.uniba.sk
EDG_WL_NOSETPGRP=1
PBS_O_PATH=/bin:/usr/bin:/usr/sbin:/sbin:/usr/local/sbin:/home/sgmali04/bin
FASTJET=/cvmfs/alice.cern.ch/el6-x86_64/Packages/fastjet/v3.2.1_1.024-alice3-52
_=/bin/env
