G4LEVELGAMMADATA=/cvmfs/alice.cern.ch/el6-x86_64/Packages/GEANT4/v10.4.2-11/share/Geant4-10.4.2/data/PhotonEvaporation5.2
_condor_CONDOR_Q_ONLY_MY_JOBS=false
_CONDOR_JOB_PIDS=
JALIEN_TOKEN_KEY=-----BEGIN RSA PRIVATE KEY-----
MIIEowIBAAKCAQEAj/bCjMkWpHMAZ+YCo/GlDGZ4+zPZgtkqBD8+M/62pjySPt3+
KmTSGO4MxF+x4OZiUL5VCUhrYp4FXMAfRkhjamo5Jne1/ZgovTKTN77wy8mP98U7
G44wj2WW9zlMs1vW2Ct5EgOlrYSxUd/CIQHYgiyjY330zVIpiYlydJ/NWmcSod8i
XMHx+hmp3QMyIfe13xUTyIKQQXVQTlB2fph+lVfLILzQrvc8rhyWq6XEG886yGRd
3YZWNyK+eKxzzIQhl5ZSn07ASFEUG70QAQtReQvqjgAtJQ8zXMH+ZM0uDj2SSVvW
BvoZN1JMR7Mb6gRf9t5Ve77+n11HfANb4YvHQQIDAQABAoIBAEIYj9/lXxDnf9Mz
5hhxFE7qKTdj6cRKgiDrDFsA4cjW3Goir9O08ETj3la2fMt92rupdw9JAYyIcnvP
9UvmZkZwOIbxxUuF9YZP1wlsD8/wXbnrAqU3FhJwGOyukQlz6+LZqr9bj1BoMKUf
b1iKKWYyql0+cgtmYo2z3imvSK/tGLyTowpgd3nm4dMnerOMUn95jBarGq6DLKuS
DyLw8XSZMdItC2aV5YVmN5WJtdXW6TFvuE/g/r0ja6hwc7AZreSOlo3VT+W1Ijie
UUs5x0QY6xdW5LhQRQzE+U8f8LHhMZzhQZDwAiGWjCeovvh5LzrjFc/VtKPYfXMI
+AEECcECgYEA68C63ixk2oSyEZ6XHdakwMTxBHRaM7a1bWxdyC/sBkfYNok5/qax
7lHRUmre+OeVcMZvYywBGrTQbsYR4bi6goOLZwhSI6MM+nqb89xZwqS6Gy+OsfBj
i+1X7E0/LSAWeYgF9pZnya1uiVBrywE1ZKhLtEawIR5XUNU2OPIF5QkCgYEAnFP0
h9y3XR6nMezaPkgMWS89lFEgjE9Hemn17MpuhxOhGUfpEwUwMlUU1Px88ugWxyvn
D+qBSbdpIbrJouSh8r6vdRO1Qb60d5Pv7ObbLOKg7NjmgEZZtaKH37TMlQpq5Lxx
xF2GiPAKY/ioYShyns5r062NxJZttWphvQ0l1nkCgYBAeiGhifq7WPdqojkqS/4b
SsGwOjJBWoMcPjsX+SNQRG353GYkI2sehvn81IXPBWd1xI/KS8qxhypKYZmaZm98
KoYB0+DDJmDyUH4+n9FczrinnsYkHF7dcjhNxIK20MPU0ULwQgp4uho1K+2PQ/Fa
ajzqPTsGk8nFrcp6oJbEIQKBgDsRcfUgDdzOp0gzAafE232bXv46xTye/BgiD31g
Y/EAFsARrtyz+ikagtuTZ7b0wR6S1STra9ypw7yt8mBtWU/6gxuOzc9AurnwGRj/
hdNo8ntr3XScoGsENajujNrH6+nv1mDnId1+Lb7mhuDnQqAEyTNbgZTFbkC9KJ8h
Z6mpAoGBAODlagGCLPstIvSw1Nkj77kqnk85DrEjkU1CaAnhFYBzPFPQFHu7hSQo
yQS9d3KKKxxRdt0s/D7L+Cugy80NnNQuVtZbFKKlBlN6v7PcbUtFWzAnZH3bnBRV
3VPw2PVb1OdmacLQIm0km3AS7ovEFoTvQC+sSen2Cp91ADMAui52
-----END RSA PRIVATE KEY-----

ALIEN_XRDCP_SIGNED_ENVELOPE=turl=root://rd.spacescience.ro:1094//home/aliprod/data/13/50949/dff99e68-98e0-11ea-acef-93b1998cefef\&access=write\&lfn=/alice/cern.ch/user/a/alcaliva/HYPERTRITON_MASS_ANALYSIS_pass3_2/OUTPUT/010/225/root_archive.zip\&size=2676387\&se=ALICE::ISS::FILE\&guid=dff99e68-98e0-11ea-acef-93b1998cefef\&md5=66ae877d42e6a65a402bf7e64ed1db3b\&user=alcaliva\&issuer=Authen.1\&issued=1589790226\&expires=1589876626\&hashord=turl-access-lfn-size-se-guid-md5-user-issuer-issued-expires-hashord\&hashord=turl-access-lfn-size-se-guid-md5-user-issuer-issued-expires-hashord\&signature=GR7z1WziFp5ekXweKP2AehJkK+3d6Q18xzp7qDM1IAO+tJyTt5AKCKYMJcT/YXaQQOexj4v0O32mGxil1hoC4rK+RDXD47raqYXms27q8Ki+FMkxsrLsaJvFMUXEjqYSQecai0ZdAtpZt1RVoYKHyriTsu1X6kjp3tZuhlFUxro=
G4VMCINSTALL=/cvmfs/alice.cern.ch/el6-x86_64/Packages/GEANT4_VMC/v3-6-p6-2
HOSTNAME=wn202.nipne.ro
IFS= 	

ALIEN_VERSION=v2-19-395
ALIEN_DOMAIN=nipne.ro
ALIEN_MASTERJOBID=1878177582
ALIEN_VOs=ALICE#newvobox.nipne.ro:8084#1878297160#hkmjsgCiQC)9!oOIVom4cVTypXV^FFW4  
SSL_CERT_FILE=/cvmfs/alice.cern.ch/el6-x86_64/Packages/Python-modules/1.0-52/share/python-modules/lib/python/site-packages/certifi/cacert.pem
GAPI_LOCATION=/cvmfs/alice.cern.ch/x86_64-2.6-gnu-4.1.2/Packages/AliEn/v2-19-395/api
FREETYPE_ROOT=/cvmfs/alice.cern.ch/el6-x86_64/Packages/FreeType/v2.6-64
G4INSTALL_DATA=/cvmfs/alice.cern.ch/el6-x86_64/Packages/GEANT4/v10.4.2-11/share/
ROOT_INCLUDE_PATH=/cvmfs/alice.cern.ch/el6-x86_64/Packages/AliPhysics/vAN-20200311_JALIEN-1/include:/cvmfs/alice.cern.ch/el6-x86_64/Packages/KFParticle/alice-v1.1-1-29/include:/cvmfs/alice.cern.ch/el6-x86_64/Packages/treelite/a7a0839-5/runtime/native/include:/cvmfs/alice.cern.ch/el6-x86_64/Packages/treelite/a7a0839-5/include:/cvmfs/alice.cern.ch/el6-x86_64/Packages/RooUnfold/V02-00-01-alice4-39/include:/cvmfs/alice.cern.ch/el6-x86_64/Packages/AliRoot/v5-09-53_JALIEN-19/include/Pythia8:/cvmfs/alice.cern.ch/el6-x86_64/Packages/AliRoot/v5-09-53_JALIEN-19/include:/cvmfs/alice.cern.ch/el6-x86_64/Packages/JAliEn-ROOT/0.5.4-2/include:/cvmfs/alice.cern.ch/el6-x86_64/Packages/Vc/1.4.1-7/include:/cvmfs/alice.cern.ch/el6-x86_64/Packages/GEANT4_VMC/v3-6-p6-2/include/g4root:/cvmfs/alice.cern.ch/el6-x86_64/Packages/GEANT4_VMC/v3-6-p6-2/include/geant4vmc:/cvmfs/alice.cern.ch/el6-x86_64/Packages/GEANT4_VMC/v3-6-p6-2/include/mtroot:/cvmfs/alice.cern.ch/el6-x86_64/Packages/GEANT4/v10.4.2-11/include:/cvmfs/alice.cern.ch/el6-x86_64/Packages/GEANT4/v10.4.2-11/include/Geant4:/cvmfs/alice.cern.ch/el6-x86_64/Packages/GEANT3/v2-7-61/include/TGeant3:/cvmfs/alice.cern.ch/el6-x86_64/Packages/fastjet/v3.2.1_1.024-alice3-52/include:/cvmfs/alice.cern.ch/el6-x86_64/Packages/boost/v1.70.0-22/include
ALIEN_ORGANISATION=ALICE
G4INSTALL=/cvmfs/alice.cern.ch/el6-x86_64/Packages/GEANT4/v10.4.2-11
HISTSIZE=1000
HTTPS_CA_FILE=/mnt/scratch/arc/POHODm25HuwnCLp3VpdBm0HoABFKDmABFKDmIn9QDmABFKDmEfn3Dm/proxy
GEANT3DIR=/cvmfs/alice.cern.ch/el6-x86_64/Packages/GEANT3/v2-7-61
TMPDIR=/var/lib/condor/execute/dir_1433871
GLOBUS_LOCATION=/cvmfs/alice.cern.ch/x86_64-2.6-gnu-4.1.2/Packages/AliEn/v2-19-395/globus
ALICE_TARGET=linuxx8664gcc
ALIEN_ROOT=/cvmfs/alice.cern.ch/x86_64-2.6-gnu-4.1.2/Packages/AliEn/v2-19-395
ROOT_PLUGIN_PATH=/cvmfs/alice.cern.ch/el6-x86_64/Packages/JAliEn-ROOT/0.5.4-2/etc/plugins
GEANT4_VMC_ROOT=/cvmfs/alice.cern.ch/el6-x86_64/Packages/GEANT4_VMC/v3-6-p6-2
ROOT_RELEASE=v6-18-04-alice1-8
_CONDOR_SCRATCH_DIR=/var/lib/condor/execute/dir_1433871
RUNTIME_LOCAL_SCRATCH_DIR=/mnt/scratch/arc
HTTPS_KEY_FILE=/mnt/scratch/arc/POHODm25HuwnCLp3VpdBm0HoABFKDmABFKDmIn9QDmABFKDmEfn3Dm/proxy
X509_CERT_DIR=/cvmfs/alice.cern.ch/el6-x86_64/Packages/AliEn-Runtime/v2-19-le-71/globus/share/certificates
MODULES_USE_COMPAT_VERSION=1
ALIEN_HOME=/mnt/scratch/arc/POHODm25HuwnCLp3VpdBm0HoABFKDmABFKDmIn9QDmABFKDmEfn3Dm/.alien
G4NEUTRONXSDATA=/cvmfs/alice.cern.ch/el6-x86_64/Packages/GEANT4/v10.4.2-11/share/Geant4-10.4.2/data/G4NEUTRONXS1.4
HTTPS_CA_DIR=/cvmfs/alice.cern.ch/x86_64-2.6-gnu-4.1.2/Packages/AliEn/v2-19-395/globus/share/certificates
G4LEDATA=/cvmfs/alice.cern.ch/el6-x86_64/Packages/GEANT4/v10.4.2-11/share/Geant4-10.4.2/data/G4EMLOW7.3
_CHIRP_DELAYED_UPDATE_PREFIX=Chirp
CONDOR_BIN_PATH=/usr/bin
USER=alice01
LIBXML2_ROOT=/cvmfs/alice.cern.ch/el6-x86_64/Packages/libxml2/v2.9.3_JALIEN-6
ROOUNFOLD_VERSION=V02-00-01-alice4
LD_LIBRARY_PATH=/mnt/scratch/arc/POHODm25HuwnCLp3VpdBm0HoABFKDmABFKDmIn9QDmABFKDmEfn3Dm/alien-job-1878297160/lib:/cvmfs/alice.cern.ch/el6-x86_64/Packages/AliPhysics/vAN-20200311_JALIEN-1/lib:/cvmfs/alice.cern.ch/el6-x86_64/Packages/KFParticle/alice-v1.1-1-29/lib:/cvmfs/alice.cern.ch/el6-x86_64/Packages/treelite/a7a0839-5/lib:/cvmfs/alice.cern.ch/el6-x86_64/Packages/RooUnfold/V02-00-01-alice4-39/lib:/cvmfs/alice.cern.ch/el6-x86_64/Packages/AliRoot/v5-09-53_JALIEN-19/lib:/cvmfs/alice.cern.ch/el6-x86_64/Packages/JAliEn-ROOT/0.5.4-2/lib:/cvmfs/alice.cern.ch/el6-x86_64/Packages/Vc/1.4.1-7/lib:/cvmfs/alice.cern.ch/el6-x86_64/Packages/GEANT4_VMC/v3-6-p6-2/lib:/cvmfs/alice.cern.ch/el6-x86_64/Packages/vgm/v4-4-71/lib:/cvmfs/alice.cern.ch/el6-x86_64/Packages/GEANT4/v10.4.2-11/lib:/cvmfs/alice.cern.ch/el6-x86_64/Packages/GEANT3/v2-7-61/lib64:/cvmfs/alice.cern.ch/el6-x86_64/Packages/fastjet/v3.2.1_1.024-alice3-52/lib:/cvmfs/alice.cern.ch/el6-x86_64/Packages/cgal/4.6.3-19/lib:/cvmfs/alice.cern.ch/el6-x86_64/Packages/boost/v1.70.0-22/lib:/cvmfs/alice.cern.ch/el6-x86_64/Packages/DPMJET/v3.0.5-alice4-13/lib:/cvmfs/alice.cern.ch/el6-x86_64/Packages/ROOT/v6-18-04-alice1-8/lib:/cvmfs/alice.cern.ch/el6-x86_64/Packages/lzma/v5.2.3-12/lib:/cvmfs/alice.cern.ch/el6-x86_64/Packages/GSL/v1.16-36/lib:/cvmfs/alice.cern.ch/el6-x86_64/Packages/Python-modules/1.0-52/share/python-modules/lib:/cvmfs/alice.cern.ch/el6-x86_64/Packages/Python/v3.6.10-12/lib:/cvmfs/alice.cern.ch/el6-x86_64/Packages/FreeType/v2.6-64/lib:/cvmfs/alice.cern.ch/el6-x86_64/Packages/libffi/v3.2.1-5/lib64:/cvmfs/alice.cern.ch/el6-x86_64/Packages/libpng/v1.6.34-34/lib:/cvmfs/alice.cern.ch/el6-x86_64/Packages/XRootD/v4.11.1-11/lib:/cvmfs/alice.cern.ch/el6-x86_64/Packages/libxml2/v2.9.3_JALIEN-6/lib:/cvmfs/alice.cern.ch/el6-x86_64/Packages/OpenSSL/v1.0.2o_JALIEN-5/lib:/cvmfs/alice.cern.ch/el6-x86_64/Packages/zlib/v1.2.8-32/lib:/cvmfs/alice.cern.ch/el6-x86_64/Packages/AliEn-Runtime/v2-19-le-71/lib:/cvmfs/alice.cern.ch/el7-x86_64/Packages/GCC-Toolchain/v7.3.0-alice1-9/lib64:/cvmfs/alice.cern.ch/el7-x86_64/Packages/GCC-Toolchain/v7.3.0-alice1-9/lib:/cvmfs/alice.cern.ch/x86_64-2.6-gnu-4.1.2/Packages/AliEn/v2-19-395/lib:/cvmfs/alice.cern.ch/x86_64-2.6-gnu-4.1.2/Packages/AliEn/v2-19-395/lib:/cvmfs/alice.cern.ch/x86_64-2.6-gnu-4.1.2/Packages/AliEn/v2-19-395/api/lib:/cvmfs/alice.cern.ch/x86_64-2.6-gnu-4.1.2/Packages/AliEn/v2-19-395/globus/lib:/cvmfs/alice.cern.ch/x86_64-2.6-gnu-4.1.2/Packages/AliEn/v2-19-395/httpd/lib:/cvmfs/alice.cern.ch/x86_64-2.6-gnu-4.1.2/Packages/AliEn/v2-19-395/x86_64-unknown-linux-gnu/4.1.2/lib:/cvmfs/alice.cern.ch/x86_64-2.6-gnu-4.1.2/Packages/AliEn/v2-19-395/api/lib:/cvmfs/alice.cern.ch/x86_64-2.6-gnu-4.1.2/Packages/AliEn/v2-19-395/x86_64-unknown-linux-gnu/4.1.2:/usr/lib64:/usr/lib6464
TEMP=/var/lib/condor/execute/dir_1433871
ALIEN_PROMPT=alien
GCLIENT_NOGSI=1
BATCH_SYSTEM=HTCondor
ALIEN_CM_AS_LDAP_PROXY=wn202.nipne.ro:8110/JobAgent
GCC_TOOLCHAIN_ROOT=/cvmfs/alice.cern.ch/el7-x86_64/Packages/GCC-Toolchain/v7.3.0-alice1-9
GCLIENT_COMMAND_MAXWAIT=1800
ROOT_BASEDIR=/cvmfs/alice.cern.ch/el6-x86_64/Packages/ROOT
_CONDOR_CHIRP_CONFIG=/var/lib/condor/execute/dir_1433871/.chirp.config
G4NEUTRONHPDATA=/cvmfs/alice.cern.ch/el6-x86_64/Packages/GEANT4/v10.4.2-11/share/Geant4-10.4.2/data/G4NDL4.5
ALICE_ROOT=/cvmfs/alice.cern.ch/el6-x86_64/Packages/AliRoot/v5-09-53_JALIEN-19
ALIEN_CA=/var/log/AliEn/CA
ALICE=/cvmfs/alice.cern.ch/el6-x86_64/Packages/AliRoot
G4ENSDFSTATEDATA=/cvmfs/alice.cern.ch/el6-x86_64/Packages/GEANT4/v10.4.2-11/share/Geant4-10.4.2/data/G4ENSDFSTATE2.2
G4RADIOACTIVEDATA=/cvmfs/alice.cern.ch/el6-x86_64/Packages/GEANT4/v10.4.2-11/share/Geant4-10.4.2/data/RadioactiveDecay5.2
RUNTIME_CONFIG_DIR=/var/spool/arc/jobstatus/rte/enabled/ENV/
DPMJET_ROOT=/cvmfs/alice.cern.ch/el6-x86_64/Packages/DPMJET/v3.0.5-alice4-13
ARC_LOCATION=/usr
ALIEN_JOB_TOKEN=hkmjsgCiQC)9!oOIVom4cVTypXV^FFW4
GCLIENT_COMMAND_RETRY=50
LZMA_ROOT=/cvmfs/alice.cern.ch/el6-x86_64/Packages/lzma/v5.2.3-12
ALICE_TARGET_EXT=linuxx8664gcc
VC_ROOT=/cvmfs/alice.cern.ch/el6-x86_64/Packages/Vc/1.4.1-7
ALIEN_DEBUG=-d:Trace
PATH=/cvmfs/alice.cern.ch/el6-x86_64/Packages/AliPhysics/vAN-20200311_JALIEN-1/bin:/cvmfs/alice.cern.ch/el6-x86_64/Packages/treelite/a7a0839-5/bin:/cvmfs/alice.cern.ch/el6-x86_64/Packages/RooUnfold/V02-00-01-alice4-39/bin:/cvmfs/alice.cern.ch/el6-x86_64/Packages/AliRoot/v5-09-53_JALIEN-19/bin:/cvmfs/alice.cern.ch/el6-x86_64/Packages/JAliEn-ROOT/0.5.4-2/bin:/cvmfs/alice.cern.ch/el6-x86_64/Packages/xjalienfs/1.0.6-1/bin:/cvmfs/alice.cern.ch/el6-x86_64/Packages/Vc/1.4.1-7/bin:/cvmfs/alice.cern.ch/el6-x86_64/Packages/GEANT4_VMC/v3-6-p6-2/bin:/cvmfs/alice.cern.ch/el6-x86_64/Packages/GEANT4/v10.4.2-11/bin:/cvmfs/alice.cern.ch/el6-x86_64/Packages/GEANT3/v2-7-61/bin:/cvmfs/alice.cern.ch/el6-x86_64/Packages/fastjet/v3.2.1_1.024-alice3-52/bin:/cvmfs/alice.cern.ch/el6-x86_64/Packages/cgal/4.6.3-19/bin:/cvmfs/alice.cern.ch/el6-x86_64/Packages/DPMJET/v3.0.5-alice4-13/bin:/cvmfs/alice.cern.ch/el6-x86_64/Packages/ROOT/v6-18-04-alice1-8/bin:/cvmfs/alice.cern.ch/el6-x86_64/Packages/lzma/v5.2.3-12/bin:/cvmfs/alice.cern.ch/el6-x86_64/Packages/GSL/v1.16-36/bin:/cvmfs/alice.cern.ch/el6-x86_64/Packages/Python-modules/1.0-52/share/python-modules/bin:/cvmfs/alice.cern.ch/el6-x86_64/Packages/Python/v3.6.10-12/bin:/cvmfs/alice.cern.ch/el6-x86_64/Packages/FreeType/v2.6-64/bin:/cvmfs/alice.cern.ch/el6-x86_64/Packages/libpng/v1.6.34-34/bin:/cvmfs/alice.cern.ch/el6-x86_64/Packages/XRootD/v4.11.1-11/bin:/cvmfs/alice.cern.ch/el6-x86_64/Packages/libxml2/v2.9.3_JALIEN-6/bin:/cvmfs/alice.cern.ch/el6-x86_64/Packages/OpenSSL/v1.0.2o_JALIEN-5/bin:/cvmfs/alice.cern.ch/el6-x86_64/Packages/AliEn-Runtime/v2-19-le-71/bin:/cvmfs/alice.cern.ch/el7-x86_64/Packages/GCC-Toolchain/v7.3.0-alice1-9/bin:/cvmfs/alice.cern.ch/x86_64-2.6-gnu-4.1.2/Packages/AliEn/v2-19-395/bin:/cvmfs/alice.cern.ch/x86_64-2.6-gnu-4.1.2/Packages/AliEn/v2-19-395/x86_64-unknown-linux-gnu/4.1.2/bin:/cvmfs/alice.cern.ch/x86_64-2.6-gnu-4.1.2/Packages/AliEn/v2-19-395/bin:/cvmfs/alice.cern.ch/x86_64-2.6-gnu-4.1.2/Packages/AliEn/v2-19-395/api/bin:/cvmfs/alice.cern.ch/x86_64-2.6-gnu-4.1.2/Packages/AliEn/v2-19-395/globus/bin:/cvmfs/alice.cern.ch/x86_64-2.6-gnu-4.1.2/Packages/AliEn/v2-19-395/httpd/bin:/cvmfs/alice.cern.ch/x86_64-2.6-gnu-4.1.2/Packages/AliEn/v2-19-395/api/bin:/cvmfs/alice.cern.ch/x86_64-2.6-gnu-4.1.2/Packages/AliEn/v2-19-395/bin:/sbin:/usr/sbin:/bin:/usr/bin:/usr/local/sbin:/.local/bin:/bin:/cvmfs/alice.cern.ch/bin:/cvmfs/alice.cern.ch/bin
MAIL=/var/spool/mail/alice01
VGM_ROOT=/cvmfs/alice.cern.ch/el6-x86_64/Packages/vgm/v4-4-71
ROOUNFOLD_RELEASE=V02-00-01-alice4-39
_condor_CONDOR_Q_DASH_BATCH_IS_DEFAULT=false
CONDOR_CONFIG=/etc/condor/condor_config
ALIEN_PROC_ID=1878297160
GCLIENT_SERVER_RESELECT=4
GEANT4_ROOT=/cvmfs/alice.cern.ch/el6-x86_64/Packages/GEANT4/v10.4.2-11
PWD=/mnt/scratch/arc/POHODm25HuwnCLp3VpdBm0HoABFKDmABFKDmIn9QDmABFKDmEfn3Dm/alien-job-1878297160
GSL_ROOT=/cvmfs/alice.cern.ch/el6-x86_64/Packages/GSL/v1.16-36
_CONDOR_ANCESTOR_4049729=898790:1579789816:3252782671
_LMFILES_=/cvmfs/alice.cern.ch/x86_64-2.6-gnu-4.1.2/Modules/modulefiles/BASE/1.0:/cvmfs/alice.cern.ch/x86_64-2.6-gnu-4.1.2/Modules/modulefiles/AliEn/v2-19-395:/cvmfs/alice.cern.ch/el6-x86_64/Modules/modulefiles/BASE/1.0:/cvmfs/alice.cern.ch/etc/toolchain/modulefiles/el7-x86_64/Toolchain/GCC-v7.3.0:/cvmfs/alice.cern.ch/el6-x86_64/Modules/modulefiles/GCC-Toolchain/v7.3.0-alice1-7:/cvmfs/alice.cern.ch/el6-x86_64/Modules/modulefiles/AliEn-Runtime/v2-19-le-71:/cvmfs/alice.cern.ch/el6-x86_64/Modules/modulefiles/zlib/v1.2.8-32:/cvmfs/alice.cern.ch/el6-x86_64/Modules/modulefiles/OpenSSL/v1.0.2o_JALIEN-5:/cvmfs/alice.cern.ch/el6-x86_64/Modules/modulefiles/libxml2/v2.9.3_JALIEN-6:/cvmfs/alice.cern.ch/el6-x86_64/Modules/modulefiles/libpng/v1.6.34-34:/cvmfs/alice.cern.ch/el6-x86_64/Modules/modulefiles/libffi/v3.2.1-5:/cvmfs/alice.cern.ch/el6-x86_64/Modules/modulefiles/FreeType/v2.6-64:/cvmfs/alice.cern.ch/el6-x86_64/Modules/modulefiles/Python/v3.6.10-12:/cvmfs/alice.cern.ch/el6-x86_64/Modules/modulefiles/Python-modules/1.0-52:/cvmfs/alice.cern.ch/el6-x86_64/Modules/modulefiles/XRootD/v4.11.1-11:/cvmfs/alice.cern.ch/el6-x86_64/Modules/modulefiles/GSL/v1.16-36:/cvmfs/alice.cern.ch/el6-x86_64/Modules/modulefiles/lzma/v5.2.3-12:/cvmfs/alice.cern.ch/el6-x86_64/Modules/modulefiles/ROOT/v6-18-04-alice1-8:/cvmfs/alice.cern.ch/el6-x86_64/Modules/modulefiles/DPMJET/v3.0.5-alice4-13:/cvmfs/alice.cern.ch/el6-x86_64/Modules/modulefiles/boost/v1.70.0-22:/cvmfs/alice.cern.ch/el6-x86_64/Modules/modulefiles/cgal/4.6.3-19:/cvmfs/alice.cern.ch/el6-x86_64/Modules/modulefiles/fastjet/v3.2.1_1.024-alice3-52:/cvmfs/alice.cern.ch/el6-x86_64/Modules/modulefiles/GEANT3/v2-7-61:/cvmfs/alice.cern.ch/el6-x86_64/Modules/modulefiles/GEANT4/v10.4.2-11:/cvmfs/alice.cern.ch/el6-x86_64/Modules/modulefiles/vgm/v4-4-71:/cvmfs/alice.cern.ch/el6-x86_64/Modules/modulefiles/GEANT4_VMC/v3-6-p6-2:/cvmfs/alice.cern.ch/el6-x86_64/Modules/modulefiles/Vc/1.4.1-7:/cvmfs/alice.cern.ch/el6-x86_64/Modules/modulefiles/xjalienfs/1.0.6-1:/cvmfs/alice.cern.ch/el6-x86_64/Modules/modulefiles/JAliEn-ROOT/0.5.4-2:/cvmfs/alice.cern.ch/el6-x86_64/Modules/modulefiles/AliRoot/v5-09-53_JALIEN-19:/cvmfs/alice.cern.ch/el6-x86_64/Modules/modulefiles/RooUnfold/V02-00-01-alice4-39:/cvmfs/alice.cern.ch/el6-x86_64/Modules/modulefiles/treelite/a7a0839-5:/cvmfs/alice.cern.ch/el6-x86_64/Modules/modulefiles/KFParticle/alice-v1.1-1-29:/cvmfs/alice.cern.ch/el6-x86_64/Modules/modulefiles/AliPhysics/vAN-20200311_JALIEN-1:/cvmfs/alice.cern.ch/el6-x86_64/Modules/modulefiles/APISCONFIG/V1.1x
ALIEN_XRDCP_ENVELOPE=-----BEGIN SEALED CIPHER-----
RWW2l-6gxa55fRZWOUGRbYqLoFiaNTCDmtOSHwXoO8wamsVLRZTchSVAIMxj+qwELuqUbXyu-Ofo
kOfolP9vUw9EiYTmYokS6R0i8y4+y5yxt+kkztgfK4lJF7xx9fTLFQEmevQSEpPTDXfC9w5DTQQi
mjJdFJn-cyAgvvoloM8=
-----END SEALED CIPHER-----
-----BEGIN SEALED ENVELOPE-----
AAAAgLdC7td8xqHfsDgSXO+HJ5x-YGC1Pzk5Ce5cKSZq8yEkpqcP9M2zGFrKZDRsD0G+em-eMxnQ
FpmdANymAwBu9E21HJ6JjRnEm4-y223zWuVZRlKUlVb1+F10Y-FxXo-Yzk5eqBD1i04Ua33kneqR
TuwaszTAbj9wj+h2Tb1RdDHzAcxyTx-oJLERf7cJ2wXy3+jAB7NhKKBa-OAJnGd9cBEygfB-Vu4X
Qa3SPhXYOAE5yVrAhR0RjMR2javVYrjGfT9765z1yujo8qcJ6B3g9yIqIpAv774C7iAOg9jEbzNU
V1fYHB-HB9hYNRwUSCB4HH9HlZx+v1EoLYj74NPlDEGe1901Z-uC99pCTnAncW1twAgzBYXyPTrO
zGrsVclhSrGhKEpCujVhaIGvtGZMlGMnTtjRCkADvThHZs92XWlKXDbyyo-O+7fgobrXGDJC4ood
WSidR36-Ximt47SqpcEOWeOLPVSVTRN7ixq0S-DFX8wJW+ETqKsZmQSRG1W0k-XgJjLO7ETfDifh
pQodVoujGMDqelQP8Aw9wgk5jI2EWlMYehOEG1UbjHGBM-XYaycXadBFFwANjTv7jlTARfzQr5SS
edbjM1jryy7oIeXlkSdetNu8THoyd6jU8yeaoPE+Jqwi8-7d72-wyZW9BCHF6j60RpPHRlLUVw7a
y+HjVErLmRttn-+5L4Zfw8AZgbgsRXwSh1XK+3KBTpElYRFlLTe8qJyloyAWpocQr+1AlYCKkCd8
SIv+1GxUZ-ACgOzGKoDfTJgtzggoYaqrpYZjkdzNKHb5vnLfMevliis8rXlXXx6aM2RleVPk4Uq5
B-ROV72SAhVj+NjBhgzMiEK6Xjia8N1Ob+bYnFLoXKDWvi4Yl5FX1KAjN8LqAB2x0FkW1FImNhXm
0dtOtfYETmNDgytNRfrFvZvJ7KaijX8qSZLiCx7PmEyKK+NojNlxk827dkd-E6tHE8L52VeJCNOy
2vxFxouUVKt8KGrNKK78mJzvGUfvvVMyZiQQt8vB21eM8TTJuik6jCDemmsckXWb1F7RnETr5STt
+quoivJldq+0d+d2luM0WsVExlLSgwAPU5ivX8gkkVm8YcA4roUp7iEc0sCF7si8ETfrykp3jorj
8pgNQcxVKanc+NaMts3ktVEnl-x4oIkaRqIEhMqbm3MJfPBDPetvl+KLNvSbcEXWgcCgCJG++G+1
nxQFhg==
-----END SEALED ENVELOPE-----

X509_USER_CERT=fake
ALIEN_HOSTNAME=wn202.nipne.ro
ALIEN_PACKAGES=VO_ALICE@AliPhysics::vAN-20200311_JALIEN-1
GCLIENT_SERVER_LIST=137.138.99.189:10000\|137.138.99.175:10000\|137.138.99.179:10000\|137.138.99.169:10000\|137.138.99.138:10000\|137.138.99.168:10000\|137.138.99.170:10000\|137.138.99.167:10000\|137.138.99.187:10000\|137.138.99.188:10000\|
LANG=en_US.UTF-8
MODULEPATH=/cvmfs/alice.cern.ch/etc/toolchain/modulefiles/el7-x86_64:/cvmfs/alice.cern.ch/x86_64-2.6-gnu-4.1.2/Modules/modulefiles:/cvmfs/alice.cern.ch/x86_64-2.6-gnu-4.7.2/Modules/modulefiles:/cvmfs/alice.cern.ch/x86_64-2.6-gnu-4.8.3/Modules/modulefiles:/cvmfs/alice.cern.ch/el6-x86_64/Modules/modulefiles:/cvmfs/alice.cern.ch/el7-x86_64/Modules/modulefiles
GEANT3_ROOT=/cvmfs/alice.cern.ch/el6-x86_64/Packages/GEANT3/v2-7-61
OPENSSL_ROOT=/cvmfs/alice.cern.ch/el6-x86_64/Packages/OpenSSL/v1.0.2o_JALIEN-5
X509_VOMS_DIR=/etc/grid-security/vomsdir
LOADEDMODULES=BASE/1.0:AliEn/v2-19-395:Toolchain/GCC-v7.3.0:GCC-Toolchain/v7.3.0-alice1-7:AliEn-Runtime/v2-19-le-71:zlib/v1.2.8-32:OpenSSL/v1.0.2o_JALIEN-5:libxml2/v2.9.3_JALIEN-6:libpng/v1.6.34-34:libffi/v3.2.1-5:FreeType/v2.6-64:Python/v3.6.10-12:Python-modules/1.0-52:XRootD/v4.11.1-11:GSL/v1.16-36:lzma/v5.2.3-12:ROOT/v6-18-04-alice1-8:DPMJET/v3.0.5-alice4-13:boost/v1.70.0-22:cgal/4.6.3-19:fastjet/v3.2.1_1.024-alice3-52:GEANT3/v2-7-61:GEANT4/v10.4.2-11:vgm/v4-4-71:GEANT4_VMC/v3-6-p6-2:Vc/1.4.1-7:xjalienfs/1.0.6-1:JAliEn-ROOT/0.5.4-2:AliRoot/v5-09-53_JALIEN-19:RooUnfold/V02-00-01-alice4-39:treelite/a7a0839-5:KFParticle/alice-v1.1-1-29:AliPhysics/vAN-20200311_JALIEN-1:APISCONFIG/V1.1x
SYSTEM_LIBPATH=lib64
ALICE_PHYSICS=/cvmfs/alice.cern.ch/el6-x86_64/Packages/AliPhysics/vAN-20200311_JALIEN-1
ALIPHYSICS_VERSION=vAN-20200311_JALIEN-1
_CONDOR_SLOT=slot4_7
PYTHONHOME=/cvmfs/alice.cern.ch/el6-x86_64/Packages/Python/v3.6.10-12
ALIEN_JOBAGENT_ID=10903_34477_1434029
APMON_CONFIG=newvobox.nipne.ro
G4SAIDXSDATA=/cvmfs/alice.cern.ch/el6-x86_64/Packages/GEANT4/v10.4.2-11/share/Geant4-10.4.2/data/G4SAIDDATA1.1
_CONDOR_ANCESTOR_1433871=1433935:1589660150:76809253
ALIEN_PROCESSNAME=JOBAGENT
ALIEN_SITE_HOST=newvobox.nipne.ro
GCLIENT_SERVER_RECONNECT=2
HISTCONTROL=ignoredups
ALIEN_PERL=/cvmfs/alice.cern.ch/x86_64-2.6-gnu-4.1.2/Packages/AliEn/v2-19-395/bin/alien-perl
ROOTSYS=/cvmfs/alice.cern.ch/el6-x86_64/Packages/ROOT/v6-18-04-alice1-8
SHLVL=7
HOME=/mnt/scratch/arc/POHODm25HuwnCLp3VpdBm0HoABFKDmABFKDmIn9QDmABFKDmEfn3Dm
ALIPHYSICS_RELEASE=vAN-20200311_JALIEN-1
GLOBUS_TCP_PORT_RANGE=
_CONDOR_MACHINE_AD=/var/lib/condor/execute/dir_1433871/.machine.ad
G4SYSTEM=Linux-g++
GCLIENT_RETRY_DAMPING=4.0
X509_USER_PROXY=/mnt/scratch/arc/POHODm25HuwnCLp3VpdBm0HoABFKDmABFKDmIn9QDmABFKDmEfn3Dm/proxy
GSHELL_GCC=/usr/bin/gcc
DYLD_LIBRARY_PATH=/cvmfs/alice.cern.ch/x86_64-2.6-gnu-4.1.2/Packages/AliEn/v2-19-395/lib:/cvmfs/alice.cern.ch/x86_64-2.6-gnu-4.1.2/Packages/AliEn/v2-19-395/lib:/cvmfs/alice.cern.ch/x86_64-2.6-gnu-4.1.2/Packages/AliEn/v2-19-395/api/lib:/cvmfs/alice.cern.ch/x86_64-2.6-gnu-4.1.2/Packages/AliEn/v2-19-395/globus/lib:/cvmfs/alice.cern.ch/x86_64-2.6-gnu-4.1.2/Packages/AliEn/v2-19-395/httpd/lib:
ALIEN_USER=alice01
ALIROOT_VERSION=v5-09-53_JALIEN-19
PYTHON_ROOT=/cvmfs/alice.cern.ch/el6-x86_64/Packages/Python/v3.6.10-12
_CONDOR_ANCESTOR_898790=1433871:1589660149:4040697410
ALIEN_LD_LIBRARY_PATH=/cvmfs/alice.cern.ch/x86_64-2.6-gnu-4.1.2/Packages/AliEn/v2-19-395/lib:/cvmfs/alice.cern.ch/x86_64-2.6-gnu-4.1.2/Packages/AliEn/v2-19-395/api/lib:/cvmfs/alice.cern.ch/x86_64-2.6-gnu-4.1.2/Packages/AliEn/v2-19-395/globus/lib:/cvmfs/alice.cern.ch/x86_64-2.6-gnu-4.1.2/Packages/AliEn/v2-19-395/httpd/lib
JALIEN_TOKEN_CERT=-----BEGIN CERTIFICATE-----
MIIDZjCCAs+gAwIBAgIRANMUC7T14Upj4kQZ3JRlup0wDQYJKoZIhvcNAQELBQAw
MDELMAkGA1UEBhMCY2gxDjAMBgNVBAoTBUFsaUVuMREwDwYDVQQDEwhBbGlFbiBD
QTAeFw0yMDA1MTgwNzE4MDRaFw0yMDA1MTkwOTE4MDRaMH8xCzAJBgNVBAYTAmNo
MQ8wDQYDVQQKDAZBbGlFbjIxDTALBgNVBAMMBEpvYnMxETAPBgNVBAMMCGt3aWpl
dGh1MREwDwYDVQQLDAhrd2lqZXRodTEqMCgGA1UECwwhcXVldWVpZD0xODc4Mjk3
MTYwL3Jlc3VibWlzc2lvbj0wMIIBIjANBgkqhkiG9w0BAQEFAAOCAQ8AMIIBCgKC
AQEAj/bCjMkWpHMAZ+YCo/GlDGZ4+zPZgtkqBD8+M/62pjySPt3+KmTSGO4MxF+x
4OZiUL5VCUhrYp4FXMAfRkhjamo5Jne1/ZgovTKTN77wy8mP98U7G44wj2WW9zlM
s1vW2Ct5EgOlrYSxUd/CIQHYgiyjY330zVIpiYlydJ/NWmcSod8iXMHx+hmp3QMy
Ife13xUTyIKQQXVQTlB2fph+lVfLILzQrvc8rhyWq6XEG886yGRd3YZWNyK+eKxz
zIQhl5ZSn07ASFEUG70QAQtReQvqjgAtJQ8zXMH+ZM0uDj2SSVvWBvoZN1JMR7Mb
6gRf9t5Ve77+n11HfANb4YvHQQIDAQABo4GsMIGpMB8GA1UdIwQYMBaAFMZikFii
ZcqVn5P0zunNh+pfVtTlMB0GA1UdDgQWBBT4rDIm0+Cc+vWPPQSPCdKM3I/iNzAd
BgNVHSUEFjAUBggrBgEFBQcDAgYIKwYBBQUHAwEwCwYDVR0PBAQDAgXgMDsGA1Ud
EQQ0MDKCCWxvY2FsaG9zdIIVbG9jYWxob3N0LmxvY2FsZG9tYWluggkxMjcuMC4w
LjGCAzo6MTANBgkqhkiG9w0BAQsFAAOBgQBSQ9n3lQg+RlYGg/T+oVoeAWOnISjh
uTNwzIQweyDxVuNMNAI90J+5M4rf3oeE6NmMtDUrdLme0s9ewwgcLcnAV6Fc0q79
sp8tbPUX65/Z7BJSwqhvqBxv3k4XzztwqkLwg1gBF50Gd5ONFNZIb5xnVgP+nEkg
eFb3dm4DLWAKGA==
-----END CERTIFICATE-----

TMP=/var/lib/condor/execute/dir_1433871
LOGNAME=alice01
PYTHONPATH=/cvmfs/alice.cern.ch/el6-x86_64/Packages/xjalienfs/1.0.6-1/lib/python3.6/site-packages:/cvmfs/alice.cern.ch/el6-x86_64/Packages/ROOT/v6-18-04-alice1-8/lib:/cvmfs/alice.cern.ch/el6-x86_64/Packages/Python-modules/1.0-52/share/python-modules/lib/python/site-packages:/cvmfs/alice.cern.ch/el6-x86_64/Packages/Python/v3.6.10-12/lib/python/site-packages:/cvmfs/alice.cern.ch/el6-x86_64/Packages/XRootD/v4.11.1-11/./lib/python3.6/site-packages
ALIEN_WORKDIR=/mnt/scratch/arc/POHODm25HuwnCLp3VpdBm0HoABFKDmABFKDmIn9QDmABFKDmEfn3Dm/alien-job-1878297160
GRID_GLOBAL_JOBID=gsiftp://arc6atlas1.nipne.ro:2811/jobs/POHODm25HuwnCLp3VpdBm0HoABFKDmABFKDmIn9QDmABFKDmEfn3Dm
HTTPS_CERT_FILE=/mnt/scratch/arc/POHODm25HuwnCLp3VpdBm0HoABFKDmABFKDmIn9QDmABFKDmEfn3Dm/proxy
ALIEN_XRDCP_URL=root://rd.spacescience.ro:1094//home/aliprod/data/13/50949/dff99e68-98e0-11ea-acef-93b1998cefef
GLOBUS_UDP_PORT_RANGE=
OMP_NUM_THREADS=1
LESSOPEN=||/usr/bin/lesspipe.sh %s
_CONDOR_JOB_AD=/var/lib/condor/execute/dir_1433871/.job.ad
KFPARTICLE_ROOT=/cvmfs/alice.cern.ch/el6-x86_64/Packages/KFParticle/alice-v1.1-1-29
ALIEN_SITE=NIPNE
PERL5DB=use Devel::Trace
GCLIENT_NOPROMPT=1
GCLIENT_RETRY_SLEEPTIME=2
LIBXML2_VERSION=v2.9.3_JALIEN-6
ROOUNFOLD_ROOT=/cvmfs/alice.cern.ch/el6-x86_64/Packages/RooUnfold/V02-00-01-alice4-39
BASEDIR=/cvmfs/alice.cern.ch/el6-x86_64/Packages
_CONDOR_JOB_IWD=/var/lib/condor/execute/dir_1433871
ALIEN_PATH=/cvmfs/alice.cern.ch/x86_64-2.6-gnu-4.1.2/Packages/AliEn/v2-19-395/bin:/cvmfs/alice.cern.ch/x86_64-2.6-gnu-4.1.2/Packages/AliEn/v2-19-395/api/bin:/cvmfs/alice.cern.ch/x86_64-2.6-gnu-4.1.2/Packages/AliEn/v2-19-395/globus/bin:/cvmfs/alice.cern.ch/x86_64-2.6-gnu-4.1.2/Packages/AliEn/v2-19-395/httpd/bin
G3SYS=/cvmfs/alice.cern.ch/el6-x86_64/Packages/GEANT3/v2-7-61
X509_USER_KEY=fake
ALIROOT_RELEASE=v5-09-53_JALIEN-19
FASTJET=/cvmfs/alice.cern.ch/el6-x86_64/Packages/fastjet/v3.2.1_1.024-alice3-52
_=/bin/env
