SLURM_CHECKPOINT_IMAGE_DIR=/var/spool/slurm/ckpt
SLURM_NODELIST=lxbk0695
LMOD_FAMILY_COMPILER_VERSION=8.3.0
PMIX_SERVER_URI2USOCK=pmix-server:43427:/tmp/pmix-43427
G4LEVELGAMMADATA=/cvmfs/alice.cern.ch/el6-x86_64/Packages/GEANT4/v10.4.2-11/share/Geant4-10.4.2/data/PhotonEvaporation5.2
SLURM_JOB_NAME=AliEn.32718.42
MANPATH=/opt/ohpc/pub/mpi/openmpi3-gnu8/3.1.4/share/man:/opt/ohpc/pub/compiler/gcc/8.3.0/share/man:/opt/ohpc/pub/utils/autotools/share/man:/usr/local/share/man:/usr/share/man/overrides:/usr/share/man/en:/usr/share/man
JALIEN_TOKEN_KEY=-----BEGIN RSA PRIVATE KEY-----
MIIEowIBAAKCAQEAlagsFyOv0cjW9aO1sYlfRGx1Y9cVdy1hQEXnXzZG9WDnGjVf
IuhkL2ZelIhs5xorV9WovtRtzkzvs+8i0d4XTfQn3Ik237qKJ3U0+dJM014nySQQ
KSI8KK1+QvFX1IR07UG29EYOzw1ngRg7Xcc/oKhmfnasOhCVE8oG8l6dcMOhmgzA
/xBTav2BgbMmvbWb4pHrqwUacSwSMUFBKPpNWdg7kQsE/a8bN2qaLjQHvLiw2XEi
YqUeYtfAjekHruNrJWAk5Ge5y8WByFFItkjJ7IuSnhQsStyCDEkutjDE+NuS2n7p
Kg5Np/TJXszNebSjXn4psnYb2HvQ3UjKmYwlMwIDAQABAoIBAFXjikpNZN5VEWkw
Z1pYqKAwTr7Z9avME4A7nin6kIbK8lcMQmlaTgUWDznXggiv8Cgcqxe5+rrnVLpD
iAxCFcXbVfUvmpqUCC3VCm5Fz2mPI+5AEDZLO5Ns3oW01N9WlXSEvmc6vcz+uGRS
b9/GNjIR86CoovdABQ6yZ4I54smP20BXPjncoi9MTDvZJHGN043QTjq19+3nS5kS
IJmQKGK3i8N0sUY79qkPvBnGV6atezK+IrzpS1lsPe3XYfNERHbmVFDuORTB6q1o
4RSnXZYbi8PLERF2bs8QDeyV4eap3SxHHLZPd0we+oxbBHtOWCWSbV7Z9wQwYnEr
NzDjg8ECgYEA12AYV2pxEQKJfL4Gi3G/M1QYiXvAh7AMvHf+nzt2Q1hJyV5mI2FS
aFsEdG3KsM/HiZ/T4+Beo50zjvBg+CbVBqoNtHNsyr0ObMm4i/MFtucu6wbmIyGT
bXdSm8IB59uE2jOXmbqfbCR1uW78Z+/4Iu2ZceWo8od4yVD2CMuJ7NsCgYEAseK1
LXyXAoK1cb8XTQFncMfypRx7JGI4WEDNtypp6q1nQH26fkXU3YQePMYjr/kFuQri
7lYyfpCp42jzTYFs5L78OMw46Ymk+yKQeJt0m/RWoAbB3RRvKrS3NsOyLpGzlo0e
hD4nbj6L1wpSJZ/S92Od/mL7Id6IhlN3J6dwbIkCgYAJgd9xNGyrUI5bKFRHoYzM
KkEvCHx2QOo/A5kE1G4jCOmw7u7ZTvmBS8tFjHcvGOz5AUosPAJRfKYDAE93hNdQ
hP834QSDapcRbFIuM1skOM5UZ6iPEnNcmLDX2VeWMZWKwE5H5foVnwJnXiPcPraY
bB6i7X1ov1wwntdNihabkwKBgEbMmJe2EtRo+ZaAG+IGQQleS3Dz2P8uKIbXpAjW
1LkWsxWz9Nn1KTfRMce2hNWxI1n2v0NlA0vkf/mG9+9NJ+4TJYfloHEy23so0p9u
IAdCRIgEqHw5edVhf9pIIU7vpq6xFAhGRKNYOYgpD3DyH6FfAK8S7ikYzPXJmo8p
0VEhAoGBALNxF7scensDm9NozGZg9bgq9raIyZZ276SjBZT9sI2pTXMETEsBILns
b2q25KMWnWWgieYTW/ndRuluYC8XBI2Z0DtOyqA0rsbHxY8DcEKDER+qACDpz7N3
GXVtswGEzXn6Qwk6PrQFwG18BoJctXF5qpm0TszqLEtK858/FNIh
-----END RSA PRIVATE KEY-----

ALIEN_XRDCP_SIGNED_ENVELOPE=turl=root://lxalird.gsi.de:1094//06/51165/6bcb6ba4-98e8-11ea-b5c8-4b99e0eae53d\&access=write\&lfn=/alice/cern.ch/user/k/kimb/TestLHC13dAOD/out/000195767/024/root_archive.zip\&size=1299393\&se=ALICE::GSI::SE2\&guid=6bcb6ba4-98e8-11ea-b5c8-4b99e0eae53d\&md5=db2b26355632ea3bb41b088c23055388\&user=kimb\&issuer=Authen.1\&issued=1589793459\&expires=1589879859\&hashord=turl-access-lfn-size-se-guid-md5-user-issuer-issued-expires-hashord\&hashord=turl-access-lfn-size-se-guid-md5-user-issuer-issued-expires-hashord\&signature=ge3DAau4zb2skey0ECCf6F3LMYyRNznI57iJzhUUCd/GOT9soueBfXNBjAqkm4qiRIw22SHF7DbHwnouUl5MWZ9DlGAuhP4X2lPVEmCuLK995DL8BbcVKDn4AmF8HCyIbQ7R38sgx4IXN2jHmgtZof4Ig+S7Wfkx8EzUgAj6420=
ALIEN_LOG_DIR=/tmp
XDG_SESSION_ID=1129
PMIX_NAMESPACE=slurm.pmix.1690425.0
G4VMCINSTALL=/cvmfs/alice.cern.ch/el6-x86_64/Packages/GEANT4_VMC/v3-6-p6-2
SLURMD_NODENAME=lxbk0695
SLURM_TOPOLOGY_ADDR=lxbk0695
HOSTNAME=lxbk0695
_ModuleTable003_=PSJhY3RpdmUiLFsidXNlck5hbWUiXT0ib3Blbm1waTMiLH0scHJ1bj17WyJmbiJdPSIvb3B0L29ocGMvcHViL21vZHVsZWZpbGVzL3BydW4vMS4zIixbImZ1bGxOYW1lIl09InBydW4vMS4zIixbImxvYWRPcmRlciJdPTIscHJvcFQ9e30sWyJzdGFja0RlcHRoIl09MSxbInN0YXR1cyJdPSJhY3RpdmUiLFsidXNlck5hbWUiXT0icHJ1biIsfSx9LG1wYXRoQT17Ii9vcHQvb2hwYy9wdWIvbW9kdWxlZGVwcy9nbnU4LW9wZW5tcGkzIiwiL29wdC9vaHBjL3B1Yi9tb2R1bGVkZXBzL2dudTgiLCIvb3B0L29ocGMvcHViL21vZHVsZWZpbGVzIix9LFsic3lzdGVtQmFzZU1QQVRIIl09Ii9vcHQvb2hwYy9wdWIvbW9kdWxlZmlsZXMiLH0=
IFS= 	

ALIEN_DOMAIN=gsi.de
SLURM_PRIO_PROCESS=0
SELINUX_ROLE_REQUESTED=
ALIEN_VERSION=v2-19-395
ALIEN_MASTERJOBID=1878274999
ALIEN_VOs=ALICE#lxcealice03.gsi.de:8084#1878297159#XFxgxAYEgi9NuAhR4S:3hQo]aZCR:BPF  
SSL_CERT_FILE=/cvmfs/alice.cern.ch/el6-x86_64/Packages/Python-modules/1.0-52/share/python-modules/lib/python/site-packages/certifi/cacert.pem
GAPI_LOCATION=/cvmfs/alice.cern.ch/x86_64-2.6-gnu-4.1.2/Packages/AliEn/v2-19-395/api
SLURM_SRUN_COMM_PORT=43577
FREETYPE_ROOT=/cvmfs/alice.cern.ch/el6-x86_64/Packages/FreeType/v2.6-64
G4INSTALL_DATA=/cvmfs/alice.cern.ch/el6-x86_64/Packages/GEANT4/v10.4.2-11/share/
ROOT_INCLUDE_PATH=/cvmfs/alice.cern.ch/el6-x86_64/Packages/AliPhysics/vAN-20200311_JALIEN-1/include:/cvmfs/alice.cern.ch/el6-x86_64/Packages/KFParticle/alice-v1.1-1-29/include:/cvmfs/alice.cern.ch/el6-x86_64/Packages/treelite/a7a0839-5/runtime/native/include:/cvmfs/alice.cern.ch/el6-x86_64/Packages/treelite/a7a0839-5/include:/cvmfs/alice.cern.ch/el6-x86_64/Packages/RooUnfold/V02-00-01-alice4-39/include:/cvmfs/alice.cern.ch/el6-x86_64/Packages/AliRoot/v5-09-53_JALIEN-19/include/Pythia8:/cvmfs/alice.cern.ch/el6-x86_64/Packages/AliRoot/v5-09-53_JALIEN-19/include:/cvmfs/alice.cern.ch/el6-x86_64/Packages/JAliEn-ROOT/0.5.4-2/include:/cvmfs/alice.cern.ch/el6-x86_64/Packages/Vc/1.4.1-7/include:/cvmfs/alice.cern.ch/el6-x86_64/Packages/GEANT4_VMC/v3-6-p6-2/include/g4root:/cvmfs/alice.cern.ch/el6-x86_64/Packages/GEANT4_VMC/v3-6-p6-2/include/geant4vmc:/cvmfs/alice.cern.ch/el6-x86_64/Packages/GEANT4_VMC/v3-6-p6-2/include/mtroot:/cvmfs/alice.cern.ch/el6-x86_64/Packages/GEANT4/v10.4.2-11/include:/cvmfs/alice.cern.ch/el6-x86_64/Packages/GEANT4/v10.4.2-11/include/Geant4:/cvmfs/alice.cern.ch/el6-x86_64/Packages/GEANT3/v2-7-61/include/TGeant3:/cvmfs/alice.cern.ch/el6-x86_64/Packages/fastjet/v3.2.1_1.024-alice3-52/include:/cvmfs/alice.cern.ch/el6-x86_64/Packages/boost/v1.70.0-22/include
ALIEN_ORGANISATION=ALICE
SHELL=/bin/bash
__LMOD_REF_COUNT_MODULEPATH=/opt/ohpc/pub/moduledeps/gnu8-openmpi3:1;/opt/ohpc/pub/moduledeps/gnu8:1;/opt/ohpc/pub/modulefiles:1
G4INSTALL=/cvmfs/alice.cern.ch/el6-x86_64/Packages/GEANT4/v10.4.2-11
HTTPS_CA_FILE=/tmp/proxy.43469.1589686954
SLURM_JOB_QOS=normal
HISTSIZE=1000
LMOD_ROOT=/opt/ohpc/admin/lmod
GEANT3DIR=/cvmfs/alice.cern.ch/el6-x86_64/Packages/GEANT3/v2-7-61
GLOBUS_LOCATION=/cvmfs/alice.cern.ch/x86_64-2.6-gnu-4.1.2/Packages/AliEn/v2-19-395/globus
ALIEN_ROOT=/cvmfs/alice.cern.ch/x86_64-2.6-gnu-4.1.2/Packages/AliEn/v2-19-395
TMPDIR=/tmp
SLURM_TOPOLOGY_ADDR_PATTERN=node
SSH_CLIENT=140.181.60.25 51052 22
ALICE_TARGET=linuxx8664gcc
ROOT_PLUGIN_PATH=/cvmfs/alice.cern.ch/el6-x86_64/Packages/JAliEn-ROOT/0.5.4-2/etc/plugins
ALIEN_SE_SAVEDIR=/,3221225472000
ALIEN_SE_FULLNAME=ALICE::GSI::SE2
GEANT4_VMC_ROOT=/cvmfs/alice.cern.ch/el6-x86_64/Packages/GEANT4_VMC/v3-6-p6-2
SELINUX_USE_CURRENT_RANGE=
ROOT_RELEASE=v6-18-04-alice1-8
EDG_WL_SCRATCH=/tmp/alice-workdir
LMOD_PKG=/opt/ohpc/admin/lmod/lmod
SLURM_CPU_BIND_VERBOSE=quiet
PMIX_RANK=0
HTTPS_KEY_FILE=/tmp/proxy.43469.1589686954
SINGULARITY_APPNAME=
X509_CERT_DIR=/cvmfs/alice.cern.ch/el6-x86_64/Packages/AliEn-Runtime/v2-19-le-71/globus/share/certificates
ALIEN_HOME=/containerHome//.alien
LMOD_VERSION=8.1.18
MODULES_USE_COMPAT_VERSION=1
G4NEUTRONXSDATA=/cvmfs/alice.cern.ch/el6-x86_64/Packages/GEANT4/v10.4.2-11/share/Geant4-10.4.2/data/G4NEUTRONXS1.4
HTTPS_CA_DIR=/cvmfs/alice.cern.ch/x86_64-2.6-gnu-4.1.2/Packages/AliEn/v2-19-395/globus/share/certificates
ALIEN_SaveSEs=
ALIEN_ALICE_CM_AS_LDAP_PROXY=lxcealice03.gsi.de:8084
__LMOD_REF_COUNT_LOADEDMODULES=autotools:1;prun/1.3:1;gnu8/8.3.0:1;openmpi3/3.1.4:1;ohpc:1
SLURM_CPU_BIND_LIST=0x00000000001000000000000000100000
NO_PROXY=localhost,127.0.0.1,10.10.0.0/16,chef.hpc.gsi.de,lxrpt4.gsi.de
G4LEDATA=/cvmfs/alice.cern.ch/el6-x86_64/Packages/GEANT4/v10.4.2-11/share/Geant4-10.4.2/data/G4EMLOW7.3
SLURM_NNODES=1
USER=aliprod
USER_PATH=/cvmfs/alice.cern.ch/x86_64-2.6-gnu-4.1.2/Packages/AliEn/v2-19-395/x86_64-unknown-linux-gnu/4.1.2/bin:/cvmfs/alice.cern.ch/x86_64-2.6-gnu-4.1.2/Packages/AliEn/v2-19-395/api/bin:/cvmfs/alice.cern.ch/x86_64-2.6-gnu-4.1.2/Packages/AliEn/v2-19-395/globus/bin:/cvmfs/alice.cern.ch/x86_64-2.6-gnu-4.1.2/Packages/AliEn/v2-19-395/httpd/bin:/cvmfs/alice.cern.ch/bin:/cvmfs/alice.cern.ch/bin:/usr/local/sbin:/usr/local/bin:/usr/sbin:/usr/bin:/bin:/usr/bin:/sbin:/usr/sbin:/usr/local/bin:/usr/local/sbin
LIBXML2_ROOT=/cvmfs/alice.cern.ch/el6-x86_64/Packages/libxml2/v2.9.3_JALIEN-6
ROOUNFOLD_VERSION=V02-00-01-alice4
ALIEN_PROMPT=alien
LD_LIBRARY_PATH=/tmp/alien-job-1878297159/lib:/cvmfs/alice.cern.ch/el6-x86_64/Packages/AliPhysics/vAN-20200311_JALIEN-1/lib:/cvmfs/alice.cern.ch/el6-x86_64/Packages/KFParticle/alice-v1.1-1-29/lib:/cvmfs/alice.cern.ch/el6-x86_64/Packages/treelite/a7a0839-5/lib:/cvmfs/alice.cern.ch/el6-x86_64/Packages/RooUnfold/V02-00-01-alice4-39/lib:/cvmfs/alice.cern.ch/el6-x86_64/Packages/AliRoot/v5-09-53_JALIEN-19/lib:/cvmfs/alice.cern.ch/el6-x86_64/Packages/JAliEn-ROOT/0.5.4-2/lib:/cvmfs/alice.cern.ch/el6-x86_64/Packages/Vc/1.4.1-7/lib:/cvmfs/alice.cern.ch/el6-x86_64/Packages/GEANT4_VMC/v3-6-p6-2/lib:/cvmfs/alice.cern.ch/el6-x86_64/Packages/vgm/v4-4-71/lib:/cvmfs/alice.cern.ch/el6-x86_64/Packages/GEANT4/v10.4.2-11/lib:/cvmfs/alice.cern.ch/el6-x86_64/Packages/GEANT3/v2-7-61/lib64:/cvmfs/alice.cern.ch/el6-x86_64/Packages/fastjet/v3.2.1_1.024-alice3-52/lib:/cvmfs/alice.cern.ch/el6-x86_64/Packages/cgal/4.6.3-19/lib:/cvmfs/alice.cern.ch/el6-x86_64/Packages/boost/v1.70.0-22/lib:/cvmfs/alice.cern.ch/el6-x86_64/Packages/DPMJET/v3.0.5-alice4-13/lib:/cvmfs/alice.cern.ch/el6-x86_64/Packages/ROOT/v6-18-04-alice1-8/lib:/cvmfs/alice.cern.ch/el6-x86_64/Packages/lzma/v5.2.3-12/lib:/cvmfs/alice.cern.ch/el6-x86_64/Packages/GSL/v1.16-36/lib:/cvmfs/alice.cern.ch/el6-x86_64/Packages/Python-modules/1.0-52/share/python-modules/lib:/cvmfs/alice.cern.ch/el6-x86_64/Packages/Python/v3.6.10-12/lib:/cvmfs/alice.cern.ch/el6-x86_64/Packages/FreeType/v2.6-64/lib:/cvmfs/alice.cern.ch/el6-x86_64/Packages/libffi/v3.2.1-5/lib64:/cvmfs/alice.cern.ch/el6-x86_64/Packages/libpng/v1.6.34-34/lib:/cvmfs/alice.cern.ch/el6-x86_64/Packages/XRootD/v4.11.1-11/lib:/cvmfs/alice.cern.ch/el6-x86_64/Packages/libxml2/v2.9.3_JALIEN-6/lib:/cvmfs/alice.cern.ch/el6-x86_64/Packages/OpenSSL/v1.0.2o_JALIEN-5/lib:/cvmfs/alice.cern.ch/el6-x86_64/Packages/zlib/v1.2.8-32/lib:/cvmfs/alice.cern.ch/el6-x86_64/Packages/AliEn-Runtime/v2-19-le-71/lib:/cvmfs/alice.cern.ch/el7-x86_64/Packages/GCC-Toolchain/v7.3.0-alice1-9/lib64:/cvmfs/alice.cern.ch/el7-x86_64/Packages/GCC-Toolchain/v7.3.0-alice1-9/lib:/cvmfs/alice.cern.ch/x86_64-2.6-gnu-4.1.2/Packages/AliEn/v2-19-395/lib:/cvmfs/alice.cern.ch/x86_64-2.6-gnu-4.1.2/Packages/AliEn/v2-19-395/lib:/cvmfs/alice.cern.ch/x86_64-2.6-gnu-4.1.2/Packages/AliEn/v2-19-395/api/lib:/cvmfs/alice.cern.ch/x86_64-2.6-gnu-4.1.2/Packages/AliEn/v2-19-395/globus/lib:/cvmfs/alice.cern.ch/x86_64-2.6-gnu-4.1.2/Packages/AliEn/v2-19-395/httpd/lib:/cvmfs/alice.cern.ch/x86_64-2.6-gnu-4.1.2/Packages/AliEn/v2-19-395/x86_64-unknown-linux-gnu/4.1.2/lib:/cvmfs/alice.cern.ch/x86_64-2.6-gnu-4.1.2/Packages/AliEn/v2-19-395/api/lib:/cvmfs/alice.cern.ch/x86_64-2.6-gnu-4.1.2/Packages/AliEn/v2-19-395/x86_64-unknown-linux-gnu/4.1.2:/.singularity.d/libs
GCLIENT_NOGSI=1
ALIEN_CM_AS_LDAP_PROXY=lxbk0695.gsi.de:8095/JobAgent
GCC_TOOLCHAIN_ROOT=/cvmfs/alice.cern.ch/el7-x86_64/Packages/GCC-Toolchain/v7.3.0-alice1-9
GCLIENT_COMMAND_MAXWAIT=1800
SINGULARITY_NAME=alice.sif
SLURM_STEP_NUM_NODES=1
ROOT_BASEDIR=/cvmfs/alice.cern.ch/el6-x86_64/Packages/ROOT
ALIEN_LOG=AliEn.JobAgent.32718.4298
SLURM_JOBID=1690425
SRUN_DEBUG=3
G4NEUTRONHPDATA=/cvmfs/alice.cern.ch/el6-x86_64/Packages/GEANT4/v10.4.2-11/share/Geant4-10.4.2/data/G4NDL4.5
__LMOD_REF_COUNT__LMFILES_=/opt/ohpc/pub/modulefiles/autotools:1;/opt/ohpc/pub/modulefiles/prun/1.3:1;/opt/ohpc/pub/modulefiles/gnu8/8.3.0:1;/opt/ohpc/pub/moduledeps/gnu8/openmpi3/3.1.4:1;/opt/ohpc/pub/modulefiles/ohpc:1
ALICE_ROOT=/cvmfs/alice.cern.ch/el6-x86_64/Packages/AliRoot/v5-09-53_JALIEN-19
ALIEN_CA=/var/log/AliEn/CA
SLURM_NTASKS=1
ALICE=/cvmfs/alice.cern.ch/el6-x86_64/Packages/AliRoot
G4ENSDFSTATEDATA=/cvmfs/alice.cern.ch/el6-x86_64/Packages/GEANT4/v10.4.2-11/share/Geant4-10.4.2/data/G4ENSDFSTATE2.2
G4RADIOACTIVEDATA=/cvmfs/alice.cern.ch/el6-x86_64/Packages/GEANT4/v10.4.2-11/share/Geant4-10.4.2/data/RadioactiveDecay5.2
SLURM_LAUNCH_NODE_IPADDR=10.20.4.89
DPMJET_ROOT=/cvmfs/alice.cern.ch/el6-x86_64/Packages/DPMJET/v3.0.5-alice4-13
SLURM_STEP_ID=0
PMIX_PTL_MODULE=tcp,usock
LMOD_PREPEND_BLOCK=normal
LMOD_FAMILY_MPI_VERSION=3.1.4
ALIEN_JOB_TOKEN=XFxgxAYEgi9NuAhR4S:3hQo]aZCR:BPF
GCLIENT_COMMAND_RETRY=50
LZMA_ROOT=/cvmfs/alice.cern.ch/el6-x86_64/Packages/lzma/v5.2.3-12
PMIX_SERVER_URI21=pmix-server.43427;tcp4://127.0.0.1:45166
ALICE_TARGET_EXT=linuxx8664gcc
VC_ROOT=/cvmfs/alice.cern.ch/el6-x86_64/Packages/Vc/1.4.1-7
ALIEN_DEBUG=-d:Trace
SLURM_TASKS_PER_NODE=1
MAIL=/var/spool/mail/aliprod
_ModuleTable001_=X01vZHVsZVRhYmxlXz17WyJNVHZlcnNpb24iXT0zLFsiY19yZWJ1aWxkVGltZSJdPWZhbHNlLFsiY19zaG9ydFRpbWUiXT1mYWxzZSxkZXB0aFQ9e30sZmFtaWx5PXtbIk1QSSJdPSJvcGVubXBpMyIsWyJjb21waWxlciJdPSJnbnU4Iix9LG1UPXthdXRvdG9vbHM9e1siZm4iXT0iL29wdC9vaHBjL3B1Yi9tb2R1bGVmaWxlcy9hdXRvdG9vbHMiLFsiZnVsbE5hbWUiXT0iYXV0b3Rvb2xzIixbImxvYWRPcmRlciJdPTEscHJvcFQ9e30sWyJzdGFja0RlcHRoIl09MSxbInN0YXR1cyJdPSJhY3RpdmUiLFsidXNlck5hbWUiXT0iYXV0b3Rvb2xzIix9LGdudTg9e1siZm4iXT0iL29wdC9vaHBjL3B1Yi9tb2R1bGVmaWxlcy9nbnU4LzguMy4wIixbImZ1bGxOYW1lIl09ImdudTgvOC4z
SLURM_STEP_LAUNCHER_PORT=43577
PATH=/cvmfs/alice.cern.ch/el6-x86_64/Packages/AliPhysics/vAN-20200311_JALIEN-1/bin:/cvmfs/alice.cern.ch/el6-x86_64/Packages/treelite/a7a0839-5/bin:/cvmfs/alice.cern.ch/el6-x86_64/Packages/RooUnfold/V02-00-01-alice4-39/bin:/cvmfs/alice.cern.ch/el6-x86_64/Packages/AliRoot/v5-09-53_JALIEN-19/bin:/cvmfs/alice.cern.ch/el6-x86_64/Packages/JAliEn-ROOT/0.5.4-2/bin:/cvmfs/alice.cern.ch/el6-x86_64/Packages/xjalienfs/1.0.6-1/bin:/cvmfs/alice.cern.ch/el6-x86_64/Packages/Vc/1.4.1-7/bin:/cvmfs/alice.cern.ch/el6-x86_64/Packages/GEANT4_VMC/v3-6-p6-2/bin:/cvmfs/alice.cern.ch/el6-x86_64/Packages/GEANT4/v10.4.2-11/bin:/cvmfs/alice.cern.ch/el6-x86_64/Packages/GEANT3/v2-7-61/bin:/cvmfs/alice.cern.ch/el6-x86_64/Packages/fastjet/v3.2.1_1.024-alice3-52/bin:/cvmfs/alice.cern.ch/el6-x86_64/Packages/cgal/4.6.3-19/bin:/cvmfs/alice.cern.ch/el6-x86_64/Packages/DPMJET/v3.0.5-alice4-13/bin:/cvmfs/alice.cern.ch/el6-x86_64/Packages/ROOT/v6-18-04-alice1-8/bin:/cvmfs/alice.cern.ch/el6-x86_64/Packages/lzma/v5.2.3-12/bin:/cvmfs/alice.cern.ch/el6-x86_64/Packages/GSL/v1.16-36/bin:/cvmfs/alice.cern.ch/el6-x86_64/Packages/Python-modules/1.0-52/share/python-modules/bin:/cvmfs/alice.cern.ch/el6-x86_64/Packages/Python/v3.6.10-12/bin:/cvmfs/alice.cern.ch/el6-x86_64/Packages/FreeType/v2.6-64/bin:/cvmfs/alice.cern.ch/el6-x86_64/Packages/libpng/v1.6.34-34/bin:/cvmfs/alice.cern.ch/el6-x86_64/Packages/XRootD/v4.11.1-11/bin:/cvmfs/alice.cern.ch/el6-x86_64/Packages/libxml2/v2.9.3_JALIEN-6/bin:/cvmfs/alice.cern.ch/el6-x86_64/Packages/OpenSSL/v1.0.2o_JALIEN-5/bin:/cvmfs/alice.cern.ch/el6-x86_64/Packages/AliEn-Runtime/v2-19-le-71/bin:/cvmfs/alice.cern.ch/el7-x86_64/Packages/GCC-Toolchain/v7.3.0-alice1-9/bin:/cvmfs/alice.cern.ch/x86_64-2.6-gnu-4.1.2/Packages/AliEn/v2-19-395/bin:/cvmfs/alice.cern.ch/x86_64-2.6-gnu-4.1.2/Packages/AliEn/v2-19-395/x86_64-unknown-linux-gnu/4.1.2/bin:/cvmfs/alice.cern.ch/x86_64-2.6-gnu-4.1.2/Packages/AliEn/v2-19-395/bin:/cvmfs/alice.cern.ch/x86_64-2.6-gnu-4.1.2/Packages/AliEn/v2-19-395/api/bin:/cvmfs/alice.cern.ch/x86_64-2.6-gnu-4.1.2/Packages/AliEn/v2-19-395/globus/bin:/cvmfs/alice.cern.ch/x86_64-2.6-gnu-4.1.2/Packages/AliEn/v2-19-395/httpd/bin:/cvmfs/alice.cern.ch/x86_64-2.6-gnu-4.1.2/Packages/AliEn/v2-19-395/api/bin:/cvmfs/alice.cern.ch/x86_64-2.6-gnu-4.1.2/Packages/AliEn/v2-19-395/bin:/usr/local/sbin:/usr/local/bin:/usr/sbin:/usr/bin:/sbin:/bin:/cvmfs/alice.cern.ch/bin:/cvmfs/alice.cern.ch/bin
VGM_ROOT=/cvmfs/alice.cern.ch/el6-x86_64/Packages/vgm/v4-4-71
SLURM_WORKING_CLUSTER=virgo:lxrm08:6817:8448
ROOUNFOLD_RELEASE=V02-00-01-alice4-39
ROOT_HIST=0
SLURM_JOB_ID=1690425
PMIX_SERVER_URI=pmix-server:43427:/tmp/pmix-43427
LMOD_SETTARG_CMD=:
SLURM_PMIX_MAPPING_SERV=(vector,(0,1,1))
ALIEN_PROC_ID=1878297159
GCLIENT_SERVER_RESELECT=4
GEANT4_ROOT=/cvmfs/alice.cern.ch/el6-x86_64/Packages/GEANT4/v10.4.2-11
SLURM_JOB_USER=aliprod
PWD=/tmp/alien-job-1878297159
SLURM_STEPID=0
GSL_ROOT=/cvmfs/alice.cern.ch/el6-x86_64/Packages/GSL/v1.16-36
CUDA_VISIBLE_DEVICES=
_LMFILES_=/opt/ohpc/pub/modulefiles/autotools:/opt/ohpc/pub/modulefiles/prun/1.3:/opt/ohpc/pub/modulefiles/gnu8/8.3.0:/opt/ohpc/pub/moduledeps/gnu8/openmpi3/3.1.4:/opt/ohpc/pub/modulefiles/ohpc:/cvmfs/alice.cern.ch/x86_64-2.6-gnu-4.1.2/Modules/modulefiles/BASE/1.0:/cvmfs/alice.cern.ch/x86_64-2.6-gnu-4.1.2/Modules/modulefiles/AliEn/v2-19-395:/cvmfs/alice.cern.ch/el6-x86_64/Modules/modulefiles/BASE/1.0:/cvmfs/alice.cern.ch/etc/toolchain/modulefiles/el7-x86_64/Toolchain/GCC-v7.3.0:/cvmfs/alice.cern.ch/el6-x86_64/Modules/modulefiles/GCC-Toolchain/v7.3.0-alice1-7:/cvmfs/alice.cern.ch/el6-x86_64/Modules/modulefiles/AliEn-Runtime/v2-19-le-71:/cvmfs/alice.cern.ch/el6-x86_64/Modules/modulefiles/zlib/v1.2.8-32:/cvmfs/alice.cern.ch/el6-x86_64/Modules/modulefiles/OpenSSL/v1.0.2o_JALIEN-5:/cvmfs/alice.cern.ch/el6-x86_64/Modules/modulefiles/libxml2/v2.9.3_JALIEN-6:/cvmfs/alice.cern.ch/el6-x86_64/Modules/modulefiles/libpng/v1.6.34-34:/cvmfs/alice.cern.ch/el6-x86_64/Modules/modulefiles/libffi/v3.2.1-5:/cvmfs/alice.cern.ch/el6-x86_64/Modules/modulefiles/FreeType/v2.6-64:/cvmfs/alice.cern.ch/el6-x86_64/Modules/modulefiles/Python/v3.6.10-12:/cvmfs/alice.cern.ch/el6-x86_64/Modules/modulefiles/Python-modules/1.0-52:/cvmfs/alice.cern.ch/el6-x86_64/Modules/modulefiles/XRootD/v4.11.1-11:/cvmfs/alice.cern.ch/el6-x86_64/Modules/modulefiles/GSL/v1.16-36:/cvmfs/alice.cern.ch/el6-x86_64/Modules/modulefiles/lzma/v5.2.3-12:/cvmfs/alice.cern.ch/el6-x86_64/Modules/modulefiles/ROOT/v6-18-04-alice1-8:/cvmfs/alice.cern.ch/el6-x86_64/Modules/modulefiles/DPMJET/v3.0.5-alice4-13:/cvmfs/alice.cern.ch/el6-x86_64/Modules/modulefiles/boost/v1.70.0-22:/cvmfs/alice.cern.ch/el6-x86_64/Modules/modulefiles/cgal/4.6.3-19:/cvmfs/alice.cern.ch/el6-x86_64/Modules/modulefiles/fastjet/v3.2.1_1.024-alice3-52:/cvmfs/alice.cern.ch/el6-x86_64/Modules/modulefiles/GEANT3/v2-7-61:/cvmfs/alice.cern.ch/el6-x86_64/Modules/modulefiles/GEANT4/v10.4.2-11:/cvmfs/alice.cern.ch/el6-x86_64/Modules/modulefiles/vgm/v4-4-71:/cvmfs/alice.cern.ch/el6-x86_64/Modules/modulefiles/GEANT4_VMC/v3-6-p6-2:/cvmfs/alice.cern.ch/el6-x86_64/Modules/modulefiles/Vc/1.4.1-7:/cvmfs/alice.cern.ch/el6-x86_64/Modules/modulefiles/xjalienfs/1.0.6-1:/cvmfs/alice.cern.ch/el6-x86_64/Modules/modulefiles/JAliEn-ROOT/0.5.4-2:/cvmfs/alice.cern.ch/el6-x86_64/Modules/modulefiles/AliRoot/v5-09-53_JALIEN-19:/cvmfs/alice.cern.ch/el6-x86_64/Modules/modulefiles/RooUnfold/V02-00-01-alice4-39:/cvmfs/alice.cern.ch/el6-x86_64/Modules/modulefiles/treelite/a7a0839-5:/cvmfs/alice.cern.ch/el6-x86_64/Modules/modulefiles/KFParticle/alice-v1.1-1-29:/cvmfs/alice.cern.ch/el6-x86_64/Modules/modulefiles/AliPhysics/vAN-20200311_JALIEN-1:/cvmfs/alice.cern.ch/el6-x86_64/Modules/modulefiles/APISCONFIG/V1.1x
SLURM_SRUN_COMM_HOST=10.20.4.89
ALIEN_XRDCP_ENVELOPE=-----BEGIN SEALED CIPHER-----
gW72h0BW4Vr4rBAo++z6X-Db6qp9Ie8OsR4aZnqgCt+DHaV+aEmRP2UkXcLyPsf9SlxC1oOZNjCh
MiavdFA+0LUVx22xVh6U2h-MmMlv4j4KKJFGTD6Y4mGuyR6jCbiz06SkpZGATEuURMBlopfhR6OV
anBhp9lWPutLjUC-EbE=
-----END SEALED CIPHER-----
-----BEGIN SEALED ENVELOPE-----
AAAAgEA10Lq6KPe5yZFhIMS2OJ6hikpNuSEF8-m2i4hEcp25F+LuV1U0BdOIOeOUAxzaGvuxEPwP
wHVz9UlJaf4eccAXPOcwIU2CR3-Nmtgw4pvT6PLh-s7Gzml0t65DdqDiDBTZxT0-wznR8ivRF+5c
wUSHGQC4cZwMhh6mvgIwmjNWuH+3N-+GVYKQYl6GW8iBSA7KeprOP6Lo2JmRu0jM9O2DXE6Tio8t
KI9LQzGeaJRZXNabhtBl+YY5d1YvnA6AtLGszL6U9Zmg6W7Y1Zd3a6fSNIADpc4L8RzlpEJvSAmB
y9v60GXmNvjxjKMFYvmJ-bM3HQai7XAIR6I2y2W5T0ENTaX0gjrWTZHBxAk8C6uIDm671565NXdk
OaWuD8lW8gk6BoL-5MO1hRRS5CWqiTXIxou6uMMDdTkLZqnRNho7Fo5KGIBLjUrmtoMQffRoYGEt
iX3ZsIkaa9AVKXhYOjmxx+SkKXZeG5P3Mga7-J1BGrqmLOvwqGGpEwsXy8iWyU9kU4FH4ZSQvhqx
XM6BuMyHRw7aFkArPOKpujAMNrQBtCpjM4kkBTrdSRt+xj0iG03I6fYAe3cK8QJDhD6qc5E2WB7l
visDTaeWr+7STkDx6h+1O63ztI9R06W2jS9QU92RKc2dgckacIAq1ddXeZqtBrrAkhjkQoCwnXR5
enV3bjqrYYOmOnVVdym7UL-5q5GdLrmshHgpORTxgd4KZbrQb5oAf2etAllcgl-t2P3rlFn7NMzl
TU9fAHQDpaF98hPy4unND0Tltey-Vn0nr+stEronqZiK09qbBSEUGIBnvAw4-Ys8fSGvFO3Ktdiy
AiUA2f2wRjaWQwQiGe3AWTg5kQUe9ZnbXoG6Yp+xN2cG1u+lfsxDPtByun39z3B7yC-6XrlPGQCr
JrIHpP555UjEHpGfvkxl8Pczj5aFEE43NF7a3UykwVwtHr56QWJ5TJgOuDqglzAP12PUg8EzTeM9
ztfNJrlk8Fr76jFbwnl4FMMteJve2RZKkqdLOu9hMOX8MC3CUNAFonOI6gXPpRxOUaHjE0RA2g88
tg63MhQPp2f6gfolQv+sa3Oj3mMpEJRO7V0ER-Jq60J5sfn0-VBfVjGq1G2skCe33b4ujXqH
-----END SEALED ENVELOPE-----

ALIEN_HOSTNAME=lxbk0695.gsi.de
SLURM_CPU_BIND_TYPE=mask_cpu:
ALIEN_PACKAGES=VO_ALICE@AliPhysics::vAN-20200311_JALIEN-1
GCLIENT_SERVER_LIST=137.138.99.169:10000\|137.138.99.170:10000\|137.138.99.168:10000\|137.138.99.188:10000\|137.138.99.189:10000\|137.138.99.187:10000\|137.138.99.175:10000\|137.138.99.179:10000\|137.138.99.167:10000\|137.138.99.138:10000\|
LANG=en_US.UTF-8
MODULEPATH=/cvmfs/alice.cern.ch/etc/toolchain/modulefiles/el7-x86_64:/cvmfs/alice.cern.ch/x86_64-2.6-gnu-4.1.2/Modules/modulefiles:/cvmfs/alice.cern.ch/x86_64-2.6-gnu-4.7.2/Modules/modulefiles:/cvmfs/alice.cern.ch/x86_64-2.6-gnu-4.8.3/Modules/modulefiles:/cvmfs/alice.cern.ch/el6-x86_64/Modules/modulefiles:/cvmfs/alice.cern.ch/el7-x86_64/Modules/modulefiles
SLURM_UMASK=0022
GEANT3_ROOT=/cvmfs/alice.cern.ch/el6-x86_64/Packages/GEANT3/v2-7-61
OPENSSL_ROOT=/cvmfs/alice.cern.ch/el6-x86_64/Packages/OpenSSL/v1.0.2o_JALIEN-5
ALIEN_SE_MSS=File
SLURM_JOB_UID=3343
LOADEDMODULES=autotools:prun/1.3:gnu8/8.3.0:openmpi3/3.1.4:ohpc:BASE/1.0:AliEn/v2-19-395:Toolchain/GCC-v7.3.0:GCC-Toolchain/v7.3.0-alice1-7:AliEn-Runtime/v2-19-le-71:zlib/v1.2.8-32:OpenSSL/v1.0.2o_JALIEN-5:libxml2/v2.9.3_JALIEN-6:libpng/v1.6.34-34:libffi/v3.2.1-5:FreeType/v2.6-64:Python/v3.6.10-12:Python-modules/1.0-52:XRootD/v4.11.1-11:GSL/v1.16-36:lzma/v5.2.3-12:ROOT/v6-18-04-alice1-8:DPMJET/v3.0.5-alice4-13:boost/v1.70.0-22:cgal/4.6.3-19:fastjet/v3.2.1_1.024-alice3-52:GEANT3/v2-7-61:GEANT4/v10.4.2-11:vgm/v4-4-71:GEANT4_VMC/v3-6-p6-2:Vc/1.4.1-7:xjalienfs/1.0.6-1:JAliEn-ROOT/0.5.4-2:AliRoot/v5-09-53_JALIEN-19:RooUnfold/V02-00-01-alice4-39:treelite/a7a0839-5:KFParticle/alice-v1.1-1-29:AliPhysics/vAN-20200311_JALIEN-1:APISCONFIG/V1.1x
_ModuleTable_Sz_=3
SYSTEM_LIBPATH=lib64
ALICE_PHYSICS=/cvmfs/alice.cern.ch/el6-x86_64/Packages/AliPhysics/vAN-20200311_JALIEN-1
ALIPHYSICS_VERSION=vAN-20200311_JALIEN-1
SLURM_NODEID=0
PYTHONHOME=/cvmfs/alice.cern.ch/el6-x86_64/Packages/Python/v3.6.10-12
APMON_CONFIG=lxcealice03.gsi.de
ALIEN_JOBAGENT_ID=32718_4298_43716
SLURM_SUBMIT_DIR=/tmp
SELINUX_LEVEL_REQUESTED=
SLURM_TASK_PID=43451
LMOD_CMD=/opt/ohpc/admin/lmod/lmod/libexec/lmod
SLURM_NPROCS=1
G4SAIDXSDATA=/cvmfs/alice.cern.ch/el6-x86_64/Packages/GEANT4/v10.4.2-11/share/Geant4-10.4.2/data/G4SAIDDATA1.1
ALIEN_PROCESSNAME=JOBAGENT
SLURM_CPUS_ON_NODE=2
SLURM_DISTRIBUTION=cyclic
PMIX_GDS_MODULE=ds21,ds12,hash
ALIEN_SITE_HOST=lxcealice03.gsi.de
GCLIENT_SERVER_RECONNECT=2
ALIEN_PERL=/cvmfs/alice.cern.ch/x86_64-2.6-gnu-4.1.2/Packages/AliEn/v2-19-395/bin/alien-perl
SLURM_PROCID=0
ENVIRONMENT=BATCH
HISTCONTROL=ignoredups
ROOTSYS=/cvmfs/alice.cern.ch/el6-x86_64/Packages/ROOT/v6-18-04-alice1-8
SLURM_JOB_NODELIST=lxbk0695
PMIX_DSTORE_21_BASE_PATH=/var/spool/slurm/d/pmix.1690425.0//pmix_dstor_ds21_43427
HOME=/containerHome/
SHLVL=7
PMIX_DSTORE_ESH_BASE_PATH=/var/spool/slurm/d/pmix.1690425.0//pmix_dstor_ds12_43427
ALIPHYSICS_RELEASE=vAN-20200311_JALIEN-1
SLURM_LOCALID=0
__LMOD_REF_COUNT_PATH=/opt/ohpc/pub/mpi/openmpi3-gnu8/3.1.4/bin:1;/opt/ohpc/pub/compiler/gcc/8.3.0/bin:1;/opt/ohpc/pub/utils/prun/1.3:1;/opt/ohpc/pub/utils/autotools/bin:1;/opt/ohpc/pub/bin:1;/usr/local/bin:1;/usr/bin:1;/usr/local/sbin:1;/usr/sbin:1
G4SYSTEM=Linux-g++
GCLIENT_RETRY_DAMPING=4.0
X509_USER_PROXY=/tmp/proxy.43469.1589686954
ALIEN_SaveSE=
PMIX_SECURITY_MODE=native,none
GSHELL_GCC=/usr/bin/gcc
SLURM_JOB_GID=1002
SLURM_JOB_CPUS_PER_NODE=2
SLURM_CLUSTER_NAME=virgo
no_proxy=localhost,127.0.0.1,10.10.0.0/16,chef.hpc.gsi.de,lxrpt4.gsi.de
MPI_DIR=/opt/ohpc/pub/mpi/openmpi3-gnu8/3.1.4
_ModuleTable002_=LjAiLFsibG9hZE9yZGVyIl09Myxwcm9wVD17fSxbInN0YWNrRGVwdGgiXT0xLFsic3RhdHVzIl09ImFjdGl2ZSIsWyJ1c2VyTmFtZSJdPSJnbnU4Iix9LG9ocGM9e1siZm4iXT0iL29wdC9vaHBjL3B1Yi9tb2R1bGVmaWxlcy9vaHBjIixbImZ1bGxOYW1lIl09Im9ocGMiLFsibG9hZE9yZGVyIl09NSxwcm9wVD17fSxbInN0YWNrRGVwdGgiXT0wLFsic3RhdHVzIl09ImFjdGl2ZSIsWyJ1c2VyTmFtZSJdPSJvaHBjIix9LG9wZW5tcGkzPXtbImZuIl09Ii9vcHQvb2hwYy9wdWIvbW9kdWxlZGVwcy9nbnU4L29wZW5tcGkzLzMuMS40IixbImZ1bGxOYW1lIl09Im9wZW5tcGkzLzMuMS40IixbImxvYWRPcmRlciJdPTQscHJvcFQ9e30sWyJzdGFja0RlcHRoIl09MSxbInN0YXR1cyJd
DYLD_LIBRARY_PATH=/cvmfs/alice.cern.ch/x86_64-2.6-gnu-4.1.2/Packages/AliEn/v2-19-395/lib:/cvmfs/alice.cern.ch/x86_64-2.6-gnu-4.1.2/Packages/AliEn/v2-19-395/lib:/cvmfs/alice.cern.ch/x86_64-2.6-gnu-4.1.2/Packages/AliEn/v2-19-395/api/lib:/cvmfs/alice.cern.ch/x86_64-2.6-gnu-4.1.2/Packages/AliEn/v2-19-395/globus/lib:/cvmfs/alice.cern.ch/x86_64-2.6-gnu-4.1.2/Packages/AliEn/v2-19-395/httpd/lib:/cvmfs/alice.cern.ch/x86_64-2.6-gnu-4.1.2/Packages/AliEn/v2-19-395/lib:/cvmfs/alice.cern.ch/x86_64-2.6-gnu-4.1.2/Packages/AliEn/v2-19-395/lib:/cvmfs/alice.cern.ch/x86_64-2.6-gnu-4.1.2/Packages/AliEn/v2-19-395/api/lib:/cvmfs/alice.cern.ch/x86_64-2.6-gnu-4.1.2/Packages/AliEn/v2-19-395/globus/lib:/cvmfs/alice.cern.ch/x86_64-2.6-gnu-4.1.2/Packages/AliEn/v2-19-395/httpd/lib:
ALIEN_USER=aliprod
SLURM_GTIDS=0
SLURM_SUBMIT_HOST=lxbk0695
__LMOD_REF_COUNT_INCLUDE=/opt/ohpc/pub/compiler/gcc/8.3.0/include:1
ALIROOT_VERSION=v5-09-53_JALIEN-19
PYTHON_ROOT=/cvmfs/alice.cern.ch/el6-x86_64/Packages/Python/v3.6.10-12
ALIEN_LD_LIBRARY_PATH=/cvmfs/alice.cern.ch/x86_64-2.6-gnu-4.1.2/Packages/AliEn/v2-19-395/lib:/cvmfs/alice.cern.ch/x86_64-2.6-gnu-4.1.2/Packages/AliEn/v2-19-395/api/lib:/cvmfs/alice.cern.ch/x86_64-2.6-gnu-4.1.2/Packages/AliEn/v2-19-395/globus/lib:/cvmfs/alice.cern.ch/x86_64-2.6-gnu-4.1.2/Packages/AliEn/v2-19-395/httpd/lib
SLURM_JOB_PARTITION=grid
SSH_ORIGINAL_COMMAND=sbatch --mem=4096
BASH_ENV=/opt/ohpc/admin/lmod/lmod/init/bash
JALIEN_TOKEN_CERT=-----BEGIN CERTIFICATE-----
MIIDZTCCAs6gAwIBAgIQeiKOq37DSgy46jvOZd0coTANBgkqhkiG9w0BAQsFADAw
MQswCQYDVQQGEwJjaDEOMAwGA1UEChMFQWxpRW4xETAPBgNVBAMTCEFsaUVuIENB
MB4XDTIwMDUxODA3MTc1MloXDTIwMDUxOTA5MTc1MlowfzELMAkGA1UEBhMCY2gx
DzANBgNVBAoMBkFsaUVuMjENMAsGA1UEAwwESm9iczERMA8GA1UEAwwIa3dpamV0
aHUxETAPBgNVBAsMCGt3aWpldGh1MSowKAYDVQQLDCFxdWV1ZWlkPTE4NzgyOTcx
NTkvcmVzdWJtaXNzaW9uPTAwggEiMA0GCSqGSIb3DQEBAQUAA4IBDwAwggEKAoIB
AQCVqCwXI6/RyNb1o7WxiV9EbHVj1xV3LWFARedfNkb1YOcaNV8i6GQvZl6UiGzn
GitX1ai+1G3OTO+z7yLR3hdN9CfciTbfuoondTT50kzTXifJJBApIjworX5C8VfU
hHTtQbb0Rg7PDWeBGDtdxz+gqGZ+dqw6EJUTygbyXp1ww6GaDMD/EFNq/YGBsya9
tZvikeurBRpxLBIxQUEo+k1Z2DuRCwT9rxs3apouNAe8uLDZcSJipR5i18CN6Qeu
42slYCTkZ7nLxYHIUUi2SMnsi5KeFCxK3IIMSS62MMT425LafukqDk2n9MlezM15
tKNefimydhvYe9DdSMqZjCUzAgMBAAGjgawwgakwHwYDVR0jBBgwFoAUxmKQWKJl
ypWfk/TO6c2H6l9W1OUwHQYDVR0OBBYEFBNdlkCJNaPuyk70oBWs3XfzFaJhMB0G
A1UdJQQWMBQGCCsGAQUFBwMCBggrBgEFBQcDATALBgNVHQ8EBAMCBeAwOwYDVR0R
BDQwMoIJbG9jYWxob3N0ghVsb2NhbGhvc3QubG9jYWxkb21haW6CCTEyNy4wLjAu
MYIDOjoxMA0GCSqGSIb3DQEBCwUAA4GBALQAag6mkpMbla792Tib4JwGIIsPf6Iy
tUGXH1BvAK0D19rpbztMHeP5SJEbJ2at6U4shckFk+/A6DWUfB7/kXhqDvBbW1zu
xmHYXnJLUOs6+5ze1Cgp1orsGg41Os/ueh27aReTMgW4155SvSVEuRjuAi5h4LB5
+3hRqEFz5TrW
-----END CERTIFICATE-----

LOGNAME=aliprod
PYTHONPATH=/cvmfs/alice.cern.ch/el6-x86_64/Packages/xjalienfs/1.0.6-1/lib/python3.6/site-packages:/cvmfs/alice.cern.ch/el6-x86_64/Packages/ROOT/v6-18-04-alice1-8/lib:/cvmfs/alice.cern.ch/el6-x86_64/Packages/Python-modules/1.0-52/share/python-modules/lib/python/site-packages:/cvmfs/alice.cern.ch/el6-x86_64/Packages/Python/v3.6.10-12/lib/python/site-packages:/cvmfs/alice.cern.ch/el6-x86_64/Packages/XRootD/v4.11.1-11/./lib/python3.6/site-packages
SLURM_STEP_NUM_TASKS=1
PMIX_BFROP_BUFFER_TYPE=PMIX_BFROP_BUFFER_NON_DESC
ALIEN_WORKDIR=/tmp/alien-job-1878297159
TMPBATCH=/tmp/
HTTPS_CERT_FILE=/tmp/proxy.43469.1589686954
GPU_DEVICE_ORDINAL=
SLURM_JOB_ACCOUNT=alicegrid
SSH_CONNECTION=140.181.60.25 51052 10.20.3.235 22
ALIEN_XRDCP_URL=root://lxalird.gsi.de:1094//06/51165/6bcb6ba4-98e8-11ea-b5c8-4b99e0eae53d
SLURM_JOB_NUM_NODES=1
LESSOPEN=||/usr/bin/lesspipe.sh %s
LMOD_SETTARG_FULL_SUPPORT=no
__LMOD_REF_COUNT_LD_LIBRARY_PATH=/opt/ohpc/pub/mpi/openmpi3-gnu8/3.1.4/lib:1;/opt/ohpc/pub/compiler/gcc/8.3.0/lib64:1
PKG_CONFIG_PATH=/opt/ohpc/pub/mpi/openmpi3-gnu8/3.1.4/lib/pkgconfig
PMIX_SERVER_TMPDIR=/var/spool/slurm/d/pmix.1690425.0/
SLURM_STEP_TASKS_PER_NODE=1
PROMPT_COMMAND=PS1="Singularity> "; unset PROMPT_COMMAND
KFPARTICLE_ROOT=/cvmfs/alice.cern.ch/el6-x86_64/Packages/KFParticle/alice-v1.1-1-29
SINGULARITY_CONTAINER=/cvmfs/alice.gsi.de/grid/images/alice.sif
LMOD_FULL_SETTARG_SUPPORT=no
LMOD_FAMILY_COMPILER=gnu8
SLURM_STEP_NODELIST=lxbk0695
PMIX_SYSTEM_TMPDIR=/tmp
ALIEN_SITE=GSI
XDG_RUNTIME_DIR=/run/user/3343
__LMOD_REF_COUNT_PKG_CONFIG_PATH=/opt/ohpc/pub/mpi/openmpi3-gnu8/3.1.4/lib/pkgconfig:1
PERL5DB=use Devel::Trace
GCLIENT_NOPROMPT=1
GCLIENT_RETRY_SLEEPTIME=2
LIBXML2_VERSION=v2.9.3_JALIEN-6
ROOUNFOLD_ROOT=/cvmfs/alice.cern.ch/el6-x86_64/Packages/RooUnfold/V02-00-01-alice4-39
LMOD_DIR=/opt/ohpc/admin/lmod/lmod/libexec
INCLUDE=/opt/ohpc/pub/compiler/gcc/8.3.0/include
__LMOD_REF_COUNT_MANPATH=/opt/ohpc/pub/mpi/openmpi3-gnu8/3.1.4/share/man:1;/opt/ohpc/pub/compiler/gcc/8.3.0/share/man:1;/opt/ohpc/pub/utils/autotools/share/man:1;/usr/local/share/man:1;/usr/share/man/overrides:1;/usr/share/man/en:1;/usr/share/man:1
SLURM_CPU_BIND=quiet,mask_cpu:0x00000000001000000000000000100000
BASEDIR=/cvmfs/alice.cern.ch/el6-x86_64/Packages
ALIEN_PATH=/cvmfs/alice.cern.ch/x86_64-2.6-gnu-4.1.2/Packages/AliEn/v2-19-395/bin:/cvmfs/alice.cern.ch/x86_64-2.6-gnu-4.1.2/Packages/AliEn/v2-19-395/api/bin:/cvmfs/alice.cern.ch/x86_64-2.6-gnu-4.1.2/Packages/AliEn/v2-19-395/globus/bin:/cvmfs/alice.cern.ch/x86_64-2.6-gnu-4.1.2/Packages/AliEn/v2-19-395/httpd/bin
G3SYS=/cvmfs/alice.cern.ch/el6-x86_64/Packages/GEANT3/v2-7-61
SLURM_MEM_PER_NODE=4096
LMOD_COLORIZE=no
LMOD_FAMILY_MPI=openmpi3
ALIROOT_RELEASE=v5-09-53_JALIEN-19
PMIX_SERVER_URI2=pmix-server.43427;tcp4://127.0.0.1:45166
FASTJET=/cvmfs/alice.cern.ch/el6-x86_64/Packages/fastjet/v3.2.1_1.024-alice3-52
BASH_FUNC_module()=() {  eval $($LMOD_CMD bash "$@") && eval $(${LMOD_SETTARG_CMD:-:} -s sh)
}
BASH_FUNC_ml()=() {  eval $($LMOD_DIR/ml_cmd "$@")
}
_=/usr/bin/env
